<?xml version="1.0" encoding="UTF-8"?>
<testsuite xmlns:xsi="http://www.w3.org/2001/XMLSchema-instance" xsi:noNamespaceSchemaLocation="https://maven.apache.org/surefire/maven-surefire-plugin/xsd/surefire-test-report-3.0.xsd" version="3.0" name="TestSuite" time="452.419" tests="210" errors="0" skipped="191" failures="11">
  <properties>
    <property name="sun.desktop" value="windows"/>
    <property name="awt.toolkit" value="sun.awt.windows.WToolkit"/>
    <property name="java.specification.version" value="11"/>
    <property name="webdriver.chrome.driver" value="../Generic/BrowserDriver/windows/chromedriver.exe"/>
    <property name="sun.cpu.isalist" value="amd64"/>
    <property name="sun.jnu.encoding" value="Cp1252"/>
    <property name="java.class.path" value="C:\Study\Selenium\Selenium\Frameworks\WebAutomationFramework_Team1\Amazon\target\test-classes;C:\Study\Selenium\Selenium\Frameworks\WebAutomationFramework_Team1\Amazon\target\classes;C:\Study\Selenium\Selenium\Frameworks\WebAutomationFramework_Team1\Generic\target\classes;C:\Users\Shakir\.m2\repository\org\seleniumhq\selenium\selenium-java\3.141.59\selenium-java-3.141.59.jar;C:\Users\Shakir\.m2\repository\org\seleniumhq\selenium\selenium-api\3.141.59\selenium-api-3.141.59.jar;C:\Users\Shakir\.m2\repository\org\seleniumhq\selenium\selenium-chrome-driver\3.141.59\selenium-chrome-driver-3.141.59.jar;C:\Users\Shakir\.m2\repository\org\seleniumhq\selenium\selenium-edge-driver\3.141.59\selenium-edge-driver-3.141.59.jar;C:\Users\Shakir\.m2\repository\org\seleniumhq\selenium\selenium-firefox-driver\3.141.59\selenium-firefox-driver-3.141.59.jar;C:\Users\Shakir\.m2\repository\org\seleniumhq\selenium\selenium-ie-driver\3.141.59\selenium-ie-driver-3.141.59.jar;C:\Users\Shakir\.m2\repository\org\seleniumhq\selenium\selenium-opera-driver\3.141.59\selenium-opera-driver-3.141.59.jar;C:\Users\Shakir\.m2\repository\org\seleniumhq\selenium\selenium-remote-driver\3.141.59\selenium-remote-driver-3.141.59.jar;C:\Users\Shakir\.m2\repository\org\seleniumhq\selenium\selenium-safari-driver\3.141.59\selenium-safari-driver-3.141.59.jar;C:\Users\Shakir\.m2\repository\org\seleniumhq\selenium\selenium-support\3.141.59\selenium-support-3.141.59.jar;C:\Users\Shakir\.m2\repository\net\bytebuddy\byte-buddy\1.8.15\byte-buddy-1.8.15.jar;C:\Users\Shakir\.m2\repository\org\apache\commons\commons-exec\1.3\commons-exec-1.3.jar;C:\Users\Shakir\.m2\repository\com\google\guava\guava\25.0-jre\guava-25.0-jre.jar;C:\Users\Shakir\.m2\repository\com\google\code\findbugs\jsr305\1.3.9\jsr305-1.3.9.jar;C:\Users\Shakir\.m2\repository\org\checkerframework\checker-compat-qual\2.0.0\checker-compat-qual-2.0.0.jar;C:\Users\Shakir\.m2\repository\com\google\errorprone\error_prone_annotations\2.1.3\error_prone_annotations-2.1.3.jar;C:\Users\Shakir\.m2\repository\com\google\j2objc\j2objc-annotations\1.1\j2objc-annotations-1.1.jar;C:\Users\Shakir\.m2\repository\org\codehaus\mojo\animal-sniffer-annotations\1.14\animal-sniffer-annotations-1.14.jar;C:\Users\Shakir\.m2\repository\com\squareup\okhttp3\okhttp\3.11.0\okhttp-3.11.0.jar;C:\Users\Shakir\.m2\repository\com\squareup\okio\okio\1.14.0\okio-1.14.0.jar;C:\Users\Shakir\.m2\repository\org\seleniumhq\selenium\selenium-server\3.141.59\selenium-server-3.141.59.jar;C:\Users\Shakir\.m2\repository\com\beust\jcommander\1.72\jcommander-1.72.jar;C:\Users\Shakir\.m2\repository\net\jcip\jcip-annotations\1.0\jcip-annotations-1.0.jar;C:\Users\Shakir\.m2\repository\org\seleniumhq\selenium\jetty-repacked\9.4.12.v20180830\jetty-repacked-9.4.12.v20180830.jar;C:\Users\Shakir\.m2\repository\javax\servlet\javax.servlet-api\3.1.0\javax.servlet-api-3.1.0.jar;C:\Users\Shakir\.m2\repository\org\yaml\snakeyaml\1.19\snakeyaml-1.19.jar;C:\Users\Shakir\.m2\repository\org\testng\testng\7.1.0\testng-7.1.0.jar;C:\Users\Shakir\.m2\repository\com\google\inject\guice\4.1.0\guice-4.1.0-no_aop.jar;C:\Users\Shakir\.m2\repository\javax\inject\javax.inject\1\javax.inject-1.jar;C:\Users\Shakir\.m2\repository\aopalliance\aopalliance\1.0\aopalliance-1.0.jar;C:\Users\Shakir\.m2\repository\io\github\bonigarcia\webdrivermanager\4.2.0\webdrivermanager-4.2.0.jar;C:\Users\Shakir\.m2\repository\org\slf4j\slf4j-api\1.7.30\slf4j-api-1.7.30.jar;C:\Users\Shakir\.m2\repository\com\google\code\gson\gson\2.8.6\gson-2.8.6.jar;C:\Users\Shakir\.m2\repository\org\apache\httpcomponents\client5\httpclient5\5.0.1\httpclient5-5.0.1.jar;C:\Users\Shakir\.m2\repository\org\apache\httpcomponents\core5\httpcore5\5.0.1\httpcore5-5.0.1.jar;C:\Users\Shakir\.m2\repository\org\apache\httpcomponents\core5\httpcore5-h2\5.0.1\httpcore5-h2-5.0.1.jar;C:\Users\Shakir\.m2\repository\org\rauschig\jarchivelib\1.0.0\jarchivelib-1.0.0.jar;C:\Users\Shakir\.m2\repository\org\jsoup\jsoup\1.13.1\jsoup-1.13.1.jar;C:\Users\Shakir\.m2\repository\org\mongodb\mongo-java-driver\3.12.7\mongo-java-driver-3.12.7.jar;C:\Users\Shakir\.m2\repository\mysql\mysql-connector-java\8.0.21\mysql-connector-java-8.0.21.jar;C:\Users\Shakir\.m2\repository\com\google\protobuf\protobuf-java\3.11.4\protobuf-java-3.11.4.jar;C:\Users\Shakir\.m2\repository\org\apache\poi\poi\4.1.2\poi-4.1.2.jar;C:\Users\Shakir\.m2\repository\commons-codec\commons-codec\1.13\commons-codec-1.13.jar;C:\Users\Shakir\.m2\repository\org\apache\commons\commons-collections4\4.4\commons-collections4-4.4.jar;C:\Users\Shakir\.m2\repository\org\apache\commons\commons-math3\3.6.1\commons-math3-3.6.1.jar;C:\Users\Shakir\.m2\repository\com\zaxxer\SparseBitSet\1.2\SparseBitSet-1.2.jar;C:\Users\Shakir\.m2\repository\org\apache\poi\poi-ooxml\4.1.2\poi-ooxml-4.1.2.jar;C:\Users\Shakir\.m2\repository\org\apache\poi\poi-ooxml-schemas\4.1.2\poi-ooxml-schemas-4.1.2.jar;C:\Users\Shakir\.m2\repository\org\apache\xmlbeans\xmlbeans\3.1.0\xmlbeans-3.1.0.jar;C:\Users\Shakir\.m2\repository\org\apache\commons\commons-compress\1.19\commons-compress-1.19.jar;C:\Users\Shakir\.m2\repository\com\github\virtuald\curvesapi\1.06\curvesapi-1.06.jar;C:\Users\Shakir\.m2\repository\com\aventstack\extentreports\5.0.3\extentreports-5.0.3.jar;C:\Users\Shakir\.m2\repository\io\reactivex\rxjava3\rxjava\3.0.4\rxjava-3.0.4.jar;C:\Users\Shakir\.m2\repository\org\reactivestreams\reactive-streams\1.0.3\reactive-streams-1.0.3.jar;C:\Users\Shakir\.m2\repository\org\freemarker\freemarker\2.3.30\freemarker-2.3.30.jar;C:\Users\Shakir\.m2\repository\org\projectlombok\lombok\1.18.12\lombok-1.18.12.jar;C:\Users\Shakir\.m2\repository\com\relevantcodes\extentreports\2.41.2\extentreports-2.41.2.jar;C:\Users\Shakir\.m2\repository\org\xerial\sqlite-jdbc\3.8.11.1\sqlite-jdbc-3.8.11.1.jar;C:\Users\Shakir\.m2\repository\org\mongodb\mongodb-driver\3.0.4\mongodb-driver-3.0.4.jar;C:\Users\Shakir\.m2\repository\org\mongodb\bson\3.0.4\bson-3.0.4.jar;C:\Users\Shakir\.m2\repository\org\mongodb\mongodb-driver-core\3.0.4\mongodb-driver-core-3.0.4.jar;C:\Users\Shakir\.m2\repository\org\apache\commons\commons-lang3\3.11\commons-lang3-3.11.jar;C:\Users\Shakir\.m2\repository\commons-io\commons-io\2.7\commons-io-2.7.jar;C:\Users\Shakir\.m2\repository\com\github\javafaker\javafaker\1.0.2\javafaker-1.0.2.jar;C:\Users\Shakir\.m2\repository\org\yaml\snakeyaml\1.23\snakeyaml-1.23-android.jar;C:\Users\Shakir\.m2\repository\com\github\mifmif\generex\1.0.2\generex-1.0.2.jar;C:\Users\Shakir\.m2\repository\dk\brics\automaton\automaton\1.11-8\automaton-1.11-8.jar;"/>
    <property name="java.vm.vendor" value="Amazon.com Inc."/>
    <property name="sun.arch.data.model" value="64"/>
    <property name="user.variant" value=""/>
    <property name="java.vendor.url" value="https://aws.amazon.com/corretto/"/>
    <property name="user.timezone" value="America/Los_Angeles"/>
    <property name="java.vm.specification.version" value="11"/>
    <property name="os.name" value="Windows 10"/>
    <property name="sun.java.launcher" value="SUN_STANDARD"/>
    <property name="user.country" value="CA"/>
    <property name="sun.boot.library.path" value="C:\Program Files\Amazon Corretto\jdk11.0.5_10\bin"/>
    <property name="sun.java.command" value="C:\Users\Shakir\AppData\Local\Temp\surefire16798102396958706971\surefirebooter16166418670185878915.jar C:\Users\Shakir\AppData\Local\Temp\surefire16798102396958706971 2020-09-25T23-21-27_127-jvmRun1 surefire16749366857610949190tmp surefire_012822956513486845922tmp"/>
    <property name="jdk.debug" value="release"/>
    <property name="surefire.test.class.path" value="C:\Study\Selenium\Selenium\Frameworks\WebAutomationFramework_Team1\Amazon\target\test-classes;C:\Study\Selenium\Selenium\Frameworks\WebAutomationFramework_Team1\Amazon\target\classes;C:\Study\Selenium\Selenium\Frameworks\WebAutomationFramework_Team1\Generic\target\classes;C:\Users\Shakir\.m2\repository\org\seleniumhq\selenium\selenium-java\3.141.59\selenium-java-3.141.59.jar;C:\Users\Shakir\.m2\repository\org\seleniumhq\selenium\selenium-api\3.141.59\selenium-api-3.141.59.jar;C:\Users\Shakir\.m2\repository\org\seleniumhq\selenium\selenium-chrome-driver\3.141.59\selenium-chrome-driver-3.141.59.jar;C:\Users\Shakir\.m2\repository\org\seleniumhq\selenium\selenium-edge-driver\3.141.59\selenium-edge-driver-3.141.59.jar;C:\Users\Shakir\.m2\repository\org\seleniumhq\selenium\selenium-firefox-driver\3.141.59\selenium-firefox-driver-3.141.59.jar;C:\Users\Shakir\.m2\repository\org\seleniumhq\selenium\selenium-ie-driver\3.141.59\selenium-ie-driver-3.141.59.jar;C:\Users\Shakir\.m2\repository\org\seleniumhq\selenium\selenium-opera-driver\3.141.59\selenium-opera-driver-3.141.59.jar;C:\Users\Shakir\.m2\repository\org\seleniumhq\selenium\selenium-remote-driver\3.141.59\selenium-remote-driver-3.141.59.jar;C:\Users\Shakir\.m2\repository\org\seleniumhq\selenium\selenium-safari-driver\3.141.59\selenium-safari-driver-3.141.59.jar;C:\Users\Shakir\.m2\repository\org\seleniumhq\selenium\selenium-support\3.141.59\selenium-support-3.141.59.jar;C:\Users\Shakir\.m2\repository\net\bytebuddy\byte-buddy\1.8.15\byte-buddy-1.8.15.jar;C:\Users\Shakir\.m2\repository\org\apache\commons\commons-exec\1.3\commons-exec-1.3.jar;C:\Users\Shakir\.m2\repository\com\google\guava\guava\25.0-jre\guava-25.0-jre.jar;C:\Users\Shakir\.m2\repository\com\google\code\findbugs\jsr305\1.3.9\jsr305-1.3.9.jar;C:\Users\Shakir\.m2\repository\org\checkerframework\checker-compat-qual\2.0.0\checker-compat-qual-2.0.0.jar;C:\Users\Shakir\.m2\repository\com\google\errorprone\error_prone_annotations\2.1.3\error_prone_annotations-2.1.3.jar;C:\Users\Shakir\.m2\repository\com\google\j2objc\j2objc-annotations\1.1\j2objc-annotations-1.1.jar;C:\Users\Shakir\.m2\repository\org\codehaus\mojo\animal-sniffer-annotations\1.14\animal-sniffer-annotations-1.14.jar;C:\Users\Shakir\.m2\repository\com\squareup\okhttp3\okhttp\3.11.0\okhttp-3.11.0.jar;C:\Users\Shakir\.m2\repository\com\squareup\okio\okio\1.14.0\okio-1.14.0.jar;C:\Users\Shakir\.m2\repository\org\seleniumhq\selenium\selenium-server\3.141.59\selenium-server-3.141.59.jar;C:\Users\Shakir\.m2\repository\com\beust\jcommander\1.72\jcommander-1.72.jar;C:\Users\Shakir\.m2\repository\net\jcip\jcip-annotations\1.0\jcip-annotations-1.0.jar;C:\Users\Shakir\.m2\repository\org\seleniumhq\selenium\jetty-repacked\9.4.12.v20180830\jetty-repacked-9.4.12.v20180830.jar;C:\Users\Shakir\.m2\repository\javax\servlet\javax.servlet-api\3.1.0\javax.servlet-api-3.1.0.jar;C:\Users\Shakir\.m2\repository\org\yaml\snakeyaml\1.19\snakeyaml-1.19.jar;C:\Users\Shakir\.m2\repository\org\testng\testng\7.1.0\testng-7.1.0.jar;C:\Users\Shakir\.m2\repository\com\google\inject\guice\4.1.0\guice-4.1.0-no_aop.jar;C:\Users\Shakir\.m2\repository\javax\inject\javax.inject\1\javax.inject-1.jar;C:\Users\Shakir\.m2\repository\aopalliance\aopalliance\1.0\aopalliance-1.0.jar;C:\Users\Shakir\.m2\repository\io\github\bonigarcia\webdrivermanager\4.2.0\webdrivermanager-4.2.0.jar;C:\Users\Shakir\.m2\repository\org\slf4j\slf4j-api\1.7.30\slf4j-api-1.7.30.jar;C:\Users\Shakir\.m2\repository\com\google\code\gson\gson\2.8.6\gson-2.8.6.jar;C:\Users\Shakir\.m2\repository\org\apache\httpcomponents\client5\httpclient5\5.0.1\httpclient5-5.0.1.jar;C:\Users\Shakir\.m2\repository\org\apache\httpcomponents\core5\httpcore5\5.0.1\httpcore5-5.0.1.jar;C:\Users\Shakir\.m2\repository\org\apache\httpcomponents\core5\httpcore5-h2\5.0.1\httpcore5-h2-5.0.1.jar;C:\Users\Shakir\.m2\repository\org\rauschig\jarchivelib\1.0.0\jarchivelib-1.0.0.jar;C:\Users\Shakir\.m2\repository\org\jsoup\jsoup\1.13.1\jsoup-1.13.1.jar;C:\Users\Shakir\.m2\repository\org\mongodb\mongo-java-driver\3.12.7\mongo-java-driver-3.12.7.jar;C:\Users\Shakir\.m2\repository\mysql\mysql-connector-java\8.0.21\mysql-connector-java-8.0.21.jar;C:\Users\Shakir\.m2\repository\com\google\protobuf\protobuf-java\3.11.4\protobuf-java-3.11.4.jar;C:\Users\Shakir\.m2\repository\org\apache\poi\poi\4.1.2\poi-4.1.2.jar;C:\Users\Shakir\.m2\repository\commons-codec\commons-codec\1.13\commons-codec-1.13.jar;C:\Users\Shakir\.m2\repository\org\apache\commons\commons-collections4\4.4\commons-collections4-4.4.jar;C:\Users\Shakir\.m2\repository\org\apache\commons\commons-math3\3.6.1\commons-math3-3.6.1.jar;C:\Users\Shakir\.m2\repository\com\zaxxer\SparseBitSet\1.2\SparseBitSet-1.2.jar;C:\Users\Shakir\.m2\repository\org\apache\poi\poi-ooxml\4.1.2\poi-ooxml-4.1.2.jar;C:\Users\Shakir\.m2\repository\org\apache\poi\poi-ooxml-schemas\4.1.2\poi-ooxml-schemas-4.1.2.jar;C:\Users\Shakir\.m2\repository\org\apache\xmlbeans\xmlbeans\3.1.0\xmlbeans-3.1.0.jar;C:\Users\Shakir\.m2\repository\org\apache\commons\commons-compress\1.19\commons-compress-1.19.jar;C:\Users\Shakir\.m2\repository\com\github\virtuald\curvesapi\1.06\curvesapi-1.06.jar;C:\Users\Shakir\.m2\repository\com\aventstack\extentreports\5.0.3\extentreports-5.0.3.jar;C:\Users\Shakir\.m2\repository\io\reactivex\rxjava3\rxjava\3.0.4\rxjava-3.0.4.jar;C:\Users\Shakir\.m2\repository\org\reactivestreams\reactive-streams\1.0.3\reactive-streams-1.0.3.jar;C:\Users\Shakir\.m2\repository\org\freemarker\freemarker\2.3.30\freemarker-2.3.30.jar;C:\Users\Shakir\.m2\repository\org\projectlombok\lombok\1.18.12\lombok-1.18.12.jar;C:\Users\Shakir\.m2\repository\com\relevantcodes\extentreports\2.41.2\extentreports-2.41.2.jar;C:\Users\Shakir\.m2\repository\org\xerial\sqlite-jdbc\3.8.11.1\sqlite-jdbc-3.8.11.1.jar;C:\Users\Shakir\.m2\repository\org\mongodb\mongodb-driver\3.0.4\mongodb-driver-3.0.4.jar;C:\Users\Shakir\.m2\repository\org\mongodb\bson\3.0.4\bson-3.0.4.jar;C:\Users\Shakir\.m2\repository\org\mongodb\mongodb-driver-core\3.0.4\mongodb-driver-core-3.0.4.jar;C:\Users\Shakir\.m2\repository\org\apache\commons\commons-lang3\3.11\commons-lang3-3.11.jar;C:\Users\Shakir\.m2\repository\commons-io\commons-io\2.7\commons-io-2.7.jar;C:\Users\Shakir\.m2\repository\com\github\javafaker\javafaker\1.0.2\javafaker-1.0.2.jar;C:\Users\Shakir\.m2\repository\org\yaml\snakeyaml\1.23\snakeyaml-1.23-android.jar;C:\Users\Shakir\.m2\repository\com\github\mifmif\generex\1.0.2\generex-1.0.2.jar;C:\Users\Shakir\.m2\repository\dk\brics\automaton\automaton\1.11-8\automaton-1.11-8.jar;"/>
    <property name="sun.cpu.endian" value="little"/>
    <property name="user.home" value="C:\Users\Shakir"/>
    <property name="user.language" value="en"/>
    <property name="java.specification.vendor" value="Oracle Corporation"/>
    <property name="java.version.date" value="2019-10-15"/>
    <property name="java.home" value="C:\Program Files\Amazon Corretto\jdk11.0.5_10"/>
    <property name="file.separator" value="\"/>
    <property name="basedir" value="C:\Study\Selenium\Selenium\Frameworks\WebAutomationFramework_Team1\Amazon"/>
    <property name="java.vm.compressedOopsMode" value="Zero based"/>
    <property name="line.separator" value="&#10;"/>
    <property name="java.specification.name" value="Java Platform API Specification"/>
    <property name="java.vm.specification.vendor" value="Oracle Corporation"/>
    <property name="java.awt.graphicsenv" value="sun.awt.Win32GraphicsEnvironment"/>
    <property name="surefire.real.class.path" value="C:\Users\Shakir\AppData\Local\Temp\surefire16798102396958706971\surefirebooter16166418670185878915.jar"/>
    <property name="user.script" value=""/>
    <property name="sun.management.compiler" value="HotSpot 64-Bit Tiered Compilers"/>
    <property name="java.runtime.version" value="11.0.5+10-LTS"/>
    <property name="user.name" value="Shakir"/>
    <property name="path.separator" value=";"/>
    <property name="os.version" value="10.0"/>
    <property name="java.runtime.name" value="OpenJDK Runtime Environment"/>
    <property name="file.encoding" value="Cp1252"/>
    <property name="java.vm.name" value="OpenJDK 64-Bit Server VM"/>
    <property name="java.vendor.version" value="Corretto-11.0.5.10.1"/>
    <property name="localRepository" value="C:\Users\Shakir\.m2\repository"/>
    <property name="java.vendor.url.bug" value="https://github.com/corretto/corretto-11/issues/"/>
    <property name="java.io.tmpdir" value="C:\Users\Shakir\AppData\Local\Temp\"/>
    <property name="java.version" value="11.0.5"/>
    <property name="user.dir" value="C:\Study\Selenium\Selenium\Frameworks\WebAutomationFramework_Team1\Amazon"/>
    <property name="os.arch" value="amd64"/>
    <property name="java.vm.specification.name" value="Java Virtual Machine Specification"/>
    <property name="java.awt.printerjob" value="sun.awt.windows.WPrinterJob"/>
    <property name="sun.os.patch.level" value=""/>
    <property name="java.library.path" value="C:\Program Files\Amazon Corretto\jdk11.0.5_10\bin;C:\WINDOWS\Sun\Java\bin;C:\WINDOWS\system32;C:\WINDOWS;C:\Program Files (x86)\VMware\VMware Player\bin\;C:\Program Files\Java\jdk-11.0.7\bin;C:\Python27\;C:\Python27\Scripts;C:\Program Files\Amazon Corretto\jdk11.0.5_10\bin;C:\Program Files (x86)\Common Files\Oracle\Java\javapath;C:\WINDOWS\system32;C:\WINDOWS;C:\WINDOWS\System32\Wbem;C:\WINDOWS\System32\WindowsPowerShell\v1.0\;C:\WINDOWS\System32\OpenSSH\;C:\Maven\bin;C:\Program Files\nodejs\;C:\ProgramData\chocolatey\bin;C:\Program Files\Intel\WiFi\bin\;C:\Program Files\Common Files\Intel\WirelessCommon\;C:\Program Files (x86)\Intel\Intel(R) Management Engine Components\DAL;C:\Program Files\Intel\Intel(R) Management Engine Components\DAL;C:\Program Files\Git\cmd;C:\Program Files\MongoDB\Server\4.4\bin;;C:\Program Files\Docker\Docker\resources\bin;C:\ProgramData\DockerDesktop\version-bin;C:\Program Files\PuTTY\;C:\Program Files\MySQL\MySQL Shell 8.0\bin\;C:\Python37\Scripts\;C:\Python37\;C:\Program Files\Java\jdk1.8.0_221\bin;%Maven_Home%bin;C:\Users\Shakir\AppData\Local\GitHubDesktop\bin;C:\Users\Shakir\AppData\Roaming\npm;C:\Program Files (x86)\Nmap;C:\Program Files\MySQL\MySQL Server 8.0\bin;;."/>
    <property name="java.vendor" value="Amazon.com Inc."/>
    <property name="java.vm.info" value="mixed mode"/>
    <property name="java.vm.version" value="11.0.5+10-LTS"/>
    <property name="sun.io.unicode.encoding" value="UnicodeLittle"/>
    <property name="java.class.version" value="55.0"/>
  </properties>
  <testcase name="TestValidateAllDropDown" classname="cart.CartTest" time="20.306">
    <failure message="no such element: Unable to locate element: {&quot;method&quot;:&quot;xpath&quot;,&quot;selector&quot;:&quot;//span[contains(text(),&apos;WDBPKJ0050BBK&apos;)]&quot;}&#10;  (Session info: chrome=85.0.4183.121)&#10;For documentation on this error, please visit: https://www.seleniumhq.org/exceptions/no_such_element.html&#10;Build info: version: &apos;3.141.59&apos;, revision: &apos;e82be7d358&apos;, time: &apos;2018-11-14T08:17:03&apos;&#10;System info: host: &apos;DESKTOP-F15B8L7&apos;, ip: &apos;169.254.252.52&apos;, os.name: &apos;Windows 10&apos;, os.arch: &apos;amd64&apos;, os.version: &apos;10.0&apos;, java.version: &apos;11.0.5&apos;&#10;Driver info: org.openqa.selenium.chrome.ChromeDriver&#10;Capabilities {acceptInsecureCerts: false, browserName: chrome, browserVersion: 85.0.4183.121, chrome: {chromedriverVersion: 84.0.4147.30 (48b3e868b4cc0..., userDataDir: C:\Users\Shakir\AppData\Loc...}, goog:chromeOptions: {debuggerAddress: localhost:24971}, javascriptEnabled: true, networkConnectionEnabled: false, pageLoadStrategy: normal, platform: WINDOWS, platformName: WINDOWS, proxy: Proxy(), setWindowRect: true, strictFileInteractability: false, timeouts: {implicit: 0, pageLoad: 300000, script: 30000}, unhandledPromptBehavior: dismiss and notify, webauthn:virtualAuthenticators: true}&#10;Session ID: cff95eedec3eac9ff1a353bfb95796f1&#10;*** Element info: {Using=xpath, value=//span[contains(text(),&apos;WDBPKJ0050BBK&apos;)]}" type="org.openqa.selenium.NoSuchElementException"><![CDATA[org.openqa.selenium.NoSuchElementException: 
no such element: Unable to locate element: {"method":"xpath","selector":"//span[contains(text(),'WDBPKJ0050BBK')]"}
  (Session info: chrome=85.0.4183.121)
For documentation on this error, please visit: https://www.seleniumhq.org/exceptions/no_such_element.html
Build info: version: '3.141.59', revision: 'e82be7d358', time: '2018-11-14T08:17:03'
System info: host: 'DESKTOP-F15B8L7', ip: '169.254.252.52', os.name: 'Windows 10', os.arch: 'amd64', os.version: '10.0', java.version: '11.0.5'
Driver info: org.openqa.selenium.chrome.ChromeDriver
Capabilities {acceptInsecureCerts: false, browserName: chrome, browserVersion: 85.0.4183.121, chrome: {chromedriverVersion: 84.0.4147.30 (48b3e868b4cc0..., userDataDir: C:\Users\Shakir\AppData\Loc...}, goog:chromeOptions: {debuggerAddress: localhost:24971}, javascriptEnabled: true, networkConnectionEnabled: false, pageLoadStrategy: normal, platform: WINDOWS, platformName: WINDOWS, proxy: Proxy(), setWindowRect: true, strictFileInteractability: false, timeouts: {implicit: 0, pageLoad: 300000, script: 30000}, unhandledPromptBehavior: dismiss and notify, webauthn:virtualAuthenticators: true}
Session ID: cff95eedec3eac9ff1a353bfb95796f1
*** Element info: {Using=xpath, value=//span[contains(text(),'WDBPKJ0050BBK')]}
	at cart.CartTest.TestValidateAllDropDown(CartTest.java:56)
]]></failure>
    <system-out><![CDATA[Extent Report DirectoryC:\Study\Selenium\Selenium\Frameworks\WebAutomationFramework_Team1\Amazon\target\surefire-reports\html
CartTest: Test Validate All Drop Down
]]></system-out>
    <system-err><![CDATA[Starting ChromeDriver 84.0.4147.30 (48b3e868b4cc0aa7e8149519690b6f6949e110a8-refs/branch-heads/4147@{#310}) on port 45210
Only local connections are allowed.
Please see https://chromedriver.chromium.org/security-considerations for suggestions on keeping ChromeDriver safe.
ChromeDriver was started successfully.
[1601101298.993][WARNING]: This version of ChromeDriver has not been tested with Chrome version 85.
Sep. 25, 2020 11:21:41 P.M. org.openqa.selenium.remote.ProtocolHandshake createSession
INFO: Detected dialect: W3C
]]></system-err>
  </testcase>
  <testcase name="testCheckoutAfterAddingAnItemToCart" classname="cart.CartTest" time="7.888">
    <failure message="no such element: Unable to locate element: {&quot;method&quot;:&quot;xpath&quot;,&quot;selector&quot;:&quot;//span[contains(text(),&apos;WDBPKJ0050BBK&apos;)]&quot;}&#10;  (Session info: chrome=85.0.4183.121)&#10;For documentation on this error, please visit: https://www.seleniumhq.org/exceptions/no_such_element.html&#10;Build info: version: &apos;3.141.59&apos;, revision: &apos;e82be7d358&apos;, time: &apos;2018-11-14T08:17:03&apos;&#10;System info: host: &apos;DESKTOP-F15B8L7&apos;, ip: &apos;169.254.252.52&apos;, os.name: &apos;Windows 10&apos;, os.arch: &apos;amd64&apos;, os.version: &apos;10.0&apos;, java.version: &apos;11.0.5&apos;&#10;Driver info: org.openqa.selenium.chrome.ChromeDriver&#10;Capabilities {acceptInsecureCerts: false, browserName: chrome, browserVersion: 85.0.4183.121, chrome: {chromedriverVersion: 84.0.4147.30 (48b3e868b4cc0..., userDataDir: C:\Users\Shakir\AppData\Loc...}, goog:chromeOptions: {debuggerAddress: localhost:25069}, javascriptEnabled: true, networkConnectionEnabled: false, pageLoadStrategy: normal, platform: WINDOWS, platformName: WINDOWS, proxy: Proxy(), setWindowRect: true, strictFileInteractability: false, timeouts: {implicit: 0, pageLoad: 300000, script: 30000}, unhandledPromptBehavior: dismiss and notify, webauthn:virtualAuthenticators: true}&#10;Session ID: 517e686b6d98de8842fb744a2a1e45b8&#10;*** Element info: {Using=xpath, value=//span[contains(text(),&apos;WDBPKJ0050BBK&apos;)]}" type="org.openqa.selenium.NoSuchElementException"><![CDATA[org.openqa.selenium.NoSuchElementException: 
no such element: Unable to locate element: {"method":"xpath","selector":"//span[contains(text(),'WDBPKJ0050BBK')]"}
  (Session info: chrome=85.0.4183.121)
For documentation on this error, please visit: https://www.seleniumhq.org/exceptions/no_such_element.html
Build info: version: '3.141.59', revision: 'e82be7d358', time: '2018-11-14T08:17:03'
System info: host: 'DESKTOP-F15B8L7', ip: '169.254.252.52', os.name: 'Windows 10', os.arch: 'amd64', os.version: '10.0', java.version: '11.0.5'
Driver info: org.openqa.selenium.chrome.ChromeDriver
Capabilities {acceptInsecureCerts: false, browserName: chrome, browserVersion: 85.0.4183.121, chrome: {chromedriverVersion: 84.0.4147.30 (48b3e868b4cc0..., userDataDir: C:\Users\Shakir\AppData\Loc...}, goog:chromeOptions: {debuggerAddress: localhost:25069}, javascriptEnabled: true, networkConnectionEnabled: false, pageLoadStrategy: normal, platform: WINDOWS, platformName: WINDOWS, proxy: Proxy(), setWindowRect: true, strictFileInteractability: false, timeouts: {implicit: 0, pageLoad: 300000, script: 30000}, unhandledPromptBehavior: dismiss and notify, webauthn:virtualAuthenticators: true}
Session ID: 517e686b6d98de8842fb744a2a1e45b8
*** Element info: {Using=xpath, value=//span[contains(text(),'WDBPKJ0050BBK')]}
	at cart.CartTest.testCheckoutAfterAddingAnItemToCart(CartTest.java:48)
]]></failure>
    <system-out><![CDATA[Screenshot captured
CartTest: test Checkout After Adding An Item To Cart
]]></system-out>
    <system-err><![CDATA[Starting ChromeDriver 84.0.4147.30 (48b3e868b4cc0aa7e8149519690b6f6949e110a8-refs/branch-heads/4147@{#310}) on port 42909
Only local connections are allowed.
Please see https://chromedriver.chromium.org/security-considerations for suggestions on keeping ChromeDriver safe.
ChromeDriver was started successfully.
[1601101330.909][WARNING]: This version of ChromeDriver has not been tested with Chrome version 85.
Sep. 25, 2020 11:22:12 P.M. org.openqa.selenium.remote.ProtocolHandshake createSession
INFO: Detected dialect: W3C
]]></system-err>
  </testcase>
  <testcase name="testItemAddedToCartByGoingIntoCart" classname="cart.CartTest" time="7.779">
    <failure message="no such element: Unable to locate element: {&quot;method&quot;:&quot;xpath&quot;,&quot;selector&quot;:&quot;//span[contains(text(),&apos;WDBPKJ0050BBK&apos;)]&quot;}&#10;  (Session info: chrome=85.0.4183.121)&#10;For documentation on this error, please visit: https://www.seleniumhq.org/exceptions/no_such_element.html&#10;Build info: version: &apos;3.141.59&apos;, revision: &apos;e82be7d358&apos;, time: &apos;2018-11-14T08:17:03&apos;&#10;System info: host: &apos;DESKTOP-F15B8L7&apos;, ip: &apos;169.254.252.52&apos;, os.name: &apos;Windows 10&apos;, os.arch: &apos;amd64&apos;, os.version: &apos;10.0&apos;, java.version: &apos;11.0.5&apos;&#10;Driver info: org.openqa.selenium.chrome.ChromeDriver&#10;Capabilities {acceptInsecureCerts: false, browserName: chrome, browserVersion: 85.0.4183.121, chrome: {chromedriverVersion: 84.0.4147.30 (48b3e868b4cc0..., userDataDir: C:\Users\Shakir\AppData\Loc...}, goog:chromeOptions: {debuggerAddress: localhost:25164}, javascriptEnabled: true, networkConnectionEnabled: false, pageLoadStrategy: normal, platform: WINDOWS, platformName: WINDOWS, proxy: Proxy(), setWindowRect: true, strictFileInteractability: false, timeouts: {implicit: 0, pageLoad: 300000, script: 30000}, unhandledPromptBehavior: dismiss and notify, webauthn:virtualAuthenticators: true}&#10;Session ID: 85163cbed98b52f168e9423a75c65f62&#10;*** Element info: {Using=xpath, value=//span[contains(text(),&apos;WDBPKJ0050BBK&apos;)]}" type="org.openqa.selenium.NoSuchElementException"><![CDATA[org.openqa.selenium.NoSuchElementException: 
no such element: Unable to locate element: {"method":"xpath","selector":"//span[contains(text(),'WDBPKJ0050BBK')]"}
  (Session info: chrome=85.0.4183.121)
For documentation on this error, please visit: https://www.seleniumhq.org/exceptions/no_such_element.html
Build info: version: '3.141.59', revision: 'e82be7d358', time: '2018-11-14T08:17:03'
System info: host: 'DESKTOP-F15B8L7', ip: '169.254.252.52', os.name: 'Windows 10', os.arch: 'amd64', os.version: '10.0', java.version: '11.0.5'
Driver info: org.openqa.selenium.chrome.ChromeDriver
Capabilities {acceptInsecureCerts: false, browserName: chrome, browserVersion: 85.0.4183.121, chrome: {chromedriverVersion: 84.0.4147.30 (48b3e868b4cc0..., userDataDir: C:\Users\Shakir\AppData\Loc...}, goog:chromeOptions: {debuggerAddress: localhost:25164}, javascriptEnabled: true, networkConnectionEnabled: false, pageLoadStrategy: normal, platform: WINDOWS, platformName: WINDOWS, proxy: Proxy(), setWindowRect: true, strictFileInteractability: false, timeouts: {implicit: 0, pageLoad: 300000, script: 30000}, unhandledPromptBehavior: dismiss and notify, webauthn:virtualAuthenticators: true}
Session ID: 85163cbed98b52f168e9423a75c65f62
*** Element info: {Using=xpath, value=//span[contains(text(),'WDBPKJ0050BBK')]}
	at cart.CartTest.testItemAddedToCartByGoingIntoCart(CartTest.java:32)
]]></failure>
    <system-out><![CDATA[Screenshot captured
CartTest: test Item Added To Cart By Going Into Cart
]]></system-out>
    <system-err><![CDATA[Starting ChromeDriver 84.0.4147.30 (48b3e868b4cc0aa7e8149519690b6f6949e110a8-refs/branch-heads/4147@{#310}) on port 18895
Only local connections are allowed.
Please see https://chromedriver.chromium.org/security-considerations for suggestions on keeping ChromeDriver safe.
ChromeDriver was started successfully.
[1601101347.390][WARNING]: This version of ChromeDriver has not been tested with Chrome version 85.
Sep. 25, 2020 11:22:29 P.M. org.openqa.selenium.remote.ProtocolHandshake createSession
INFO: Detected dialect: W3C
]]></system-err>
  </testcase>
  <testcase name="testItemAddedToCartWithoutGoingIntoCart" classname="cart.CartTest" time="7.41">
    <failure message="no such element: Unable to locate element: {&quot;method&quot;:&quot;xpath&quot;,&quot;selector&quot;:&quot;//span[contains(text(),&apos;WDBPKJ0050BBK&apos;)]&quot;}&#10;  (Session info: chrome=85.0.4183.121)&#10;For documentation on this error, please visit: https://www.seleniumhq.org/exceptions/no_such_element.html&#10;Build info: version: &apos;3.141.59&apos;, revision: &apos;e82be7d358&apos;, time: &apos;2018-11-14T08:17:03&apos;&#10;System info: host: &apos;DESKTOP-F15B8L7&apos;, ip: &apos;169.254.252.52&apos;, os.name: &apos;Windows 10&apos;, os.arch: &apos;amd64&apos;, os.version: &apos;10.0&apos;, java.version: &apos;11.0.5&apos;&#10;Driver info: org.openqa.selenium.chrome.ChromeDriver&#10;Capabilities {acceptInsecureCerts: false, browserName: chrome, browserVersion: 85.0.4183.121, chrome: {chromedriverVersion: 84.0.4147.30 (48b3e868b4cc0..., userDataDir: C:\Users\Shakir\AppData\Loc...}, goog:chromeOptions: {debuggerAddress: localhost:25253}, javascriptEnabled: true, networkConnectionEnabled: false, pageLoadStrategy: normal, platform: WINDOWS, platformName: WINDOWS, proxy: Proxy(), setWindowRect: true, strictFileInteractability: false, timeouts: {implicit: 0, pageLoad: 300000, script: 30000}, unhandledPromptBehavior: dismiss and notify, webauthn:virtualAuthenticators: true}&#10;Session ID: 3843f5846967806f7625e2e8a4748d29&#10;*** Element info: {Using=xpath, value=//span[contains(text(),&apos;WDBPKJ0050BBK&apos;)]}" type="org.openqa.selenium.NoSuchElementException"><![CDATA[org.openqa.selenium.NoSuchElementException: 
no such element: Unable to locate element: {"method":"xpath","selector":"//span[contains(text(),'WDBPKJ0050BBK')]"}
  (Session info: chrome=85.0.4183.121)
For documentation on this error, please visit: https://www.seleniumhq.org/exceptions/no_such_element.html
Build info: version: '3.141.59', revision: 'e82be7d358', time: '2018-11-14T08:17:03'
System info: host: 'DESKTOP-F15B8L7', ip: '169.254.252.52', os.name: 'Windows 10', os.arch: 'amd64', os.version: '10.0', java.version: '11.0.5'
Driver info: org.openqa.selenium.chrome.ChromeDriver
Capabilities {acceptInsecureCerts: false, browserName: chrome, browserVersion: 85.0.4183.121, chrome: {chromedriverVersion: 84.0.4147.30 (48b3e868b4cc0..., userDataDir: C:\Users\Shakir\AppData\Loc...}, goog:chromeOptions: {debuggerAddress: localhost:25253}, javascriptEnabled: true, networkConnectionEnabled: false, pageLoadStrategy: normal, platform: WINDOWS, platformName: WINDOWS, proxy: Proxy(), setWindowRect: true, strictFileInteractability: false, timeouts: {implicit: 0, pageLoad: 300000, script: 30000}, unhandledPromptBehavior: dismiss and notify, webauthn:virtualAuthenticators: true}
Session ID: 3843f5846967806f7625e2e8a4748d29
*** Element info: {Using=xpath, value=//span[contains(text(),'WDBPKJ0050BBK')]}
	at cart.CartTest.testItemAddedToCartWithoutGoingIntoCart(CartTest.java:24)
]]></failure>
    <system-out><![CDATA[Screenshot captured
CartTest: test Item Added To Cart Without Going Into Cart
]]></system-out>
    <system-err><![CDATA[Starting ChromeDriver 84.0.4147.30 (48b3e868b4cc0aa7e8149519690b6f6949e110a8-refs/branch-heads/4147@{#310}) on port 34301
Only local connections are allowed.
Please see https://chromedriver.chromium.org/security-considerations for suggestions on keeping ChromeDriver safe.
ChromeDriver was started successfully.
[1601101362.786][WARNING]: This version of ChromeDriver has not been tested with Chrome version 85.
Sep. 25, 2020 11:22:44 P.M. org.openqa.selenium.remote.ProtocolHandshake createSession
INFO: Detected dialect: W3C
]]></system-err>
  </testcase>
  <testcase name="testItemDeletedFromCart" classname="cart.CartTest" time="7.401">
    <failure message="no such element: Unable to locate element: {&quot;method&quot;:&quot;xpath&quot;,&quot;selector&quot;:&quot;//span[contains(text(),&apos;WDBPKJ0050BBK&apos;)]&quot;}&#10;  (Session info: chrome=85.0.4183.121)&#10;For documentation on this error, please visit: https://www.seleniumhq.org/exceptions/no_such_element.html&#10;Build info: version: &apos;3.141.59&apos;, revision: &apos;e82be7d358&apos;, time: &apos;2018-11-14T08:17:03&apos;&#10;System info: host: &apos;DESKTOP-F15B8L7&apos;, ip: &apos;169.254.252.52&apos;, os.name: &apos;Windows 10&apos;, os.arch: &apos;amd64&apos;, os.version: &apos;10.0&apos;, java.version: &apos;11.0.5&apos;&#10;Driver info: org.openqa.selenium.chrome.ChromeDriver&#10;Capabilities {acceptInsecureCerts: false, browserName: chrome, browserVersion: 85.0.4183.121, chrome: {chromedriverVersion: 84.0.4147.30 (48b3e868b4cc0..., userDataDir: C:\Users\Shakir\AppData\Loc...}, goog:chromeOptions: {debuggerAddress: localhost:25341}, javascriptEnabled: true, networkConnectionEnabled: false, pageLoadStrategy: normal, platform: WINDOWS, platformName: WINDOWS, proxy: Proxy(), setWindowRect: true, strictFileInteractability: false, timeouts: {implicit: 0, pageLoad: 300000, script: 30000}, unhandledPromptBehavior: dismiss and notify, webauthn:virtualAuthenticators: true}&#10;Session ID: fb948533160872e4bfb6267ff6deaa43&#10;*** Element info: {Using=xpath, value=//span[contains(text(),&apos;WDBPKJ0050BBK&apos;)]}" type="org.openqa.selenium.NoSuchElementException"><![CDATA[org.openqa.selenium.NoSuchElementException: 
no such element: Unable to locate element: {"method":"xpath","selector":"//span[contains(text(),'WDBPKJ0050BBK')]"}
  (Session info: chrome=85.0.4183.121)
For documentation on this error, please visit: https://www.seleniumhq.org/exceptions/no_such_element.html
Build info: version: '3.141.59', revision: 'e82be7d358', time: '2018-11-14T08:17:03'
System info: host: 'DESKTOP-F15B8L7', ip: '169.254.252.52', os.name: 'Windows 10', os.arch: 'amd64', os.version: '10.0', java.version: '11.0.5'
Driver info: org.openqa.selenium.chrome.ChromeDriver
Capabilities {acceptInsecureCerts: false, browserName: chrome, browserVersion: 85.0.4183.121, chrome: {chromedriverVersion: 84.0.4147.30 (48b3e868b4cc0..., userDataDir: C:\Users\Shakir\AppData\Loc...}, goog:chromeOptions: {debuggerAddress: localhost:25341}, javascriptEnabled: true, networkConnectionEnabled: false, pageLoadStrategy: normal, platform: WINDOWS, platformName: WINDOWS, proxy: Proxy(), setWindowRect: true, strictFileInteractability: false, timeouts: {implicit: 0, pageLoad: 300000, script: 30000}, unhandledPromptBehavior: dismiss and notify, webauthn:virtualAuthenticators: true}
Session ID: fb948533160872e4bfb6267ff6deaa43
*** Element info: {Using=xpath, value=//span[contains(text(),'WDBPKJ0050BBK')]}
	at cart.CartTest.testItemDeletedFromCart(CartTest.java:40)
]]></failure>
    <system-out><![CDATA[Screenshot captured
CartTest: test Item Deleted From Cart
]]></system-out>
    <system-err><![CDATA[Starting ChromeDriver 84.0.4147.30 (48b3e868b4cc0aa7e8149519690b6f6949e110a8-refs/branch-heads/4147@{#310}) on port 40894
Only local connections are allowed.
Please see https://chromedriver.chromium.org/security-considerations for suggestions on keeping ChromeDriver safe.
ChromeDriver was started successfully.
[1601101378.282][WARNING]: This version of ChromeDriver has not been tested with Chrome version 85.
Sep. 25, 2020 11:23:00 P.M. org.openqa.selenium.remote.ProtocolHandshake createSession
INFO: Detected dialect: W3C
]]></system-err>
  </testcase>
  <testcase name="testValidateIncreaseQuantityTo2" classname="cart.CartTest" time="10.481">
    <failure message="no such element: Unable to locate element: {&quot;method&quot;:&quot;xpath&quot;,&quot;selector&quot;:&quot;//span[contains(text(),&apos;WDBPKJ0050BBK&apos;)]&quot;}&#10;  (Session info: chrome=85.0.4183.121)&#10;For documentation on this error, please visit: https://www.seleniumhq.org/exceptions/no_such_element.html&#10;Build info: version: &apos;3.141.59&apos;, revision: &apos;e82be7d358&apos;, time: &apos;2018-11-14T08:17:03&apos;&#10;System info: host: &apos;DESKTOP-F15B8L7&apos;, ip: &apos;169.254.252.52&apos;, os.name: &apos;Windows 10&apos;, os.arch: &apos;amd64&apos;, os.version: &apos;10.0&apos;, java.version: &apos;11.0.5&apos;&#10;Driver info: org.openqa.selenium.chrome.ChromeDriver&#10;Capabilities {acceptInsecureCerts: false, browserName: chrome, browserVersion: 85.0.4183.121, chrome: {chromedriverVersion: 84.0.4147.30 (48b3e868b4cc0..., userDataDir: C:\Users\Shakir\AppData\Loc...}, goog:chromeOptions: {debuggerAddress: localhost:25425}, javascriptEnabled: true, networkConnectionEnabled: false, pageLoadStrategy: normal, platform: WINDOWS, platformName: WINDOWS, proxy: Proxy(), setWindowRect: true, strictFileInteractability: false, timeouts: {implicit: 0, pageLoad: 300000, script: 30000}, unhandledPromptBehavior: dismiss and notify, webauthn:virtualAuthenticators: true}&#10;Session ID: 07f276cec3a555e91ce9fae4aff34d54&#10;*** Element info: {Using=xpath, value=//span[contains(text(),&apos;WDBPKJ0050BBK&apos;)]}" type="org.openqa.selenium.NoSuchElementException"><![CDATA[org.openqa.selenium.NoSuchElementException: 
no such element: Unable to locate element: {"method":"xpath","selector":"//span[contains(text(),'WDBPKJ0050BBK')]"}
  (Session info: chrome=85.0.4183.121)
For documentation on this error, please visit: https://www.seleniumhq.org/exceptions/no_such_element.html
Build info: version: '3.141.59', revision: 'e82be7d358', time: '2018-11-14T08:17:03'
System info: host: 'DESKTOP-F15B8L7', ip: '169.254.252.52', os.name: 'Windows 10', os.arch: 'amd64', os.version: '10.0', java.version: '11.0.5'
Driver info: org.openqa.selenium.chrome.ChromeDriver
Capabilities {acceptInsecureCerts: false, browserName: chrome, browserVersion: 85.0.4183.121, chrome: {chromedriverVersion: 84.0.4147.30 (48b3e868b4cc0..., userDataDir: C:\Users\Shakir\AppData\Loc...}, goog:chromeOptions: {debuggerAddress: localhost:25425}, javascriptEnabled: true, networkConnectionEnabled: false, pageLoadStrategy: normal, platform: WINDOWS, platformName: WINDOWS, proxy: Proxy(), setWindowRect: true, strictFileInteractability: false, timeouts: {implicit: 0, pageLoad: 300000, script: 30000}, unhandledPromptBehavior: dismiss and notify, webauthn:virtualAuthenticators: true}
Session ID: 07f276cec3a555e91ce9fae4aff34d54
*** Element info: {Using=xpath, value=//span[contains(text(),'WDBPKJ0050BBK')]}
	at cart.CartTest.testValidateIncreaseQuantityTo2(CartTest.java:66)
]]></failure>
    <system-out><![CDATA[Screenshot captured
]]></system-out>
    <system-err><![CDATA[Starting ChromeDriver 84.0.4147.30 (48b3e868b4cc0aa7e8149519690b6f6949e110a8-refs/branch-heads/4147@{#310}) on port 41953
Only local connections are allowed.
Please see https://chromedriver.chromium.org/security-considerations for suggestions on keeping ChromeDriver safe.
ChromeDriver was started successfully.
[1601101393.217][WARNING]: This version of ChromeDriver has not been tested with Chrome version 85.
Sep. 25, 2020 11:23:15 P.M. org.openqa.selenium.remote.ProtocolHandshake createSession
INFO: Detected dialect: W3C
]]></system-err>
  </testcase>
  <testcase name="testValidateClickCustomerServiceTab" classname="home.HomePageTest" time="2.018">
    <system-out><![CDATA[Screenshot captured
]]></system-out>
    <system-err><![CDATA[Starting ChromeDriver 84.0.4147.30 (48b3e868b4cc0aa7e8149519690b6f6949e110a8-refs/branch-heads/4147@{#310}) on port 34139
Only local connections are allowed.
Please see https://chromedriver.chromium.org/security-considerations for suggestions on keeping ChromeDriver safe.
ChromeDriver was started successfully.
[1601101412.060][WARNING]: This version of ChromeDriver has not been tested with Chrome version 85.
Sep. 25, 2020 11:23:34 P.M. org.openqa.selenium.remote.ProtocolHandshake createSession
INFO: Detected dialect: W3C
]]></system-err>
  </testcase>
  <testcase name="testValidateClickCustomerServiceTabByText" classname="home.HomePageTest" time="1.88">
    <system-err><![CDATA[Starting ChromeDriver 84.0.4147.30 (48b3e868b4cc0aa7e8149519690b6f6949e110a8-refs/branch-heads/4147@{#310}) on port 17353
Only local connections are allowed.
Please see https://chromedriver.chromium.org/security-considerations for suggestions on keeping ChromeDriver safe.
ChromeDriver was started successfully.
[1601101422.973][WARNING]: This version of ChromeDriver has not been tested with Chrome version 85.
Sep. 25, 2020 11:23:45 P.M. org.openqa.selenium.remote.ProtocolHandshake createSession
INFO: Detected dialect: W3C
]]></system-err>
  </testcase>
  <testcase name="testValidateClickGiftCardsTabByTitle" classname="home.HomePageTest" time="4.378">
    <system-err><![CDATA[Starting ChromeDriver 84.0.4147.30 (48b3e868b4cc0aa7e8149519690b6f6949e110a8-refs/branch-heads/4147@{#310}) on port 14151
Only local connections are allowed.
Please see https://chromedriver.chromium.org/security-considerations for suggestions on keeping ChromeDriver safe.
ChromeDriver was started successfully.
[1601101433.408][WARNING]: This version of ChromeDriver has not been tested with Chrome version 85.
Sep. 25, 2020 11:23:55 P.M. org.openqa.selenium.remote.ProtocolHandshake createSession
INFO: Detected dialect: W3C
]]></system-err>
  </testcase>
  <testcase name="testValidateClickRegistryTabByTitle" classname="home.HomePageTest" time="1.791">
    <system-err><![CDATA[Starting ChromeDriver 84.0.4147.30 (48b3e868b4cc0aa7e8149519690b6f6949e110a8-refs/branch-heads/4147@{#310}) on port 44305
Only local connections are allowed.
Please see https://chromedriver.chromium.org/security-considerations for suggestions on keeping ChromeDriver safe.
ChromeDriver was started successfully.
[1601101445.855][WARNING]: This version of ChromeDriver has not been tested with Chrome version 85.
Sep. 25, 2020 11:24:07 P.M. org.openqa.selenium.remote.ProtocolHandshake createSession
INFO: Detected dialect: W3C
]]></system-err>
  </testcase>
  <testcase name="testValidateHomePageTitle" classname="home.HomePageTest" time="0.039">
    <system-err><![CDATA[Starting ChromeDriver 84.0.4147.30 (48b3e868b4cc0aa7e8149519690b6f6949e110a8-refs/branch-heads/4147@{#310}) on port 1999
Only local connections are allowed.
Please see https://chromedriver.chromium.org/security-considerations for suggestions on keeping ChromeDriver safe.
ChromeDriver was started successfully.
[1601101454.920][WARNING]: This version of ChromeDriver has not been tested with Chrome version 85.
Sep. 25, 2020 11:24:17 P.M. org.openqa.selenium.remote.ProtocolHandshake createSession
INFO: Detected dialect: W3C
]]></system-err>
  </testcase>
  <testcase name="testValidateNavigateToComputersAndTabletsWithShopByCategoryHamburger" classname="home.HomePageTest" time="2.219">
    <system-err><![CDATA[Starting ChromeDriver 84.0.4147.30 (48b3e868b4cc0aa7e8149519690b6f6949e110a8-refs/branch-heads/4147@{#310}) on port 42018
Only local connections are allowed.
Please see https://chromedriver.chromium.org/security-considerations for suggestions on keeping ChromeDriver safe.
ChromeDriver was started successfully.
[1601101462.475][WARNING]: This version of ChromeDriver has not been tested with Chrome version 85.
Sep. 25, 2020 11:24:24 P.M. org.openqa.selenium.remote.ProtocolHandshake createSession
INFO: Detected dialect: W3C
]]></system-err>
  </testcase>
  <testcase name="testValidateTodaysDealTabByDealsAndPromotionsText" classname="home.HomePageTest" time="2.775">
    <system-err><![CDATA[Starting ChromeDriver 84.0.4147.30 (48b3e868b4cc0aa7e8149519690b6f6949e110a8-refs/branch-heads/4147@{#310}) on port 19952
Only local connections are allowed.
Please see https://chromedriver.chromium.org/security-considerations for suggestions on keeping ChromeDriver safe.
ChromeDriver was started successfully.
[1601101472.734][WARNING]: This version of ChromeDriver has not been tested with Chrome version 85.
Sep. 25, 2020 11:24:34 P.M. org.openqa.selenium.remote.ProtocolHandshake createSession
INFO: Detected dialect: W3C
]]></system-err>
  </testcase>
  <testcase name="testValidateTodaysDealTabByTitle" classname="home.HomePageTest" time="3.864">
    <system-err><![CDATA[Starting ChromeDriver 84.0.4147.30 (48b3e868b4cc0aa7e8149519690b6f6949e110a8-refs/branch-heads/4147@{#310}) on port 6269
Only local connections are allowed.
Please see https://chromedriver.chromium.org/security-considerations for suggestions on keeping ChromeDriver safe.
ChromeDriver was started successfully.
[1601101482.789][WARNING]: This version of ChromeDriver has not been tested with Chrome version 85.
Sep. 25, 2020 11:24:44 P.M. org.openqa.selenium.remote.ProtocolHandshake createSession
INFO: Detected dialect: W3C
]]></system-err>
  </testcase>
  <testcase name="testVerifyAmazonMusicByTitle" classname="home.HomePageTest" time="3.013">
    <failure message="expected [Amazon Music Unlimited - Stream 60 million songs online now.] but found [Amazon Music]" type="java.lang.AssertionError"><![CDATA[java.lang.AssertionError: expected [Amazon Music Unlimited - Stream 60 million songs online now.] but found [Amazon Music]
	at home.HomePageTest.testVerifyAmazonMusicByTitle(HomePageTest.java:121)
]]></failure>
    <system-err><![CDATA[Starting ChromeDriver 84.0.4147.30 (48b3e868b4cc0aa7e8149519690b6f6949e110a8-refs/branch-heads/4147@{#310}) on port 23509
Only local connections are allowed.
Please see https://chromedriver.chromium.org/security-considerations for suggestions on keeping ChromeDriver safe.
ChromeDriver was started successfully.
[1601101494.786][WARNING]: This version of ChromeDriver has not been tested with Chrome version 85.
Sep. 25, 2020 11:24:56 P.M. org.openqa.selenium.remote.ProtocolHandshake createSession
INFO: Detected dialect: W3C
]]></system-err>
  </testcase>
  <testcase name="setUp[false, browserstack, Windows, 10, chrome-options, 85.0, https://www.amazon.com/](0)" classname="home.HomePageTest" time="65.533">
    <failure message="session not created&#10;from disconnected: unable to connect to renderer&#10;  (Session info: chrome=85.0.4183.121)&#10;Build info: version: &apos;3.141.59&apos;, revision: &apos;e82be7d358&apos;, time: &apos;2018-11-14T08:17:03&apos;&#10;System info: host: &apos;DESKTOP-F15B8L7&apos;, ip: &apos;169.254.252.52&apos;, os.name: &apos;Windows 10&apos;, os.arch: &apos;amd64&apos;, os.version: &apos;10.0&apos;, java.version: &apos;11.0.5&apos;&#10;Driver info: driver.version: ChromeDriver&#10;remote stacktrace: Backtrace:&#10;	Ordinal0 [0x00A287E3+2852835]&#10;	Ordinal0 [0x00915BB1+1727409]&#10;	Ordinal0 [0x007EE4B9+517305]&#10;	Ordinal0 [0x007E4EA3+478883]&#10;	Ordinal0 [0x007EF300+520960]&#10;	Ordinal0 [0x0079E489+189577]&#10;	Ordinal0 [0x0079D7FD+186365]&#10;	Ordinal0 [0x0079B70B+177931]&#10;	Ordinal0 [0x00782584+75140]&#10;	Ordinal0 [0x00783650+79440]&#10;	Ordinal0 [0x007835E9+79337]&#10;	Ordinal0 [0x0092AD5C+1813852]&#10;	GetHandleVerifier [0x00B4C616+1075574]&#10;	GetHandleVerifier [0x00B4C367+1074887]&#10;	GetHandleVerifier [0x00B57497+1120247]&#10;	GetHandleVerifier [0x00B4CC16+1077110]&#10;	Ordinal0 [0x00923206+1782278]&#10;	Ordinal0 [0x0092C3BB+1819579]&#10;	Ordinal0 [0x0092C523+1819939]&#10;	Ordinal0 [0x00942B45+1911621]&#10;	BaseThreadInitThunk [0x75C66359+25]&#10;	RtlGetAppContainerNamedObjectPath [0x77077C24+228]&#10;	RtlGetAppContainerNamedObjectPath [0x77077BF4+180]&#10;" type="org.openqa.selenium.SessionNotCreatedException"><![CDATA[org.openqa.selenium.SessionNotCreatedException: 
session not created
from disconnected: unable to connect to renderer
  (Session info: chrome=85.0.4183.121)
Build info: version: '3.141.59', revision: 'e82be7d358', time: '2018-11-14T08:17:03'
System info: host: 'DESKTOP-F15B8L7', ip: '169.254.252.52', os.name: 'Windows 10', os.arch: 'amd64', os.version: '10.0', java.version: '11.0.5'
Driver info: driver.version: ChromeDriver
remote stacktrace: Backtrace:
	Ordinal0 [0x00A287E3+2852835]
	Ordinal0 [0x00915BB1+1727409]
	Ordinal0 [0x007EE4B9+517305]
	Ordinal0 [0x007E4EA3+478883]
	Ordinal0 [0x007EF300+520960]
	Ordinal0 [0x0079E489+189577]
	Ordinal0 [0x0079D7FD+186365]
	Ordinal0 [0x0079B70B+177931]
	Ordinal0 [0x00782584+75140]
	Ordinal0 [0x00783650+79440]
	Ordinal0 [0x007835E9+79337]
	Ordinal0 [0x0092AD5C+1813852]
	GetHandleVerifier [0x00B4C616+1075574]
	GetHandleVerifier [0x00B4C367+1074887]
	GetHandleVerifier [0x00B57497+1120247]
	GetHandleVerifier [0x00B4CC16+1077110]
	Ordinal0 [0x00923206+1782278]
	Ordinal0 [0x0092C3BB+1819579]
	Ordinal0 [0x0092C523+1819939]
	Ordinal0 [0x00942B45+1911621]
	BaseThreadInitThunk [0x75C66359+25]
	RtlGetAppContainerNamedObjectPath [0x77077C24+228]
	RtlGetAppContainerNamedObjectPath [0x77077BF4+180]

]]></failure>
    <system-out><![CDATA[Screenshot captured
]]></system-out>
    <system-err><![CDATA[Starting ChromeDriver 84.0.4147.30 (48b3e868b4cc0aa7e8149519690b6f6949e110a8-refs/branch-heads/4147@{#310}) on port 3568
Only local connections are allowed.
Please see https://chromedriver.chromium.org/security-considerations for suggestions on keeping ChromeDriver safe.
ChromeDriver was started successfully.
[1601101509.582][WARNING]: This version of ChromeDriver has not been tested with Chrome version 85.
[1601101514.487][WARNING]: Timed out connecting to Chrome, retrying...
[1601101522.487][WARNING]: Timed out connecting to Chrome, retrying...
[1601101538.489][WARNING]: Timed out connecting to Chrome, giving up.
[1601101542.502][WARNING]: Timed out connecting to Chrome, retrying...
[1601101550.505][WARNING]: Timed out connecting to Chrome, retrying...
[1601101566.505][WARNING]: Timed out connecting to Chrome, giving up.
]]></system-err>
  </testcase>
  <testcase name="startExtent" classname="home.HomePageTest" time="0">
    <skipped/>
  </testcase>
  <testcase name="startExtent" classname="home.HomePageTest" time="0">
    <skipped/>
  </testcase>
  <testcase name="startExtent" classname="home.HomePageTest" time="0">
    <skipped/>
  </testcase>
  <testcase name="startExtent" classname="home.HomePageTest" time="0">
    <skipped/>
  </testcase>
  <testcase name="startExtent" classname="home.HomePageTest" time="0">
    <skipped/>
  </testcase>
  <testcase name="startExtent" classname="home.HomePageTest" time="0">
    <skipped/>
  </testcase>
  <testcase name="startExtent" classname="home.HomePageTest" time="0">
    <skipped/>
  </testcase>
  <testcase name="startExtent" classname="home.HomePageTest" time="0">
    <skipped/>
  </testcase>
  <testcase name="startExtent" classname="home.HomePageTest" time="0">
    <skipped/>
  </testcase>
  <testcase name="startExtent" classname="home.HomePageTest" time="0">
    <skipped/>
  </testcase>
  <testcase name="getInit" classname="home.HomePageTest" time="0">
    <skipped/>
  </testcase>
  <testcase name="getInit" classname="home.HomePageTest" time="0">
    <skipped/>
  </testcase>
  <testcase name="getInit" classname="home.HomePageTest" time="0">
    <skipped/>
  </testcase>
  <testcase name="getInit" classname="home.HomePageTest" time="0">
    <skipped/>
  </testcase>
  <testcase name="getInit" classname="home.HomePageTest" time="0">
    <skipped/>
  </testcase>
  <testcase name="getInit" classname="home.HomePageTest" time="0">
    <skipped/>
  </testcase>
  <testcase name="getInit" classname="home.HomePageTest" time="0">
    <skipped/>
  </testcase>
  <testcase name="getInit" classname="home.HomePageTest" time="0">
    <skipped/>
  </testcase>
  <testcase name="getInit" classname="home.HomePageTest" time="0">
    <skipped/>
  </testcase>
  <testcase name="getInit" classname="home.HomePageTest" time="0">
    <skipped/>
  </testcase>
  <testcase name="testVerifyClickOnAmazonAdvertisingByText" classname="home.HomePageTest" time="0">
    <skipped message="session not created&#10;from disconnected: unable to connect to renderer&#10;  (Session info: chrome=85.0.4183.121)&#10;Build info: version: &apos;3.141.59&apos;, revision: &apos;e82be7d358&apos;, time: &apos;2018-11-14T08:17:03&apos;&#10;System info: host: &apos;DESKTOP-F15B8L7&apos;, ip: &apos;169.254.252.52&apos;, os.name: &apos;Windows 10&apos;, os.arch: &apos;amd64&apos;, os.version: &apos;10.0&apos;, java.version: &apos;11.0.5&apos;&#10;Driver info: driver.version: ChromeDriver&#10;remote stacktrace: Backtrace:&#10;	Ordinal0 [0x00A287E3+2852835]&#10;	Ordinal0 [0x00915BB1+1727409]&#10;	Ordinal0 [0x007EE4B9+517305]&#10;	Ordinal0 [0x007E4EA3+478883]&#10;	Ordinal0 [0x007EF300+520960]&#10;	Ordinal0 [0x0079E489+189577]&#10;	Ordinal0 [0x0079D7FD+186365]&#10;	Ordinal0 [0x0079B70B+177931]&#10;	Ordinal0 [0x00782584+75140]&#10;	Ordinal0 [0x00783650+79440]&#10;	Ordinal0 [0x007835E9+79337]&#10;	Ordinal0 [0x0092AD5C+1813852]&#10;	GetHandleVerifier [0x00B4C616+1075574]&#10;	GetHandleVerifier [0x00B4C367+1074887]&#10;	GetHandleVerifier [0x00B57497+1120247]&#10;	GetHandleVerifier [0x00B4CC16+1077110]&#10;	Ordinal0 [0x00923206+1782278]&#10;	Ordinal0 [0x0092C3BB+1819579]&#10;	Ordinal0 [0x0092C523+1819939]&#10;	Ordinal0 [0x00942B45+1911621]&#10;	BaseThreadInitThunk [0x75C66359+25]&#10;	RtlGetAppContainerNamedObjectPath [0x77077C24+228]&#10;	RtlGetAppContainerNamedObjectPath [0x77077BF4+180]&#10;"/>
  </testcase>
  <testcase name="afterEachTestMethod" classname="home.HomePageTest" time="0">
    <skipped/>
  </testcase>
  <testcase name="afterEachTestMethod" classname="home.HomePageTest" time="0">
    <skipped/>
  </testcase>
  <testcase name="afterEachTestMethod" classname="home.HomePageTest" time="0">
    <skipped/>
  </testcase>
  <testcase name="afterEachTestMethod" classname="home.HomePageTest" time="0">
    <skipped/>
  </testcase>
  <testcase name="afterEachTestMethod" classname="home.HomePageTest" time="0">
    <skipped/>
  </testcase>
  <testcase name="afterEachTestMethod" classname="home.HomePageTest" time="0">
    <skipped/>
  </testcase>
  <testcase name="afterEachTestMethod" classname="home.HomePageTest" time="0">
    <skipped/>
  </testcase>
  <testcase name="afterEachTestMethod" classname="home.HomePageTest" time="0">
    <skipped/>
  </testcase>
  <testcase name="afterEachTestMethod" classname="home.HomePageTest" time="0">
    <skipped/>
  </testcase>
  <testcase name="afterEachTestMethod" classname="home.HomePageTest" time="0">
    <skipped/>
  </testcase>
  <testcase name="setUp" classname="home.HomePageTest" time="0">
    <skipped/>
  </testcase>
  <testcase name="setUp" classname="home.HomePageTest" time="0">
    <skipped/>
  </testcase>
  <testcase name="setUp" classname="home.HomePageTest" time="0">
    <skipped/>
  </testcase>
  <testcase name="setUp" classname="home.HomePageTest" time="0">
    <skipped/>
  </testcase>
  <testcase name="setUp" classname="home.HomePageTest" time="0">
    <skipped/>
  </testcase>
  <testcase name="setUp" classname="home.HomePageTest" time="0">
    <skipped/>
  </testcase>
  <testcase name="setUp" classname="home.HomePageTest" time="0">
    <skipped/>
  </testcase>
  <testcase name="setUp" classname="home.HomePageTest" time="0">
    <skipped/>
  </testcase>
  <testcase name="setUp" classname="home.HomePageTest" time="0">
    <skipped/>
  </testcase>
  <testcase name="testVerifyClickOnAmazonAdvertisingByTitle" classname="home.HomePageTest" time="0">
    <skipped message="session not created&#10;from disconnected: unable to connect to renderer&#10;  (Session info: chrome=85.0.4183.121)&#10;Build info: version: &apos;3.141.59&apos;, revision: &apos;e82be7d358&apos;, time: &apos;2018-11-14T08:17:03&apos;&#10;System info: host: &apos;DESKTOP-F15B8L7&apos;, ip: &apos;169.254.252.52&apos;, os.name: &apos;Windows 10&apos;, os.arch: &apos;amd64&apos;, os.version: &apos;10.0&apos;, java.version: &apos;11.0.5&apos;&#10;Driver info: driver.version: ChromeDriver&#10;remote stacktrace: Backtrace:&#10;	Ordinal0 [0x00A287E3+2852835]&#10;	Ordinal0 [0x00915BB1+1727409]&#10;	Ordinal0 [0x007EE4B9+517305]&#10;	Ordinal0 [0x007E4EA3+478883]&#10;	Ordinal0 [0x007EF300+520960]&#10;	Ordinal0 [0x0079E489+189577]&#10;	Ordinal0 [0x0079D7FD+186365]&#10;	Ordinal0 [0x0079B70B+177931]&#10;	Ordinal0 [0x00782584+75140]&#10;	Ordinal0 [0x00783650+79440]&#10;	Ordinal0 [0x007835E9+79337]&#10;	Ordinal0 [0x0092AD5C+1813852]&#10;	GetHandleVerifier [0x00B4C616+1075574]&#10;	GetHandleVerifier [0x00B4C367+1074887]&#10;	GetHandleVerifier [0x00B57497+1120247]&#10;	GetHandleVerifier [0x00B4CC16+1077110]&#10;	Ordinal0 [0x00923206+1782278]&#10;	Ordinal0 [0x0092C3BB+1819579]&#10;	Ordinal0 [0x0092C523+1819939]&#10;	Ordinal0 [0x00942B45+1911621]&#10;	BaseThreadInitThunk [0x75C66359+25]&#10;	RtlGetAppContainerNamedObjectPath [0x77077C24+228]&#10;	RtlGetAppContainerNamedObjectPath [0x77077BF4+180]&#10;"/>
  </testcase>
  <testcase name="testVerifyClickOnAmazonAdvertisingByURL" classname="home.HomePageTest" time="0">
    <skipped message="session not created&#10;from disconnected: unable to connect to renderer&#10;  (Session info: chrome=85.0.4183.121)&#10;Build info: version: &apos;3.141.59&apos;, revision: &apos;e82be7d358&apos;, time: &apos;2018-11-14T08:17:03&apos;&#10;System info: host: &apos;DESKTOP-F15B8L7&apos;, ip: &apos;169.254.252.52&apos;, os.name: &apos;Windows 10&apos;, os.arch: &apos;amd64&apos;, os.version: &apos;10.0&apos;, java.version: &apos;11.0.5&apos;&#10;Driver info: driver.version: ChromeDriver&#10;remote stacktrace: Backtrace:&#10;	Ordinal0 [0x00A287E3+2852835]&#10;	Ordinal0 [0x00915BB1+1727409]&#10;	Ordinal0 [0x007EE4B9+517305]&#10;	Ordinal0 [0x007E4EA3+478883]&#10;	Ordinal0 [0x007EF300+520960]&#10;	Ordinal0 [0x0079E489+189577]&#10;	Ordinal0 [0x0079D7FD+186365]&#10;	Ordinal0 [0x0079B70B+177931]&#10;	Ordinal0 [0x00782584+75140]&#10;	Ordinal0 [0x00783650+79440]&#10;	Ordinal0 [0x007835E9+79337]&#10;	Ordinal0 [0x0092AD5C+1813852]&#10;	GetHandleVerifier [0x00B4C616+1075574]&#10;	GetHandleVerifier [0x00B4C367+1074887]&#10;	GetHandleVerifier [0x00B57497+1120247]&#10;	GetHandleVerifier [0x00B4CC16+1077110]&#10;	Ordinal0 [0x00923206+1782278]&#10;	Ordinal0 [0x0092C3BB+1819579]&#10;	Ordinal0 [0x0092C523+1819939]&#10;	Ordinal0 [0x00942B45+1911621]&#10;	BaseThreadInitThunk [0x75C66359+25]&#10;	RtlGetAppContainerNamedObjectPath [0x77077C24+228]&#10;	RtlGetAppContainerNamedObjectPath [0x77077BF4+180]&#10;"/>
  </testcase>
  <testcase name="testVerifyClickOnHPFeaturedBrandSelection" classname="home.HomePageTest" time="0">
    <skipped message="session not created&#10;from disconnected: unable to connect to renderer&#10;  (Session info: chrome=85.0.4183.121)&#10;Build info: version: &apos;3.141.59&apos;, revision: &apos;e82be7d358&apos;, time: &apos;2018-11-14T08:17:03&apos;&#10;System info: host: &apos;DESKTOP-F15B8L7&apos;, ip: &apos;169.254.252.52&apos;, os.name: &apos;Windows 10&apos;, os.arch: &apos;amd64&apos;, os.version: &apos;10.0&apos;, java.version: &apos;11.0.5&apos;&#10;Driver info: driver.version: ChromeDriver&#10;remote stacktrace: Backtrace:&#10;	Ordinal0 [0x00A287E3+2852835]&#10;	Ordinal0 [0x00915BB1+1727409]&#10;	Ordinal0 [0x007EE4B9+517305]&#10;	Ordinal0 [0x007E4EA3+478883]&#10;	Ordinal0 [0x007EF300+520960]&#10;	Ordinal0 [0x0079E489+189577]&#10;	Ordinal0 [0x0079D7FD+186365]&#10;	Ordinal0 [0x0079B70B+177931]&#10;	Ordinal0 [0x00782584+75140]&#10;	Ordinal0 [0x00783650+79440]&#10;	Ordinal0 [0x007835E9+79337]&#10;	Ordinal0 [0x0092AD5C+1813852]&#10;	GetHandleVerifier [0x00B4C616+1075574]&#10;	GetHandleVerifier [0x00B4C367+1074887]&#10;	GetHandleVerifier [0x00B57497+1120247]&#10;	GetHandleVerifier [0x00B4CC16+1077110]&#10;	Ordinal0 [0x00923206+1782278]&#10;	Ordinal0 [0x0092C3BB+1819579]&#10;	Ordinal0 [0x0092C523+1819939]&#10;	Ordinal0 [0x00942B45+1911621]&#10;	BaseThreadInitThunk [0x75C66359+25]&#10;	RtlGetAppContainerNamedObjectPath [0x77077C24+228]&#10;	RtlGetAppContainerNamedObjectPath [0x77077BF4+180]&#10;"/>
  </testcase>
  <testcase name="testVerifyClickOnMusicLink" classname="home.HomePageTest" time="0">
    <skipped message="session not created&#10;from disconnected: unable to connect to renderer&#10;  (Session info: chrome=85.0.4183.121)&#10;Build info: version: &apos;3.141.59&apos;, revision: &apos;e82be7d358&apos;, time: &apos;2018-11-14T08:17:03&apos;&#10;System info: host: &apos;DESKTOP-F15B8L7&apos;, ip: &apos;169.254.252.52&apos;, os.name: &apos;Windows 10&apos;, os.arch: &apos;amd64&apos;, os.version: &apos;10.0&apos;, java.version: &apos;11.0.5&apos;&#10;Driver info: driver.version: ChromeDriver&#10;remote stacktrace: Backtrace:&#10;	Ordinal0 [0x00A287E3+2852835]&#10;	Ordinal0 [0x00915BB1+1727409]&#10;	Ordinal0 [0x007EE4B9+517305]&#10;	Ordinal0 [0x007E4EA3+478883]&#10;	Ordinal0 [0x007EF300+520960]&#10;	Ordinal0 [0x0079E489+189577]&#10;	Ordinal0 [0x0079D7FD+186365]&#10;	Ordinal0 [0x0079B70B+177931]&#10;	Ordinal0 [0x00782584+75140]&#10;	Ordinal0 [0x00783650+79440]&#10;	Ordinal0 [0x007835E9+79337]&#10;	Ordinal0 [0x0092AD5C+1813852]&#10;	GetHandleVerifier [0x00B4C616+1075574]&#10;	GetHandleVerifier [0x00B4C367+1074887]&#10;	GetHandleVerifier [0x00B57497+1120247]&#10;	GetHandleVerifier [0x00B4CC16+1077110]&#10;	Ordinal0 [0x00923206+1782278]&#10;	Ordinal0 [0x0092C3BB+1819579]&#10;	Ordinal0 [0x0092C523+1819939]&#10;	Ordinal0 [0x00942B45+1911621]&#10;	BaseThreadInitThunk [0x75C66359+25]&#10;	RtlGetAppContainerNamedObjectPath [0x77077C24+228]&#10;	RtlGetAppContainerNamedObjectPath [0x77077BF4+180]&#10;"/>
  </testcase>
  <testcase name="testVerifyClickOnMusicLinkByTitle" classname="home.HomePageTest" time="0">
    <skipped message="session not created&#10;from disconnected: unable to connect to renderer&#10;  (Session info: chrome=85.0.4183.121)&#10;Build info: version: &apos;3.141.59&apos;, revision: &apos;e82be7d358&apos;, time: &apos;2018-11-14T08:17:03&apos;&#10;System info: host: &apos;DESKTOP-F15B8L7&apos;, ip: &apos;169.254.252.52&apos;, os.name: &apos;Windows 10&apos;, os.arch: &apos;amd64&apos;, os.version: &apos;10.0&apos;, java.version: &apos;11.0.5&apos;&#10;Driver info: driver.version: ChromeDriver&#10;remote stacktrace: Backtrace:&#10;	Ordinal0 [0x00A287E3+2852835]&#10;	Ordinal0 [0x00915BB1+1727409]&#10;	Ordinal0 [0x007EE4B9+517305]&#10;	Ordinal0 [0x007E4EA3+478883]&#10;	Ordinal0 [0x007EF300+520960]&#10;	Ordinal0 [0x0079E489+189577]&#10;	Ordinal0 [0x0079D7FD+186365]&#10;	Ordinal0 [0x0079B70B+177931]&#10;	Ordinal0 [0x00782584+75140]&#10;	Ordinal0 [0x00783650+79440]&#10;	Ordinal0 [0x007835E9+79337]&#10;	Ordinal0 [0x0092AD5C+1813852]&#10;	GetHandleVerifier [0x00B4C616+1075574]&#10;	GetHandleVerifier [0x00B4C367+1074887]&#10;	GetHandleVerifier [0x00B57497+1120247]&#10;	GetHandleVerifier [0x00B4CC16+1077110]&#10;	Ordinal0 [0x00923206+1782278]&#10;	Ordinal0 [0x0092C3BB+1819579]&#10;	Ordinal0 [0x0092C523+1819939]&#10;	Ordinal0 [0x00942B45+1911621]&#10;	BaseThreadInitThunk [0x75C66359+25]&#10;	RtlGetAppContainerNamedObjectPath [0x77077C24+228]&#10;	RtlGetAppContainerNamedObjectPath [0x77077BF4+180]&#10;"/>
  </testcase>
  <testcase name="testVerifyClickOnStartASellingAccount" classname="home.HomePageTest" time="0">
    <skipped message="session not created&#10;from disconnected: unable to connect to renderer&#10;  (Session info: chrome=85.0.4183.121)&#10;Build info: version: &apos;3.141.59&apos;, revision: &apos;e82be7d358&apos;, time: &apos;2018-11-14T08:17:03&apos;&#10;System info: host: &apos;DESKTOP-F15B8L7&apos;, ip: &apos;169.254.252.52&apos;, os.name: &apos;Windows 10&apos;, os.arch: &apos;amd64&apos;, os.version: &apos;10.0&apos;, java.version: &apos;11.0.5&apos;&#10;Driver info: driver.version: ChromeDriver&#10;remote stacktrace: Backtrace:&#10;	Ordinal0 [0x00A287E3+2852835]&#10;	Ordinal0 [0x00915BB1+1727409]&#10;	Ordinal0 [0x007EE4B9+517305]&#10;	Ordinal0 [0x007E4EA3+478883]&#10;	Ordinal0 [0x007EF300+520960]&#10;	Ordinal0 [0x0079E489+189577]&#10;	Ordinal0 [0x0079D7FD+186365]&#10;	Ordinal0 [0x0079B70B+177931]&#10;	Ordinal0 [0x00782584+75140]&#10;	Ordinal0 [0x00783650+79440]&#10;	Ordinal0 [0x007835E9+79337]&#10;	Ordinal0 [0x0092AD5C+1813852]&#10;	GetHandleVerifier [0x00B4C616+1075574]&#10;	GetHandleVerifier [0x00B4C367+1074887]&#10;	GetHandleVerifier [0x00B57497+1120247]&#10;	GetHandleVerifier [0x00B4CC16+1077110]&#10;	Ordinal0 [0x00923206+1782278]&#10;	Ordinal0 [0x0092C3BB+1819579]&#10;	Ordinal0 [0x0092C523+1819939]&#10;	Ordinal0 [0x00942B45+1911621]&#10;	BaseThreadInitThunk [0x75C66359+25]&#10;	RtlGetAppContainerNamedObjectPath [0x77077C24+228]&#10;	RtlGetAppContainerNamedObjectPath [0x77077BF4+180]&#10;"/>
  </testcase>
  <testcase name="testVerifySellVerificationTextIsDisplayed" classname="home.HomePageTest" time="0">
    <skipped message="session not created&#10;from disconnected: unable to connect to renderer&#10;  (Session info: chrome=85.0.4183.121)&#10;Build info: version: &apos;3.141.59&apos;, revision: &apos;e82be7d358&apos;, time: &apos;2018-11-14T08:17:03&apos;&#10;System info: host: &apos;DESKTOP-F15B8L7&apos;, ip: &apos;169.254.252.52&apos;, os.name: &apos;Windows 10&apos;, os.arch: &apos;amd64&apos;, os.version: &apos;10.0&apos;, java.version: &apos;11.0.5&apos;&#10;Driver info: driver.version: ChromeDriver&#10;remote stacktrace: Backtrace:&#10;	Ordinal0 [0x00A287E3+2852835]&#10;	Ordinal0 [0x00915BB1+1727409]&#10;	Ordinal0 [0x007EE4B9+517305]&#10;	Ordinal0 [0x007E4EA3+478883]&#10;	Ordinal0 [0x007EF300+520960]&#10;	Ordinal0 [0x0079E489+189577]&#10;	Ordinal0 [0x0079D7FD+186365]&#10;	Ordinal0 [0x0079B70B+177931]&#10;	Ordinal0 [0x00782584+75140]&#10;	Ordinal0 [0x00783650+79440]&#10;	Ordinal0 [0x007835E9+79337]&#10;	Ordinal0 [0x0092AD5C+1813852]&#10;	GetHandleVerifier [0x00B4C616+1075574]&#10;	GetHandleVerifier [0x00B4C367+1074887]&#10;	GetHandleVerifier [0x00B57497+1120247]&#10;	GetHandleVerifier [0x00B4CC16+1077110]&#10;	Ordinal0 [0x00923206+1782278]&#10;	Ordinal0 [0x0092C3BB+1819579]&#10;	Ordinal0 [0x0092C523+1819939]&#10;	Ordinal0 [0x00942B45+1911621]&#10;	BaseThreadInitThunk [0x75C66359+25]&#10;	RtlGetAppContainerNamedObjectPath [0x77077C24+228]&#10;	RtlGetAppContainerNamedObjectPath [0x77077BF4+180]&#10;"/>
  </testcase>
  <testcase name="testvalidateClickSellTabByTitle" classname="home.HomePageTest" time="0">
    <skipped message="session not created&#10;from disconnected: unable to connect to renderer&#10;  (Session info: chrome=85.0.4183.121)&#10;Build info: version: &apos;3.141.59&apos;, revision: &apos;e82be7d358&apos;, time: &apos;2018-11-14T08:17:03&apos;&#10;System info: host: &apos;DESKTOP-F15B8L7&apos;, ip: &apos;169.254.252.52&apos;, os.name: &apos;Windows 10&apos;, os.arch: &apos;amd64&apos;, os.version: &apos;10.0&apos;, java.version: &apos;11.0.5&apos;&#10;Driver info: driver.version: ChromeDriver&#10;remote stacktrace: Backtrace:&#10;	Ordinal0 [0x00A287E3+2852835]&#10;	Ordinal0 [0x00915BB1+1727409]&#10;	Ordinal0 [0x007EE4B9+517305]&#10;	Ordinal0 [0x007E4EA3+478883]&#10;	Ordinal0 [0x007EF300+520960]&#10;	Ordinal0 [0x0079E489+189577]&#10;	Ordinal0 [0x0079D7FD+186365]&#10;	Ordinal0 [0x0079B70B+177931]&#10;	Ordinal0 [0x00782584+75140]&#10;	Ordinal0 [0x00783650+79440]&#10;	Ordinal0 [0x007835E9+79337]&#10;	Ordinal0 [0x0092AD5C+1813852]&#10;	GetHandleVerifier [0x00B4C616+1075574]&#10;	GetHandleVerifier [0x00B4C367+1074887]&#10;	GetHandleVerifier [0x00B57497+1120247]&#10;	GetHandleVerifier [0x00B4CC16+1077110]&#10;	Ordinal0 [0x00923206+1782278]&#10;	Ordinal0 [0x0092C3BB+1819579]&#10;	Ordinal0 [0x0092C523+1819939]&#10;	Ordinal0 [0x00942B45+1911621]&#10;	BaseThreadInitThunk [0x75C66359+25]&#10;	RtlGetAppContainerNamedObjectPath [0x77077C24+228]&#10;	RtlGetAppContainerNamedObjectPath [0x77077BF4+180]&#10;"/>
  </testcase>
  <testcase name="testverifyClickGiftCardsTabByText" classname="home.HomePageTest" time="0">
    <skipped message="session not created&#10;from disconnected: unable to connect to renderer&#10;  (Session info: chrome=85.0.4183.121)&#10;Build info: version: &apos;3.141.59&apos;, revision: &apos;e82be7d358&apos;, time: &apos;2018-11-14T08:17:03&apos;&#10;System info: host: &apos;DESKTOP-F15B8L7&apos;, ip: &apos;169.254.252.52&apos;, os.name: &apos;Windows 10&apos;, os.arch: &apos;amd64&apos;, os.version: &apos;10.0&apos;, java.version: &apos;11.0.5&apos;&#10;Driver info: driver.version: ChromeDriver&#10;remote stacktrace: Backtrace:&#10;	Ordinal0 [0x00A287E3+2852835]&#10;	Ordinal0 [0x00915BB1+1727409]&#10;	Ordinal0 [0x007EE4B9+517305]&#10;	Ordinal0 [0x007E4EA3+478883]&#10;	Ordinal0 [0x007EF300+520960]&#10;	Ordinal0 [0x0079E489+189577]&#10;	Ordinal0 [0x0079D7FD+186365]&#10;	Ordinal0 [0x0079B70B+177931]&#10;	Ordinal0 [0x00782584+75140]&#10;	Ordinal0 [0x00783650+79440]&#10;	Ordinal0 [0x007835E9+79337]&#10;	Ordinal0 [0x0092AD5C+1813852]&#10;	GetHandleVerifier [0x00B4C616+1075574]&#10;	GetHandleVerifier [0x00B4C367+1074887]&#10;	GetHandleVerifier [0x00B57497+1120247]&#10;	GetHandleVerifier [0x00B4CC16+1077110]&#10;	Ordinal0 [0x00923206+1782278]&#10;	Ordinal0 [0x0092C3BB+1819579]&#10;	Ordinal0 [0x0092C523+1819939]&#10;	Ordinal0 [0x00942B45+1911621]&#10;	BaseThreadInitThunk [0x75C66359+25]&#10;	RtlGetAppContainerNamedObjectPath [0x77077C24+228]&#10;	RtlGetAppContainerNamedObjectPath [0x77077BF4+180]&#10;"/>
  </testcase>
  <testcase name="setUp[false, browserstack, Windows, 10, chrome-options, 85.0, https://www.amazon.com/](0)" classname="registration.RegistrationPageTest" time="61.225">
    <failure message="session not created&#10;from disconnected: unable to connect to renderer&#10;  (Session info: chrome=85.0.4183.121)&#10;Build info: version: &apos;3.141.59&apos;, revision: &apos;e82be7d358&apos;, time: &apos;2018-11-14T08:17:03&apos;&#10;System info: host: &apos;DESKTOP-F15B8L7&apos;, ip: &apos;169.254.252.52&apos;, os.name: &apos;Windows 10&apos;, os.arch: &apos;amd64&apos;, os.version: &apos;10.0&apos;, java.version: &apos;11.0.5&apos;&#10;Driver info: driver.version: ChromeDriver&#10;remote stacktrace: Backtrace:&#10;	Ordinal0 [0x00A287E3+2852835]&#10;	Ordinal0 [0x00915BB1+1727409]&#10;	Ordinal0 [0x007EE4B9+517305]&#10;	Ordinal0 [0x007E4EA3+478883]&#10;	Ordinal0 [0x007EF300+520960]&#10;	Ordinal0 [0x0079E489+189577]&#10;	Ordinal0 [0x0079D7FD+186365]&#10;	Ordinal0 [0x0079B70B+177931]&#10;	Ordinal0 [0x00782584+75140]&#10;	Ordinal0 [0x00783650+79440]&#10;	Ordinal0 [0x007835E9+79337]&#10;	Ordinal0 [0x0092AD5C+1813852]&#10;	GetHandleVerifier [0x00B4C616+1075574]&#10;	GetHandleVerifier [0x00B4C367+1074887]&#10;	GetHandleVerifier [0x00B57497+1120247]&#10;	GetHandleVerifier [0x00B4CC16+1077110]&#10;	Ordinal0 [0x00923206+1782278]&#10;	Ordinal0 [0x0092C3BB+1819579]&#10;	Ordinal0 [0x0092C523+1819939]&#10;	Ordinal0 [0x00942B45+1911621]&#10;	BaseThreadInitThunk [0x75C66359+25]&#10;	RtlGetAppContainerNamedObjectPath [0x77077C24+228]&#10;	RtlGetAppContainerNamedObjectPath [0x77077BF4+180]&#10;" type="org.openqa.selenium.SessionNotCreatedException"><![CDATA[org.openqa.selenium.SessionNotCreatedException: 
session not created
from disconnected: unable to connect to renderer
  (Session info: chrome=85.0.4183.121)
Build info: version: '3.141.59', revision: 'e82be7d358', time: '2018-11-14T08:17:03'
System info: host: 'DESKTOP-F15B8L7', ip: '169.254.252.52', os.name: 'Windows 10', os.arch: 'amd64', os.version: '10.0', java.version: '11.0.5'
Driver info: driver.version: ChromeDriver
remote stacktrace: Backtrace:
	Ordinal0 [0x00A287E3+2852835]
	Ordinal0 [0x00915BB1+1727409]
	Ordinal0 [0x007EE4B9+517305]
	Ordinal0 [0x007E4EA3+478883]
	Ordinal0 [0x007EF300+520960]
	Ordinal0 [0x0079E489+189577]
	Ordinal0 [0x0079D7FD+186365]
	Ordinal0 [0x0079B70B+177931]
	Ordinal0 [0x00782584+75140]
	Ordinal0 [0x00783650+79440]
	Ordinal0 [0x007835E9+79337]
	Ordinal0 [0x0092AD5C+1813852]
	GetHandleVerifier [0x00B4C616+1075574]
	GetHandleVerifier [0x00B4C367+1074887]
	GetHandleVerifier [0x00B57497+1120247]
	GetHandleVerifier [0x00B4CC16+1077110]
	Ordinal0 [0x00923206+1782278]
	Ordinal0 [0x0092C3BB+1819579]
	Ordinal0 [0x0092C523+1819939]
	Ordinal0 [0x00942B45+1911621]
	BaseThreadInitThunk [0x75C66359+25]
	RtlGetAppContainerNamedObjectPath [0x77077C24+228]
	RtlGetAppContainerNamedObjectPath [0x77077BF4+180]

]]></failure>
    <system-err><![CDATA[Starting ChromeDriver 84.0.4147.30 (48b3e868b4cc0aa7e8149519690b6f6949e110a8-refs/branch-heads/4147@{#310}) on port 2311
Only local connections are allowed.
Please see https://chromedriver.chromium.org/security-considerations for suggestions on keeping ChromeDriver safe.
ChromeDriver was started successfully.
[1601101569.646][WARNING]: This version of ChromeDriver has not been tested with Chrome version 85.
[1601101574.850][WARNING]: Timed out connecting to Chrome, retrying...
[1601101582.851][WARNING]: Timed out connecting to Chrome, retrying...
[1601101598.852][WARNING]: Timed out connecting to Chrome, giving up.
[1601101603.158][WARNING]: Timed out connecting to Chrome, retrying...
[1601101611.352][WARNING]: Timed out connecting to Chrome, retrying...
[1601101627.464][WARNING]: Timed out connecting to Chrome, giving up.
]]></system-err>
  </testcase>
  <testcase name="startExtent" classname="registration.RegistrationPageTest" time="0">
    <skipped/>
  </testcase>
  <testcase name="startExtent" classname="registration.RegistrationPageTest" time="0">
    <skipped/>
  </testcase>
  <testcase name="startExtent" classname="registration.RegistrationPageTest" time="0">
    <skipped/>
  </testcase>
  <testcase name="startExtent" classname="registration.RegistrationPageTest" time="0">
    <skipped/>
  </testcase>
  <testcase name="startExtent" classname="registration.RegistrationPageTest" time="0">
    <skipped/>
  </testcase>
  <testcase name="startExtent" classname="registration.RegistrationPageTest" time="0">
    <skipped/>
  </testcase>
  <testcase name="startExtent" classname="registration.RegistrationPageTest" time="0">
    <skipped/>
  </testcase>
  <testcase name="startExtent" classname="registration.RegistrationPageTest" time="0">
    <skipped/>
  </testcase>
  <testcase name="startExtent" classname="registration.RegistrationPageTest" time="0">
    <skipped/>
  </testcase>
  <testcase name="startExtent" classname="registration.RegistrationPageTest" time="0">
    <skipped/>
  </testcase>
  <testcase name="getInit" classname="registration.RegistrationPageTest" time="0">
    <skipped/>
  </testcase>
  <testcase name="getInit" classname="registration.RegistrationPageTest" time="0">
    <skipped/>
  </testcase>
  <testcase name="getInit" classname="registration.RegistrationPageTest" time="0">
    <skipped/>
  </testcase>
  <testcase name="getInit" classname="registration.RegistrationPageTest" time="0">
    <skipped/>
  </testcase>
  <testcase name="getInit" classname="registration.RegistrationPageTest" time="0">
    <skipped/>
  </testcase>
  <testcase name="getInit" classname="registration.RegistrationPageTest" time="0">
    <skipped/>
  </testcase>
  <testcase name="getInit" classname="registration.RegistrationPageTest" time="0">
    <skipped/>
  </testcase>
  <testcase name="getInit" classname="registration.RegistrationPageTest" time="0">
    <skipped/>
  </testcase>
  <testcase name="getInit" classname="registration.RegistrationPageTest" time="0">
    <skipped/>
  </testcase>
  <testcase name="getInit" classname="registration.RegistrationPageTest" time="0">
    <skipped/>
  </testcase>
  <testcase name="testPasswordMustBeAtLeast6CharacterAlertSignIsEnabled" classname="registration.RegistrationPageTest" time="0">
    <skipped message="session not created&#10;from disconnected: unable to connect to renderer&#10;  (Session info: chrome=85.0.4183.121)&#10;Build info: version: &apos;3.141.59&apos;, revision: &apos;e82be7d358&apos;, time: &apos;2018-11-14T08:17:03&apos;&#10;System info: host: &apos;DESKTOP-F15B8L7&apos;, ip: &apos;169.254.252.52&apos;, os.name: &apos;Windows 10&apos;, os.arch: &apos;amd64&apos;, os.version: &apos;10.0&apos;, java.version: &apos;11.0.5&apos;&#10;Driver info: driver.version: ChromeDriver&#10;remote stacktrace: Backtrace:&#10;	Ordinal0 [0x00A287E3+2852835]&#10;	Ordinal0 [0x00915BB1+1727409]&#10;	Ordinal0 [0x007EE4B9+517305]&#10;	Ordinal0 [0x007E4EA3+478883]&#10;	Ordinal0 [0x007EF300+520960]&#10;	Ordinal0 [0x0079E489+189577]&#10;	Ordinal0 [0x0079D7FD+186365]&#10;	Ordinal0 [0x0079B70B+177931]&#10;	Ordinal0 [0x00782584+75140]&#10;	Ordinal0 [0x00783650+79440]&#10;	Ordinal0 [0x007835E9+79337]&#10;	Ordinal0 [0x0092AD5C+1813852]&#10;	GetHandleVerifier [0x00B4C616+1075574]&#10;	GetHandleVerifier [0x00B4C367+1074887]&#10;	GetHandleVerifier [0x00B57497+1120247]&#10;	GetHandleVerifier [0x00B4CC16+1077110]&#10;	Ordinal0 [0x00923206+1782278]&#10;	Ordinal0 [0x0092C3BB+1819579]&#10;	Ordinal0 [0x0092C523+1819939]&#10;	Ordinal0 [0x00942B45+1911621]&#10;	BaseThreadInitThunk [0x75C66359+25]&#10;	RtlGetAppContainerNamedObjectPath [0x77077C24+228]&#10;	RtlGetAppContainerNamedObjectPath [0x77077BF4+180]&#10;"/>
  </testcase>
  <testcase name="afterEachTestMethod" classname="registration.RegistrationPageTest" time="0">
    <skipped/>
  </testcase>
  <testcase name="afterEachTestMethod" classname="registration.RegistrationPageTest" time="0">
    <skipped/>
  </testcase>
  <testcase name="afterEachTestMethod" classname="registration.RegistrationPageTest" time="0">
    <skipped/>
  </testcase>
  <testcase name="afterEachTestMethod" classname="registration.RegistrationPageTest" time="0">
    <skipped/>
  </testcase>
  <testcase name="afterEachTestMethod" classname="registration.RegistrationPageTest" time="0">
    <skipped/>
  </testcase>
  <testcase name="afterEachTestMethod" classname="registration.RegistrationPageTest" time="0">
    <skipped/>
  </testcase>
  <testcase name="afterEachTestMethod" classname="registration.RegistrationPageTest" time="0">
    <skipped/>
  </testcase>
  <testcase name="afterEachTestMethod" classname="registration.RegistrationPageTest" time="0">
    <skipped/>
  </testcase>
  <testcase name="afterEachTestMethod" classname="registration.RegistrationPageTest" time="0">
    <skipped/>
  </testcase>
  <testcase name="afterEachTestMethod" classname="registration.RegistrationPageTest" time="0">
    <skipped/>
  </testcase>
  <testcase name="setUp" classname="registration.RegistrationPageTest" time="0">
    <skipped/>
  </testcase>
  <testcase name="setUp" classname="registration.RegistrationPageTest" time="0">
    <skipped/>
  </testcase>
  <testcase name="setUp" classname="registration.RegistrationPageTest" time="0">
    <skipped/>
  </testcase>
  <testcase name="setUp" classname="registration.RegistrationPageTest" time="0">
    <skipped/>
  </testcase>
  <testcase name="setUp" classname="registration.RegistrationPageTest" time="0">
    <skipped/>
  </testcase>
  <testcase name="setUp" classname="registration.RegistrationPageTest" time="0">
    <skipped/>
  </testcase>
  <testcase name="setUp" classname="registration.RegistrationPageTest" time="0">
    <skipped/>
  </testcase>
  <testcase name="setUp" classname="registration.RegistrationPageTest" time="0">
    <skipped/>
  </testcase>
  <testcase name="setUp" classname="registration.RegistrationPageTest" time="0">
    <skipped/>
  </testcase>
  <testcase name="testVerifyClickStartHere" classname="registration.RegistrationPageTest" time="0">
    <skipped message="session not created&#10;from disconnected: unable to connect to renderer&#10;  (Session info: chrome=85.0.4183.121)&#10;Build info: version: &apos;3.141.59&apos;, revision: &apos;e82be7d358&apos;, time: &apos;2018-11-14T08:17:03&apos;&#10;System info: host: &apos;DESKTOP-F15B8L7&apos;, ip: &apos;169.254.252.52&apos;, os.name: &apos;Windows 10&apos;, os.arch: &apos;amd64&apos;, os.version: &apos;10.0&apos;, java.version: &apos;11.0.5&apos;&#10;Driver info: driver.version: ChromeDriver&#10;remote stacktrace: Backtrace:&#10;	Ordinal0 [0x00A287E3+2852835]&#10;	Ordinal0 [0x00915BB1+1727409]&#10;	Ordinal0 [0x007EE4B9+517305]&#10;	Ordinal0 [0x007E4EA3+478883]&#10;	Ordinal0 [0x007EF300+520960]&#10;	Ordinal0 [0x0079E489+189577]&#10;	Ordinal0 [0x0079D7FD+186365]&#10;	Ordinal0 [0x0079B70B+177931]&#10;	Ordinal0 [0x00782584+75140]&#10;	Ordinal0 [0x00783650+79440]&#10;	Ordinal0 [0x007835E9+79337]&#10;	Ordinal0 [0x0092AD5C+1813852]&#10;	GetHandleVerifier [0x00B4C616+1075574]&#10;	GetHandleVerifier [0x00B4C367+1074887]&#10;	GetHandleVerifier [0x00B57497+1120247]&#10;	GetHandleVerifier [0x00B4CC16+1077110]&#10;	Ordinal0 [0x00923206+1782278]&#10;	Ordinal0 [0x0092C3BB+1819579]&#10;	Ordinal0 [0x0092C523+1819939]&#10;	Ordinal0 [0x00942B45+1911621]&#10;	BaseThreadInitThunk [0x75C66359+25]&#10;	RtlGetAppContainerNamedObjectPath [0x77077C24+228]&#10;	RtlGetAppContainerNamedObjectPath [0x77077BF4+180]&#10;"/>
  </testcase>
  <testcase name="testVerifyEnterAValidEmailAddressAlertSignIsDisplayed" classname="registration.RegistrationPageTest" time="0">
    <skipped message="session not created&#10;from disconnected: unable to connect to renderer&#10;  (Session info: chrome=85.0.4183.121)&#10;Build info: version: &apos;3.141.59&apos;, revision: &apos;e82be7d358&apos;, time: &apos;2018-11-14T08:17:03&apos;&#10;System info: host: &apos;DESKTOP-F15B8L7&apos;, ip: &apos;169.254.252.52&apos;, os.name: &apos;Windows 10&apos;, os.arch: &apos;amd64&apos;, os.version: &apos;10.0&apos;, java.version: &apos;11.0.5&apos;&#10;Driver info: driver.version: ChromeDriver&#10;remote stacktrace: Backtrace:&#10;	Ordinal0 [0x00A287E3+2852835]&#10;	Ordinal0 [0x00915BB1+1727409]&#10;	Ordinal0 [0x007EE4B9+517305]&#10;	Ordinal0 [0x007E4EA3+478883]&#10;	Ordinal0 [0x007EF300+520960]&#10;	Ordinal0 [0x0079E489+189577]&#10;	Ordinal0 [0x0079D7FD+186365]&#10;	Ordinal0 [0x0079B70B+177931]&#10;	Ordinal0 [0x00782584+75140]&#10;	Ordinal0 [0x00783650+79440]&#10;	Ordinal0 [0x007835E9+79337]&#10;	Ordinal0 [0x0092AD5C+1813852]&#10;	GetHandleVerifier [0x00B4C616+1075574]&#10;	GetHandleVerifier [0x00B4C367+1074887]&#10;	GetHandleVerifier [0x00B57497+1120247]&#10;	GetHandleVerifier [0x00B4CC16+1077110]&#10;	Ordinal0 [0x00923206+1782278]&#10;	Ordinal0 [0x0092C3BB+1819579]&#10;	Ordinal0 [0x0092C523+1819939]&#10;	Ordinal0 [0x00942B45+1911621]&#10;	BaseThreadInitThunk [0x75C66359+25]&#10;	RtlGetAppContainerNamedObjectPath [0x77077C24+228]&#10;	RtlGetAppContainerNamedObjectPath [0x77077BF4+180]&#10;"/>
  </testcase>
  <testcase name="testVerifyEnterYourEmailAlertSignIsDisplayed" classname="registration.RegistrationPageTest" time="0">
    <skipped message="session not created&#10;from disconnected: unable to connect to renderer&#10;  (Session info: chrome=85.0.4183.121)&#10;Build info: version: &apos;3.141.59&apos;, revision: &apos;e82be7d358&apos;, time: &apos;2018-11-14T08:17:03&apos;&#10;System info: host: &apos;DESKTOP-F15B8L7&apos;, ip: &apos;169.254.252.52&apos;, os.name: &apos;Windows 10&apos;, os.arch: &apos;amd64&apos;, os.version: &apos;10.0&apos;, java.version: &apos;11.0.5&apos;&#10;Driver info: driver.version: ChromeDriver&#10;remote stacktrace: Backtrace:&#10;	Ordinal0 [0x00A287E3+2852835]&#10;	Ordinal0 [0x00915BB1+1727409]&#10;	Ordinal0 [0x007EE4B9+517305]&#10;	Ordinal0 [0x007E4EA3+478883]&#10;	Ordinal0 [0x007EF300+520960]&#10;	Ordinal0 [0x0079E489+189577]&#10;	Ordinal0 [0x0079D7FD+186365]&#10;	Ordinal0 [0x0079B70B+177931]&#10;	Ordinal0 [0x00782584+75140]&#10;	Ordinal0 [0x00783650+79440]&#10;	Ordinal0 [0x007835E9+79337]&#10;	Ordinal0 [0x0092AD5C+1813852]&#10;	GetHandleVerifier [0x00B4C616+1075574]&#10;	GetHandleVerifier [0x00B4C367+1074887]&#10;	GetHandleVerifier [0x00B57497+1120247]&#10;	GetHandleVerifier [0x00B4CC16+1077110]&#10;	Ordinal0 [0x00923206+1782278]&#10;	Ordinal0 [0x0092C3BB+1819579]&#10;	Ordinal0 [0x0092C523+1819939]&#10;	Ordinal0 [0x00942B45+1911621]&#10;	BaseThreadInitThunk [0x75C66359+25]&#10;	RtlGetAppContainerNamedObjectPath [0x77077C24+228]&#10;	RtlGetAppContainerNamedObjectPath [0x77077BF4+180]&#10;"/>
  </testcase>
  <testcase name="testVerifyEnterYourNameAlertSignIsDisplayed" classname="registration.RegistrationPageTest" time="0">
    <skipped message="session not created&#10;from disconnected: unable to connect to renderer&#10;  (Session info: chrome=85.0.4183.121)&#10;Build info: version: &apos;3.141.59&apos;, revision: &apos;e82be7d358&apos;, time: &apos;2018-11-14T08:17:03&apos;&#10;System info: host: &apos;DESKTOP-F15B8L7&apos;, ip: &apos;169.254.252.52&apos;, os.name: &apos;Windows 10&apos;, os.arch: &apos;amd64&apos;, os.version: &apos;10.0&apos;, java.version: &apos;11.0.5&apos;&#10;Driver info: driver.version: ChromeDriver&#10;remote stacktrace: Backtrace:&#10;	Ordinal0 [0x00A287E3+2852835]&#10;	Ordinal0 [0x00915BB1+1727409]&#10;	Ordinal0 [0x007EE4B9+517305]&#10;	Ordinal0 [0x007E4EA3+478883]&#10;	Ordinal0 [0x007EF300+520960]&#10;	Ordinal0 [0x0079E489+189577]&#10;	Ordinal0 [0x0079D7FD+186365]&#10;	Ordinal0 [0x0079B70B+177931]&#10;	Ordinal0 [0x00782584+75140]&#10;	Ordinal0 [0x00783650+79440]&#10;	Ordinal0 [0x007835E9+79337]&#10;	Ordinal0 [0x0092AD5C+1813852]&#10;	GetHandleVerifier [0x00B4C616+1075574]&#10;	GetHandleVerifier [0x00B4C367+1074887]&#10;	GetHandleVerifier [0x00B57497+1120247]&#10;	GetHandleVerifier [0x00B4CC16+1077110]&#10;	Ordinal0 [0x00923206+1782278]&#10;	Ordinal0 [0x0092C3BB+1819579]&#10;	Ordinal0 [0x0092C523+1819939]&#10;	Ordinal0 [0x00942B45+1911621]&#10;	BaseThreadInitThunk [0x75C66359+25]&#10;	RtlGetAppContainerNamedObjectPath [0x77077C24+228]&#10;	RtlGetAppContainerNamedObjectPath [0x77077BF4+180]&#10;"/>
  </testcase>
  <testcase name="testVerifyEnterYourPasswordAlertSignIsDisplayed" classname="registration.RegistrationPageTest" time="0">
    <skipped message="session not created&#10;from disconnected: unable to connect to renderer&#10;  (Session info: chrome=85.0.4183.121)&#10;Build info: version: &apos;3.141.59&apos;, revision: &apos;e82be7d358&apos;, time: &apos;2018-11-14T08:17:03&apos;&#10;System info: host: &apos;DESKTOP-F15B8L7&apos;, ip: &apos;169.254.252.52&apos;, os.name: &apos;Windows 10&apos;, os.arch: &apos;amd64&apos;, os.version: &apos;10.0&apos;, java.version: &apos;11.0.5&apos;&#10;Driver info: driver.version: ChromeDriver&#10;remote stacktrace: Backtrace:&#10;	Ordinal0 [0x00A287E3+2852835]&#10;	Ordinal0 [0x00915BB1+1727409]&#10;	Ordinal0 [0x007EE4B9+517305]&#10;	Ordinal0 [0x007E4EA3+478883]&#10;	Ordinal0 [0x007EF300+520960]&#10;	Ordinal0 [0x0079E489+189577]&#10;	Ordinal0 [0x0079D7FD+186365]&#10;	Ordinal0 [0x0079B70B+177931]&#10;	Ordinal0 [0x00782584+75140]&#10;	Ordinal0 [0x00783650+79440]&#10;	Ordinal0 [0x007835E9+79337]&#10;	Ordinal0 [0x0092AD5C+1813852]&#10;	GetHandleVerifier [0x00B4C616+1075574]&#10;	GetHandleVerifier [0x00B4C367+1074887]&#10;	GetHandleVerifier [0x00B57497+1120247]&#10;	GetHandleVerifier [0x00B4CC16+1077110]&#10;	Ordinal0 [0x00923206+1782278]&#10;	Ordinal0 [0x0092C3BB+1819579]&#10;	Ordinal0 [0x0092C523+1819939]&#10;	Ordinal0 [0x00942B45+1911621]&#10;	BaseThreadInitThunk [0x75C66359+25]&#10;	RtlGetAppContainerNamedObjectPath [0x77077C24+228]&#10;	RtlGetAppContainerNamedObjectPath [0x77077BF4+180]&#10;"/>
  </testcase>
  <testcase name="testVerifyNavigateToAmazonSellerSignUpPageByTitle" classname="registration.RegistrationPageTest" time="0">
    <skipped message="session not created&#10;from disconnected: unable to connect to renderer&#10;  (Session info: chrome=85.0.4183.121)&#10;Build info: version: &apos;3.141.59&apos;, revision: &apos;e82be7d358&apos;, time: &apos;2018-11-14T08:17:03&apos;&#10;System info: host: &apos;DESKTOP-F15B8L7&apos;, ip: &apos;169.254.252.52&apos;, os.name: &apos;Windows 10&apos;, os.arch: &apos;amd64&apos;, os.version: &apos;10.0&apos;, java.version: &apos;11.0.5&apos;&#10;Driver info: driver.version: ChromeDriver&#10;remote stacktrace: Backtrace:&#10;	Ordinal0 [0x00A287E3+2852835]&#10;	Ordinal0 [0x00915BB1+1727409]&#10;	Ordinal0 [0x007EE4B9+517305]&#10;	Ordinal0 [0x007E4EA3+478883]&#10;	Ordinal0 [0x007EF300+520960]&#10;	Ordinal0 [0x0079E489+189577]&#10;	Ordinal0 [0x0079D7FD+186365]&#10;	Ordinal0 [0x0079B70B+177931]&#10;	Ordinal0 [0x00782584+75140]&#10;	Ordinal0 [0x00783650+79440]&#10;	Ordinal0 [0x007835E9+79337]&#10;	Ordinal0 [0x0092AD5C+1813852]&#10;	GetHandleVerifier [0x00B4C616+1075574]&#10;	GetHandleVerifier [0x00B4C367+1074887]&#10;	GetHandleVerifier [0x00B57497+1120247]&#10;	GetHandleVerifier [0x00B4CC16+1077110]&#10;	Ordinal0 [0x00923206+1782278]&#10;	Ordinal0 [0x0092C3BB+1819579]&#10;	Ordinal0 [0x0092C523+1819939]&#10;	Ordinal0 [0x00942B45+1911621]&#10;	BaseThreadInitThunk [0x75C66359+25]&#10;	RtlGetAppContainerNamedObjectPath [0x77077C24+228]&#10;	RtlGetAppContainerNamedObjectPath [0x77077BF4+180]&#10;"/>
  </testcase>
  <testcase name="testVerifyNewAccountCaptchaIsDisplayed" classname="registration.RegistrationPageTest" time="0">
    <skipped message="session not created&#10;from disconnected: unable to connect to renderer&#10;  (Session info: chrome=85.0.4183.121)&#10;Build info: version: &apos;3.141.59&apos;, revision: &apos;e82be7d358&apos;, time: &apos;2018-11-14T08:17:03&apos;&#10;System info: host: &apos;DESKTOP-F15B8L7&apos;, ip: &apos;169.254.252.52&apos;, os.name: &apos;Windows 10&apos;, os.arch: &apos;amd64&apos;, os.version: &apos;10.0&apos;, java.version: &apos;11.0.5&apos;&#10;Driver info: driver.version: ChromeDriver&#10;remote stacktrace: Backtrace:&#10;	Ordinal0 [0x00A287E3+2852835]&#10;	Ordinal0 [0x00915BB1+1727409]&#10;	Ordinal0 [0x007EE4B9+517305]&#10;	Ordinal0 [0x007E4EA3+478883]&#10;	Ordinal0 [0x007EF300+520960]&#10;	Ordinal0 [0x0079E489+189577]&#10;	Ordinal0 [0x0079D7FD+186365]&#10;	Ordinal0 [0x0079B70B+177931]&#10;	Ordinal0 [0x00782584+75140]&#10;	Ordinal0 [0x00783650+79440]&#10;	Ordinal0 [0x007835E9+79337]&#10;	Ordinal0 [0x0092AD5C+1813852]&#10;	GetHandleVerifier [0x00B4C616+1075574]&#10;	GetHandleVerifier [0x00B4C367+1074887]&#10;	GetHandleVerifier [0x00B57497+1120247]&#10;	GetHandleVerifier [0x00B4CC16+1077110]&#10;	Ordinal0 [0x00923206+1782278]&#10;	Ordinal0 [0x0092C3BB+1819579]&#10;	Ordinal0 [0x0092C523+1819939]&#10;	Ordinal0 [0x00942B45+1911621]&#10;	BaseThreadInitThunk [0x75C66359+25]&#10;	RtlGetAppContainerNamedObjectPath [0x77077C24+228]&#10;	RtlGetAppContainerNamedObjectPath [0x77077BF4+180]&#10;"/>
  </testcase>
  <testcase name="testVerifyPasswordsMustMatchAlertIsDisplayed" classname="registration.RegistrationPageTest" time="0">
    <skipped message="session not created&#10;from disconnected: unable to connect to renderer&#10;  (Session info: chrome=85.0.4183.121)&#10;Build info: version: &apos;3.141.59&apos;, revision: &apos;e82be7d358&apos;, time: &apos;2018-11-14T08:17:03&apos;&#10;System info: host: &apos;DESKTOP-F15B8L7&apos;, ip: &apos;169.254.252.52&apos;, os.name: &apos;Windows 10&apos;, os.arch: &apos;amd64&apos;, os.version: &apos;10.0&apos;, java.version: &apos;11.0.5&apos;&#10;Driver info: driver.version: ChromeDriver&#10;remote stacktrace: Backtrace:&#10;	Ordinal0 [0x00A287E3+2852835]&#10;	Ordinal0 [0x00915BB1+1727409]&#10;	Ordinal0 [0x007EE4B9+517305]&#10;	Ordinal0 [0x007E4EA3+478883]&#10;	Ordinal0 [0x007EF300+520960]&#10;	Ordinal0 [0x0079E489+189577]&#10;	Ordinal0 [0x0079D7FD+186365]&#10;	Ordinal0 [0x0079B70B+177931]&#10;	Ordinal0 [0x00782584+75140]&#10;	Ordinal0 [0x00783650+79440]&#10;	Ordinal0 [0x007835E9+79337]&#10;	Ordinal0 [0x0092AD5C+1813852]&#10;	GetHandleVerifier [0x00B4C616+1075574]&#10;	GetHandleVerifier [0x00B4C367+1074887]&#10;	GetHandleVerifier [0x00B57497+1120247]&#10;	GetHandleVerifier [0x00B4CC16+1077110]&#10;	Ordinal0 [0x00923206+1782278]&#10;	Ordinal0 [0x0092C3BB+1819579]&#10;	Ordinal0 [0x0092C523+1819939]&#10;	Ordinal0 [0x00942B45+1911621]&#10;	BaseThreadInitThunk [0x75C66359+25]&#10;	RtlGetAppContainerNamedObjectPath [0x77077C24+228]&#10;	RtlGetAppContainerNamedObjectPath [0x77077BF4+180]&#10;"/>
  </testcase>
  <testcase name="testVerifyTypeYourPasswordAgainAlertSignIsDisplayed" classname="registration.RegistrationPageTest" time="0">
    <skipped message="session not created&#10;from disconnected: unable to connect to renderer&#10;  (Session info: chrome=85.0.4183.121)&#10;Build info: version: &apos;3.141.59&apos;, revision: &apos;e82be7d358&apos;, time: &apos;2018-11-14T08:17:03&apos;&#10;System info: host: &apos;DESKTOP-F15B8L7&apos;, ip: &apos;169.254.252.52&apos;, os.name: &apos;Windows 10&apos;, os.arch: &apos;amd64&apos;, os.version: &apos;10.0&apos;, java.version: &apos;11.0.5&apos;&#10;Driver info: driver.version: ChromeDriver&#10;remote stacktrace: Backtrace:&#10;	Ordinal0 [0x00A287E3+2852835]&#10;	Ordinal0 [0x00915BB1+1727409]&#10;	Ordinal0 [0x007EE4B9+517305]&#10;	Ordinal0 [0x007E4EA3+478883]&#10;	Ordinal0 [0x007EF300+520960]&#10;	Ordinal0 [0x0079E489+189577]&#10;	Ordinal0 [0x0079D7FD+186365]&#10;	Ordinal0 [0x0079B70B+177931]&#10;	Ordinal0 [0x00782584+75140]&#10;	Ordinal0 [0x00783650+79440]&#10;	Ordinal0 [0x007835E9+79337]&#10;	Ordinal0 [0x0092AD5C+1813852]&#10;	GetHandleVerifier [0x00B4C616+1075574]&#10;	GetHandleVerifier [0x00B4C367+1074887]&#10;	GetHandleVerifier [0x00B57497+1120247]&#10;	GetHandleVerifier [0x00B4CC16+1077110]&#10;	Ordinal0 [0x00923206+1782278]&#10;	Ordinal0 [0x0092C3BB+1819579]&#10;	Ordinal0 [0x0092C523+1819939]&#10;	Ordinal0 [0x00942B45+1911621]&#10;	BaseThreadInitThunk [0x75C66359+25]&#10;	RtlGetAppContainerNamedObjectPath [0x77077C24+228]&#10;	RtlGetAppContainerNamedObjectPath [0x77077BF4+180]&#10;"/>
  </testcase>
  <testcase name="setUp[false, browserstack, Windows, 10, chrome-options, 85.0, https://www.amazon.com/](0)" classname="search.SearchTest" time="59.724">
    <failure message="session not created&#10;from disconnected: unable to connect to renderer&#10;  (Session info: chrome=85.0.4183.121)&#10;Build info: version: &apos;3.141.59&apos;, revision: &apos;e82be7d358&apos;, time: &apos;2018-11-14T08:17:03&apos;&#10;System info: host: &apos;DESKTOP-F15B8L7&apos;, ip: &apos;169.254.252.52&apos;, os.name: &apos;Windows 10&apos;, os.arch: &apos;amd64&apos;, os.version: &apos;10.0&apos;, java.version: &apos;11.0.5&apos;&#10;Driver info: driver.version: ChromeDriver&#10;remote stacktrace: Backtrace:&#10;	Ordinal0 [0x00A287E3+2852835]&#10;	Ordinal0 [0x00915BB1+1727409]&#10;	Ordinal0 [0x007EE4B9+517305]&#10;	Ordinal0 [0x007E4EA3+478883]&#10;	Ordinal0 [0x007EF300+520960]&#10;	Ordinal0 [0x0079E489+189577]&#10;	Ordinal0 [0x0079D7FD+186365]&#10;	Ordinal0 [0x0079B70B+177931]&#10;	Ordinal0 [0x00782584+75140]&#10;	Ordinal0 [0x00783650+79440]&#10;	Ordinal0 [0x007835E9+79337]&#10;	Ordinal0 [0x0092AD5C+1813852]&#10;	GetHandleVerifier [0x00B4C616+1075574]&#10;	GetHandleVerifier [0x00B4C367+1074887]&#10;	GetHandleVerifier [0x00B57497+1120247]&#10;	GetHandleVerifier [0x00B4CC16+1077110]&#10;	Ordinal0 [0x00923206+1782278]&#10;	Ordinal0 [0x0092C3BB+1819579]&#10;	Ordinal0 [0x0092C523+1819939]&#10;	Ordinal0 [0x00942B45+1911621]&#10;	BaseThreadInitThunk [0x75C66359+25]&#10;	RtlGetAppContainerNamedObjectPath [0x77077C24+228]&#10;	RtlGetAppContainerNamedObjectPath [0x77077BF4+180]&#10;" type="org.openqa.selenium.SessionNotCreatedException"><![CDATA[org.openqa.selenium.SessionNotCreatedException: 
session not created
from disconnected: unable to connect to renderer
  (Session info: chrome=85.0.4183.121)
Build info: version: '3.141.59', revision: 'e82be7d358', time: '2018-11-14T08:17:03'
System info: host: 'DESKTOP-F15B8L7', ip: '169.254.252.52', os.name: 'Windows 10', os.arch: 'amd64', os.version: '10.0', java.version: '11.0.5'
Driver info: driver.version: ChromeDriver
remote stacktrace: Backtrace:
	Ordinal0 [0x00A287E3+2852835]
	Ordinal0 [0x00915BB1+1727409]
	Ordinal0 [0x007EE4B9+517305]
	Ordinal0 [0x007E4EA3+478883]
	Ordinal0 [0x007EF300+520960]
	Ordinal0 [0x0079E489+189577]
	Ordinal0 [0x0079D7FD+186365]
	Ordinal0 [0x0079B70B+177931]
	Ordinal0 [0x00782584+75140]
	Ordinal0 [0x00783650+79440]
	Ordinal0 [0x007835E9+79337]
	Ordinal0 [0x0092AD5C+1813852]
	GetHandleVerifier [0x00B4C616+1075574]
	GetHandleVerifier [0x00B4C367+1074887]
	GetHandleVerifier [0x00B57497+1120247]
	GetHandleVerifier [0x00B4CC16+1077110]
	Ordinal0 [0x00923206+1782278]
	Ordinal0 [0x0092C3BB+1819579]
	Ordinal0 [0x0092C523+1819939]
	Ordinal0 [0x00942B45+1911621]
	BaseThreadInitThunk [0x75C66359+25]
	RtlGetAppContainerNamedObjectPath [0x77077C24+228]
	RtlGetAppContainerNamedObjectPath [0x77077BF4+180]

]]></failure>
    <system-err><![CDATA[Starting ChromeDriver 84.0.4147.30 (48b3e868b4cc0aa7e8149519690b6f6949e110a8-refs/branch-heads/4147@{#310}) on port 11669
Only local connections are allowed.
Please see https://chromedriver.chromium.org/security-considerations for suggestions on keeping ChromeDriver safe.
ChromeDriver was started successfully.
[1601101630.494][WARNING]: This version of ChromeDriver has not been tested with Chrome version 85.
[1601101635.400][WARNING]: Timed out connecting to Chrome, retrying...
[1601101643.402][WARNING]: Timed out connecting to Chrome, retrying...
[1601101659.404][WARNING]: Timed out connecting to Chrome, giving up.
[1601101663.410][WARNING]: Timed out connecting to Chrome, retrying...
[1601101671.410][WARNING]: Timed out connecting to Chrome, retrying...
[1601101687.411][WARNING]: Timed out connecting to Chrome, giving up.
]]></system-err>
  </testcase>
  <testcase name="startExtent" classname="search.SearchTest" time="0">
    <skipped/>
  </testcase>
  <testcase name="startExtent" classname="search.SearchTest" time="0">
    <skipped/>
  </testcase>
  <testcase name="startExtent" classname="search.SearchTest" time="0">
    <skipped/>
  </testcase>
  <testcase name="startExtent" classname="search.SearchTest" time="0">
    <skipped/>
  </testcase>
  <testcase name="startExtent" classname="search.SearchTest" time="0">
    <skipped/>
  </testcase>
  <testcase name="startExtent" classname="search.SearchTest" time="0">
    <skipped/>
  </testcase>
  <testcase name="startExtent" classname="search.SearchTest" time="0">
    <skipped/>
  </testcase>
  <testcase name="startExtent" classname="search.SearchTest" time="0">
    <skipped/>
  </testcase>
  <testcase name="startExtent" classname="search.SearchTest" time="0">
    <skipped/>
  </testcase>
  <testcase name="getInit" classname="search.SearchTest" time="0">
    <skipped/>
  </testcase>
  <testcase name="getInit" classname="search.SearchTest" time="0">
    <skipped/>
  </testcase>
  <testcase name="getInit" classname="search.SearchTest" time="0">
    <skipped/>
  </testcase>
  <testcase name="getInit" classname="search.SearchTest" time="0">
    <skipped/>
  </testcase>
  <testcase name="getInit" classname="search.SearchTest" time="0">
    <skipped/>
  </testcase>
  <testcase name="getInit" classname="search.SearchTest" time="0">
    <skipped/>
  </testcase>
  <testcase name="getInit" classname="search.SearchTest" time="0">
    <skipped/>
  </testcase>
  <testcase name="getInit" classname="search.SearchTest" time="0">
    <skipped/>
  </testcase>
  <testcase name="getInit" classname="search.SearchTest" time="0">
    <skipped/>
  </testcase>
  <testcase name="testSearchMultipleItems" classname="search.SearchTest" time="0">
    <skipped message="session not created&#10;from disconnected: unable to connect to renderer&#10;  (Session info: chrome=85.0.4183.121)&#10;Build info: version: &apos;3.141.59&apos;, revision: &apos;e82be7d358&apos;, time: &apos;2018-11-14T08:17:03&apos;&#10;System info: host: &apos;DESKTOP-F15B8L7&apos;, ip: &apos;169.254.252.52&apos;, os.name: &apos;Windows 10&apos;, os.arch: &apos;amd64&apos;, os.version: &apos;10.0&apos;, java.version: &apos;11.0.5&apos;&#10;Driver info: driver.version: ChromeDriver&#10;remote stacktrace: Backtrace:&#10;	Ordinal0 [0x00A287E3+2852835]&#10;	Ordinal0 [0x00915BB1+1727409]&#10;	Ordinal0 [0x007EE4B9+517305]&#10;	Ordinal0 [0x007E4EA3+478883]&#10;	Ordinal0 [0x007EF300+520960]&#10;	Ordinal0 [0x0079E489+189577]&#10;	Ordinal0 [0x0079D7FD+186365]&#10;	Ordinal0 [0x0079B70B+177931]&#10;	Ordinal0 [0x00782584+75140]&#10;	Ordinal0 [0x00783650+79440]&#10;	Ordinal0 [0x007835E9+79337]&#10;	Ordinal0 [0x0092AD5C+1813852]&#10;	GetHandleVerifier [0x00B4C616+1075574]&#10;	GetHandleVerifier [0x00B4C367+1074887]&#10;	GetHandleVerifier [0x00B57497+1120247]&#10;	GetHandleVerifier [0x00B4CC16+1077110]&#10;	Ordinal0 [0x00923206+1782278]&#10;	Ordinal0 [0x0092C3BB+1819579]&#10;	Ordinal0 [0x0092C523+1819939]&#10;	Ordinal0 [0x00942B45+1911621]&#10;	BaseThreadInitThunk [0x75C66359+25]&#10;	RtlGetAppContainerNamedObjectPath [0x77077C24+228]&#10;	RtlGetAppContainerNamedObjectPath [0x77077BF4+180]&#10;"/>
  </testcase>
  <testcase name="afterEachTestMethod" classname="search.SearchTest" time="0">
    <skipped/>
  </testcase>
  <testcase name="afterEachTestMethod" classname="search.SearchTest" time="0">
    <skipped/>
  </testcase>
  <testcase name="afterEachTestMethod" classname="search.SearchTest" time="0">
    <skipped/>
  </testcase>
  <testcase name="afterEachTestMethod" classname="search.SearchTest" time="0">
    <skipped/>
  </testcase>
  <testcase name="afterEachTestMethod" classname="search.SearchTest" time="0">
    <skipped/>
  </testcase>
  <testcase name="afterEachTestMethod" classname="search.SearchTest" time="0">
    <skipped/>
  </testcase>
  <testcase name="afterEachTestMethod" classname="search.SearchTest" time="0">
    <skipped/>
  </testcase>
  <testcase name="afterEachTestMethod" classname="search.SearchTest" time="0">
    <skipped/>
  </testcase>
  <testcase name="afterEachTestMethod" classname="search.SearchTest" time="0">
    <skipped/>
  </testcase>
  <testcase name="setUp" classname="search.SearchTest" time="0">
    <skipped/>
  </testcase>
  <testcase name="setUp" classname="search.SearchTest" time="0">
    <skipped/>
  </testcase>
  <testcase name="setUp" classname="search.SearchTest" time="0">
    <skipped/>
  </testcase>
  <testcase name="setUp" classname="search.SearchTest" time="0">
    <skipped/>
  </testcase>
  <testcase name="setUp" classname="search.SearchTest" time="0">
    <skipped/>
  </testcase>
  <testcase name="setUp" classname="search.SearchTest" time="0">
    <skipped/>
  </testcase>
  <testcase name="setUp" classname="search.SearchTest" time="0">
    <skipped/>
  </testcase>
  <testcase name="setUp" classname="search.SearchTest" time="0">
    <skipped/>
  </testcase>
  <testcase name="testSearchSingleItem" classname="search.SearchTest" time="0">
    <skipped message="session not created&#10;from disconnected: unable to connect to renderer&#10;  (Session info: chrome=85.0.4183.121)&#10;Build info: version: &apos;3.141.59&apos;, revision: &apos;e82be7d358&apos;, time: &apos;2018-11-14T08:17:03&apos;&#10;System info: host: &apos;DESKTOP-F15B8L7&apos;, ip: &apos;169.254.252.52&apos;, os.name: &apos;Windows 10&apos;, os.arch: &apos;amd64&apos;, os.version: &apos;10.0&apos;, java.version: &apos;11.0.5&apos;&#10;Driver info: driver.version: ChromeDriver&#10;remote stacktrace: Backtrace:&#10;	Ordinal0 [0x00A287E3+2852835]&#10;	Ordinal0 [0x00915BB1+1727409]&#10;	Ordinal0 [0x007EE4B9+517305]&#10;	Ordinal0 [0x007E4EA3+478883]&#10;	Ordinal0 [0x007EF300+520960]&#10;	Ordinal0 [0x0079E489+189577]&#10;	Ordinal0 [0x0079D7FD+186365]&#10;	Ordinal0 [0x0079B70B+177931]&#10;	Ordinal0 [0x00782584+75140]&#10;	Ordinal0 [0x00783650+79440]&#10;	Ordinal0 [0x007835E9+79337]&#10;	Ordinal0 [0x0092AD5C+1813852]&#10;	GetHandleVerifier [0x00B4C616+1075574]&#10;	GetHandleVerifier [0x00B4C367+1074887]&#10;	GetHandleVerifier [0x00B57497+1120247]&#10;	GetHandleVerifier [0x00B4CC16+1077110]&#10;	Ordinal0 [0x00923206+1782278]&#10;	Ordinal0 [0x0092C3BB+1819579]&#10;	Ordinal0 [0x0092C523+1819939]&#10;	Ordinal0 [0x00942B45+1911621]&#10;	BaseThreadInitThunk [0x75C66359+25]&#10;	RtlGetAppContainerNamedObjectPath [0x77077C24+228]&#10;	RtlGetAppContainerNamedObjectPath [0x77077BF4+180]&#10;"/>
  </testcase>
  <testcase name="testValidateAllDropDown" classname="search.SearchTest" time="0">
    <skipped message="session not created&#10;from disconnected: unable to connect to renderer&#10;  (Session info: chrome=85.0.4183.121)&#10;Build info: version: &apos;3.141.59&apos;, revision: &apos;e82be7d358&apos;, time: &apos;2018-11-14T08:17:03&apos;&#10;System info: host: &apos;DESKTOP-F15B8L7&apos;, ip: &apos;169.254.252.52&apos;, os.name: &apos;Windows 10&apos;, os.arch: &apos;amd64&apos;, os.version: &apos;10.0&apos;, java.version: &apos;11.0.5&apos;&#10;Driver info: driver.version: ChromeDriver&#10;remote stacktrace: Backtrace:&#10;	Ordinal0 [0x00A287E3+2852835]&#10;	Ordinal0 [0x00915BB1+1727409]&#10;	Ordinal0 [0x007EE4B9+517305]&#10;	Ordinal0 [0x007E4EA3+478883]&#10;	Ordinal0 [0x007EF300+520960]&#10;	Ordinal0 [0x0079E489+189577]&#10;	Ordinal0 [0x0079D7FD+186365]&#10;	Ordinal0 [0x0079B70B+177931]&#10;	Ordinal0 [0x00782584+75140]&#10;	Ordinal0 [0x00783650+79440]&#10;	Ordinal0 [0x007835E9+79337]&#10;	Ordinal0 [0x0092AD5C+1813852]&#10;	GetHandleVerifier [0x00B4C616+1075574]&#10;	GetHandleVerifier [0x00B4C367+1074887]&#10;	GetHandleVerifier [0x00B57497+1120247]&#10;	GetHandleVerifier [0x00B4CC16+1077110]&#10;	Ordinal0 [0x00923206+1782278]&#10;	Ordinal0 [0x0092C3BB+1819579]&#10;	Ordinal0 [0x0092C523+1819939]&#10;	Ordinal0 [0x00942B45+1911621]&#10;	BaseThreadInitThunk [0x75C66359+25]&#10;	RtlGetAppContainerNamedObjectPath [0x77077C24+228]&#10;	RtlGetAppContainerNamedObjectPath [0x77077BF4+180]&#10;"/>
  </testcase>
  <testcase name="testValidateSearchItemsFromExcel" classname="search.SearchTest" time="0">
    <skipped message="session not created&#10;from disconnected: unable to connect to renderer&#10;  (Session info: chrome=85.0.4183.121)&#10;Build info: version: &apos;3.141.59&apos;, revision: &apos;e82be7d358&apos;, time: &apos;2018-11-14T08:17:03&apos;&#10;System info: host: &apos;DESKTOP-F15B8L7&apos;, ip: &apos;169.254.252.52&apos;, os.name: &apos;Windows 10&apos;, os.arch: &apos;amd64&apos;, os.version: &apos;10.0&apos;, java.version: &apos;11.0.5&apos;&#10;Driver info: driver.version: ChromeDriver&#10;remote stacktrace: Backtrace:&#10;	Ordinal0 [0x00A287E3+2852835]&#10;	Ordinal0 [0x00915BB1+1727409]&#10;	Ordinal0 [0x007EE4B9+517305]&#10;	Ordinal0 [0x007E4EA3+478883]&#10;	Ordinal0 [0x007EF300+520960]&#10;	Ordinal0 [0x0079E489+189577]&#10;	Ordinal0 [0x0079D7FD+186365]&#10;	Ordinal0 [0x0079B70B+177931]&#10;	Ordinal0 [0x00782584+75140]&#10;	Ordinal0 [0x00783650+79440]&#10;	Ordinal0 [0x007835E9+79337]&#10;	Ordinal0 [0x0092AD5C+1813852]&#10;	GetHandleVerifier [0x00B4C616+1075574]&#10;	GetHandleVerifier [0x00B4C367+1074887]&#10;	GetHandleVerifier [0x00B57497+1120247]&#10;	GetHandleVerifier [0x00B4CC16+1077110]&#10;	Ordinal0 [0x00923206+1782278]&#10;	Ordinal0 [0x0092C3BB+1819579]&#10;	Ordinal0 [0x0092C523+1819939]&#10;	Ordinal0 [0x00942B45+1911621]&#10;	BaseThreadInitThunk [0x75C66359+25]&#10;	RtlGetAppContainerNamedObjectPath [0x77077C24+228]&#10;	RtlGetAppContainerNamedObjectPath [0x77077BF4+180]&#10;"/>
  </testcase>
  <testcase name="testValidateSearchItemsFromMySQL" classname="search.SearchTest" time="0">
    <skipped message="session not created&#10;from disconnected: unable to connect to renderer&#10;  (Session info: chrome=85.0.4183.121)&#10;Build info: version: &apos;3.141.59&apos;, revision: &apos;e82be7d358&apos;, time: &apos;2018-11-14T08:17:03&apos;&#10;System info: host: &apos;DESKTOP-F15B8L7&apos;, ip: &apos;169.254.252.52&apos;, os.name: &apos;Windows 10&apos;, os.arch: &apos;amd64&apos;, os.version: &apos;10.0&apos;, java.version: &apos;11.0.5&apos;&#10;Driver info: driver.version: ChromeDriver&#10;remote stacktrace: Backtrace:&#10;	Ordinal0 [0x00A287E3+2852835]&#10;	Ordinal0 [0x00915BB1+1727409]&#10;	Ordinal0 [0x007EE4B9+517305]&#10;	Ordinal0 [0x007E4EA3+478883]&#10;	Ordinal0 [0x007EF300+520960]&#10;	Ordinal0 [0x0079E489+189577]&#10;	Ordinal0 [0x0079D7FD+186365]&#10;	Ordinal0 [0x0079B70B+177931]&#10;	Ordinal0 [0x00782584+75140]&#10;	Ordinal0 [0x00783650+79440]&#10;	Ordinal0 [0x007835E9+79337]&#10;	Ordinal0 [0x0092AD5C+1813852]&#10;	GetHandleVerifier [0x00B4C616+1075574]&#10;	GetHandleVerifier [0x00B4C367+1074887]&#10;	GetHandleVerifier [0x00B57497+1120247]&#10;	GetHandleVerifier [0x00B4CC16+1077110]&#10;	Ordinal0 [0x00923206+1782278]&#10;	Ordinal0 [0x0092C3BB+1819579]&#10;	Ordinal0 [0x0092C523+1819939]&#10;	Ordinal0 [0x00942B45+1911621]&#10;	BaseThreadInitThunk [0x75C66359+25]&#10;	RtlGetAppContainerNamedObjectPath [0x77077C24+228]&#10;	RtlGetAppContainerNamedObjectPath [0x77077BF4+180]&#10;"/>
  </testcase>
  <testcase name="testValidateSelectComputersFromAllDropdown" classname="search.SearchTest" time="0">
    <skipped message="session not created&#10;from disconnected: unable to connect to renderer&#10;  (Session info: chrome=85.0.4183.121)&#10;Build info: version: &apos;3.141.59&apos;, revision: &apos;e82be7d358&apos;, time: &apos;2018-11-14T08:17:03&apos;&#10;System info: host: &apos;DESKTOP-F15B8L7&apos;, ip: &apos;169.254.252.52&apos;, os.name: &apos;Windows 10&apos;, os.arch: &apos;amd64&apos;, os.version: &apos;10.0&apos;, java.version: &apos;11.0.5&apos;&#10;Driver info: driver.version: ChromeDriver&#10;remote stacktrace: Backtrace:&#10;	Ordinal0 [0x00A287E3+2852835]&#10;	Ordinal0 [0x00915BB1+1727409]&#10;	Ordinal0 [0x007EE4B9+517305]&#10;	Ordinal0 [0x007E4EA3+478883]&#10;	Ordinal0 [0x007EF300+520960]&#10;	Ordinal0 [0x0079E489+189577]&#10;	Ordinal0 [0x0079D7FD+186365]&#10;	Ordinal0 [0x0079B70B+177931]&#10;	Ordinal0 [0x00782584+75140]&#10;	Ordinal0 [0x00783650+79440]&#10;	Ordinal0 [0x007835E9+79337]&#10;	Ordinal0 [0x0092AD5C+1813852]&#10;	GetHandleVerifier [0x00B4C616+1075574]&#10;	GetHandleVerifier [0x00B4C367+1074887]&#10;	GetHandleVerifier [0x00B57497+1120247]&#10;	GetHandleVerifier [0x00B4CC16+1077110]&#10;	Ordinal0 [0x00923206+1782278]&#10;	Ordinal0 [0x0092C3BB+1819579]&#10;	Ordinal0 [0x0092C523+1819939]&#10;	Ordinal0 [0x00942B45+1911621]&#10;	BaseThreadInitThunk [0x75C66359+25]&#10;	RtlGetAppContainerNamedObjectPath [0x77077C24+228]&#10;	RtlGetAppContainerNamedObjectPath [0x77077BF4+180]&#10;"/>
  </testcase>
  <testcase name="testVerifyPurellTextIsDisplayed" classname="search.SearchTest" time="0">
    <skipped message="session not created&#10;from disconnected: unable to connect to renderer&#10;  (Session info: chrome=85.0.4183.121)&#10;Build info: version: &apos;3.141.59&apos;, revision: &apos;e82be7d358&apos;, time: &apos;2018-11-14T08:17:03&apos;&#10;System info: host: &apos;DESKTOP-F15B8L7&apos;, ip: &apos;169.254.252.52&apos;, os.name: &apos;Windows 10&apos;, os.arch: &apos;amd64&apos;, os.version: &apos;10.0&apos;, java.version: &apos;11.0.5&apos;&#10;Driver info: driver.version: ChromeDriver&#10;remote stacktrace: Backtrace:&#10;	Ordinal0 [0x00A287E3+2852835]&#10;	Ordinal0 [0x00915BB1+1727409]&#10;	Ordinal0 [0x007EE4B9+517305]&#10;	Ordinal0 [0x007E4EA3+478883]&#10;	Ordinal0 [0x007EF300+520960]&#10;	Ordinal0 [0x0079E489+189577]&#10;	Ordinal0 [0x0079D7FD+186365]&#10;	Ordinal0 [0x0079B70B+177931]&#10;	Ordinal0 [0x00782584+75140]&#10;	Ordinal0 [0x00783650+79440]&#10;	Ordinal0 [0x007835E9+79337]&#10;	Ordinal0 [0x0092AD5C+1813852]&#10;	GetHandleVerifier [0x00B4C616+1075574]&#10;	GetHandleVerifier [0x00B4C367+1074887]&#10;	GetHandleVerifier [0x00B57497+1120247]&#10;	GetHandleVerifier [0x00B4CC16+1077110]&#10;	Ordinal0 [0x00923206+1782278]&#10;	Ordinal0 [0x0092C3BB+1819579]&#10;	Ordinal0 [0x0092C523+1819939]&#10;	Ordinal0 [0x00942B45+1911621]&#10;	BaseThreadInitThunk [0x75C66359+25]&#10;	RtlGetAppContainerNamedObjectPath [0x77077C24+228]&#10;	RtlGetAppContainerNamedObjectPath [0x77077BF4+180]&#10;"/>
  </testcase>
  <testcase name="testVerifySearchRandomBooksByTitle" classname="search.SearchTest" time="0">
    <skipped message="session not created&#10;from disconnected: unable to connect to renderer&#10;  (Session info: chrome=85.0.4183.121)&#10;Build info: version: &apos;3.141.59&apos;, revision: &apos;e82be7d358&apos;, time: &apos;2018-11-14T08:17:03&apos;&#10;System info: host: &apos;DESKTOP-F15B8L7&apos;, ip: &apos;169.254.252.52&apos;, os.name: &apos;Windows 10&apos;, os.arch: &apos;amd64&apos;, os.version: &apos;10.0&apos;, java.version: &apos;11.0.5&apos;&#10;Driver info: driver.version: ChromeDriver&#10;remote stacktrace: Backtrace:&#10;	Ordinal0 [0x00A287E3+2852835]&#10;	Ordinal0 [0x00915BB1+1727409]&#10;	Ordinal0 [0x007EE4B9+517305]&#10;	Ordinal0 [0x007E4EA3+478883]&#10;	Ordinal0 [0x007EF300+520960]&#10;	Ordinal0 [0x0079E489+189577]&#10;	Ordinal0 [0x0079D7FD+186365]&#10;	Ordinal0 [0x0079B70B+177931]&#10;	Ordinal0 [0x00782584+75140]&#10;	Ordinal0 [0x00783650+79440]&#10;	Ordinal0 [0x007835E9+79337]&#10;	Ordinal0 [0x0092AD5C+1813852]&#10;	GetHandleVerifier [0x00B4C616+1075574]&#10;	GetHandleVerifier [0x00B4C367+1074887]&#10;	GetHandleVerifier [0x00B57497+1120247]&#10;	GetHandleVerifier [0x00B4CC16+1077110]&#10;	Ordinal0 [0x00923206+1782278]&#10;	Ordinal0 [0x0092C3BB+1819579]&#10;	Ordinal0 [0x0092C523+1819939]&#10;	Ordinal0 [0x00942B45+1911621]&#10;	BaseThreadInitThunk [0x75C66359+25]&#10;	RtlGetAppContainerNamedObjectPath [0x77077C24+228]&#10;	RtlGetAppContainerNamedObjectPath [0x77077BF4+180]&#10;"/>
  </testcase>
  <testcase name="testVerifySearchRandomBooksByURL" classname="search.SearchTest" time="0">
    <skipped message="session not created&#10;from disconnected: unable to connect to renderer&#10;  (Session info: chrome=85.0.4183.121)&#10;Build info: version: &apos;3.141.59&apos;, revision: &apos;e82be7d358&apos;, time: &apos;2018-11-14T08:17:03&apos;&#10;System info: host: &apos;DESKTOP-F15B8L7&apos;, ip: &apos;169.254.252.52&apos;, os.name: &apos;Windows 10&apos;, os.arch: &apos;amd64&apos;, os.version: &apos;10.0&apos;, java.version: &apos;11.0.5&apos;&#10;Driver info: driver.version: ChromeDriver&#10;remote stacktrace: Backtrace:&#10;	Ordinal0 [0x00A287E3+2852835]&#10;	Ordinal0 [0x00915BB1+1727409]&#10;	Ordinal0 [0x007EE4B9+517305]&#10;	Ordinal0 [0x007E4EA3+478883]&#10;	Ordinal0 [0x007EF300+520960]&#10;	Ordinal0 [0x0079E489+189577]&#10;	Ordinal0 [0x0079D7FD+186365]&#10;	Ordinal0 [0x0079B70B+177931]&#10;	Ordinal0 [0x00782584+75140]&#10;	Ordinal0 [0x00783650+79440]&#10;	Ordinal0 [0x007835E9+79337]&#10;	Ordinal0 [0x0092AD5C+1813852]&#10;	GetHandleVerifier [0x00B4C616+1075574]&#10;	GetHandleVerifier [0x00B4C367+1074887]&#10;	GetHandleVerifier [0x00B57497+1120247]&#10;	GetHandleVerifier [0x00B4CC16+1077110]&#10;	Ordinal0 [0x00923206+1782278]&#10;	Ordinal0 [0x0092C3BB+1819579]&#10;	Ordinal0 [0x0092C523+1819939]&#10;	Ordinal0 [0x00942B45+1911621]&#10;	BaseThreadInitThunk [0x75C66359+25]&#10;	RtlGetAppContainerNamedObjectPath [0x77077C24+228]&#10;	RtlGetAppContainerNamedObjectPath [0x77077BF4+180]&#10;"/>
  </testcase>
  <testcase name="setUp[false, browserstack, Windows, 10, chrome-options, 85.0, https://www.amazon.com/](0)" classname="signIn.SignInTest" time="58.752">
    <failure message="session not created&#10;from disconnected: unable to connect to renderer&#10;  (Session info: chrome=85.0.4183.121)&#10;Build info: version: &apos;3.141.59&apos;, revision: &apos;e82be7d358&apos;, time: &apos;2018-11-14T08:17:03&apos;&#10;System info: host: &apos;DESKTOP-F15B8L7&apos;, ip: &apos;169.254.252.52&apos;, os.name: &apos;Windows 10&apos;, os.arch: &apos;amd64&apos;, os.version: &apos;10.0&apos;, java.version: &apos;11.0.5&apos;&#10;Driver info: driver.version: ChromeDriver&#10;remote stacktrace: Backtrace:&#10;	Ordinal0 [0x00A287E3+2852835]&#10;	Ordinal0 [0x00915BB1+1727409]&#10;	Ordinal0 [0x007EE4B9+517305]&#10;	Ordinal0 [0x007E4EA3+478883]&#10;	Ordinal0 [0x007EF300+520960]&#10;	Ordinal0 [0x0079E489+189577]&#10;	Ordinal0 [0x0079D7FD+186365]&#10;	Ordinal0 [0x0079B70B+177931]&#10;	Ordinal0 [0x00782584+75140]&#10;	Ordinal0 [0x00783650+79440]&#10;	Ordinal0 [0x007835E9+79337]&#10;	Ordinal0 [0x0092AD5C+1813852]&#10;	GetHandleVerifier [0x00B4C616+1075574]&#10;	GetHandleVerifier [0x00B4C367+1074887]&#10;	GetHandleVerifier [0x00B57497+1120247]&#10;	GetHandleVerifier [0x00B4CC16+1077110]&#10;	Ordinal0 [0x00923206+1782278]&#10;	Ordinal0 [0x0092C3BB+1819579]&#10;	Ordinal0 [0x0092C523+1819939]&#10;	Ordinal0 [0x00942B45+1911621]&#10;	BaseThreadInitThunk [0x75C66359+25]&#10;	RtlGetAppContainerNamedObjectPath [0x77077C24+228]&#10;	RtlGetAppContainerNamedObjectPath [0x77077BF4+180]&#10;" type="org.openqa.selenium.SessionNotCreatedException"><![CDATA[org.openqa.selenium.SessionNotCreatedException: 
session not created
from disconnected: unable to connect to renderer
  (Session info: chrome=85.0.4183.121)
Build info: version: '3.141.59', revision: 'e82be7d358', time: '2018-11-14T08:17:03'
System info: host: 'DESKTOP-F15B8L7', ip: '169.254.252.52', os.name: 'Windows 10', os.arch: 'amd64', os.version: '10.0', java.version: '11.0.5'
Driver info: driver.version: ChromeDriver
remote stacktrace: Backtrace:
	Ordinal0 [0x00A287E3+2852835]
	Ordinal0 [0x00915BB1+1727409]
	Ordinal0 [0x007EE4B9+517305]
	Ordinal0 [0x007E4EA3+478883]
	Ordinal0 [0x007EF300+520960]
	Ordinal0 [0x0079E489+189577]
	Ordinal0 [0x0079D7FD+186365]
	Ordinal0 [0x0079B70B+177931]
	Ordinal0 [0x00782584+75140]
	Ordinal0 [0x00783650+79440]
	Ordinal0 [0x007835E9+79337]
	Ordinal0 [0x0092AD5C+1813852]
	GetHandleVerifier [0x00B4C616+1075574]
	GetHandleVerifier [0x00B4C367+1074887]
	GetHandleVerifier [0x00B57497+1120247]
	GetHandleVerifier [0x00B4CC16+1077110]
	Ordinal0 [0x00923206+1782278]
	Ordinal0 [0x0092C3BB+1819579]
	Ordinal0 [0x0092C523+1819939]
	Ordinal0 [0x00942B45+1911621]
	BaseThreadInitThunk [0x75C66359+25]
	RtlGetAppContainerNamedObjectPath [0x77077C24+228]
	RtlGetAppContainerNamedObjectPath [0x77077BF4+180]

]]></failure>
    <system-err><![CDATA[Starting ChromeDriver 84.0.4147.30 (48b3e868b4cc0aa7e8149519690b6f6949e110a8-refs/branch-heads/4147@{#310}) on port 6679
Only local connections are allowed.
Please see https://chromedriver.chromium.org/security-considerations for suggestions on keeping ChromeDriver safe.
ChromeDriver was started successfully.
[1601101689.807][WARNING]: This version of ChromeDriver has not been tested with Chrome version 85.
[1601101693.814][WARNING]: Timed out connecting to Chrome, retrying...
[1601101701.815][WARNING]: Timed out connecting to Chrome, retrying...
[1601101717.816][WARNING]: Timed out connecting to Chrome, giving up.
[1601101721.821][WARNING]: Timed out connecting to Chrome, retrying...
[1601101729.822][WARNING]: Timed out connecting to Chrome, retrying...
[1601101745.824][WARNING]: Timed out connecting to Chrome, giving up.
]]></system-err>
  </testcase>
  <testcase name="startExtent" classname="signIn.SignInTest" time="0">
    <skipped/>
  </testcase>
  <testcase name="startExtent" classname="signIn.SignInTest" time="0">
    <skipped/>
  </testcase>
  <testcase name="startExtent" classname="signIn.SignInTest" time="0">
    <skipped/>
  </testcase>
  <testcase name="startExtent" classname="signIn.SignInTest" time="0">
    <skipped/>
  </testcase>
  <testcase name="startExtent" classname="signIn.SignInTest" time="0">
    <skipped/>
  </testcase>
  <testcase name="startExtent" classname="signIn.SignInTest" time="0">
    <skipped/>
  </testcase>
  <testcase name="startExtent" classname="signIn.SignInTest" time="0">
    <skipped/>
  </testcase>
  <testcase name="startExtent" classname="signIn.SignInTest" time="0">
    <skipped/>
  </testcase>
  <testcase name="startExtent" classname="signIn.SignInTest" time="0">
    <skipped/>
  </testcase>
  <testcase name="startExtent" classname="signIn.SignInTest" time="0">
    <skipped/>
  </testcase>
  <testcase name="getInit" classname="signIn.SignInTest" time="0">
    <skipped/>
  </testcase>
  <testcase name="getInit" classname="signIn.SignInTest" time="0">
    <skipped/>
  </testcase>
  <testcase name="getInit" classname="signIn.SignInTest" time="0">
    <skipped/>
  </testcase>
  <testcase name="getInit" classname="signIn.SignInTest" time="0">
    <skipped/>
  </testcase>
  <testcase name="getInit" classname="signIn.SignInTest" time="0">
    <skipped/>
  </testcase>
  <testcase name="getInit" classname="signIn.SignInTest" time="0">
    <skipped/>
  </testcase>
  <testcase name="getInit" classname="signIn.SignInTest" time="0">
    <skipped/>
  </testcase>
  <testcase name="getInit" classname="signIn.SignInTest" time="0">
    <skipped/>
  </testcase>
  <testcase name="getInit" classname="signIn.SignInTest" time="0">
    <skipped/>
  </testcase>
  <testcase name="getInit" classname="signIn.SignInTest" time="0">
    <skipped/>
  </testcase>
  <testcase name="testVerifyEnterYourEmailOrMobilePhoneNumberAlertIsDisplayed" classname="signIn.SignInTest" time="0">
    <skipped message="session not created&#10;from disconnected: unable to connect to renderer&#10;  (Session info: chrome=85.0.4183.121)&#10;Build info: version: &apos;3.141.59&apos;, revision: &apos;e82be7d358&apos;, time: &apos;2018-11-14T08:17:03&apos;&#10;System info: host: &apos;DESKTOP-F15B8L7&apos;, ip: &apos;169.254.252.52&apos;, os.name: &apos;Windows 10&apos;, os.arch: &apos;amd64&apos;, os.version: &apos;10.0&apos;, java.version: &apos;11.0.5&apos;&#10;Driver info: driver.version: ChromeDriver&#10;remote stacktrace: Backtrace:&#10;	Ordinal0 [0x00A287E3+2852835]&#10;	Ordinal0 [0x00915BB1+1727409]&#10;	Ordinal0 [0x007EE4B9+517305]&#10;	Ordinal0 [0x007E4EA3+478883]&#10;	Ordinal0 [0x007EF300+520960]&#10;	Ordinal0 [0x0079E489+189577]&#10;	Ordinal0 [0x0079D7FD+186365]&#10;	Ordinal0 [0x0079B70B+177931]&#10;	Ordinal0 [0x00782584+75140]&#10;	Ordinal0 [0x00783650+79440]&#10;	Ordinal0 [0x007835E9+79337]&#10;	Ordinal0 [0x0092AD5C+1813852]&#10;	GetHandleVerifier [0x00B4C616+1075574]&#10;	GetHandleVerifier [0x00B4C367+1074887]&#10;	GetHandleVerifier [0x00B57497+1120247]&#10;	GetHandleVerifier [0x00B4CC16+1077110]&#10;	Ordinal0 [0x00923206+1782278]&#10;	Ordinal0 [0x0092C3BB+1819579]&#10;	Ordinal0 [0x0092C523+1819939]&#10;	Ordinal0 [0x00942B45+1911621]&#10;	BaseThreadInitThunk [0x75C66359+25]&#10;	RtlGetAppContainerNamedObjectPath [0x77077C24+228]&#10;	RtlGetAppContainerNamedObjectPath [0x77077BF4+180]&#10;"/>
  </testcase>
  <testcase name="afterEachTestMethod" classname="signIn.SignInTest" time="0">
    <skipped/>
  </testcase>
  <testcase name="afterEachTestMethod" classname="signIn.SignInTest" time="0">
    <skipped/>
  </testcase>
  <testcase name="afterEachTestMethod" classname="signIn.SignInTest" time="0">
    <skipped/>
  </testcase>
  <testcase name="afterEachTestMethod" classname="signIn.SignInTest" time="0">
    <skipped/>
  </testcase>
  <testcase name="afterEachTestMethod" classname="signIn.SignInTest" time="0">
    <skipped/>
  </testcase>
  <testcase name="afterEachTestMethod" classname="signIn.SignInTest" time="0">
    <skipped/>
  </testcase>
  <testcase name="afterEachTestMethod" classname="signIn.SignInTest" time="0">
    <skipped/>
  </testcase>
  <testcase name="afterEachTestMethod" classname="signIn.SignInTest" time="0">
    <skipped/>
  </testcase>
  <testcase name="afterEachTestMethod" classname="signIn.SignInTest" time="0">
    <skipped/>
  </testcase>
  <testcase name="afterEachTestMethod" classname="signIn.SignInTest" time="0">
    <skipped/>
  </testcase>
  <testcase name="setUp" classname="signIn.SignInTest" time="0">
    <skipped/>
  </testcase>
  <testcase name="setUp" classname="signIn.SignInTest" time="0">
    <skipped/>
  </testcase>
  <testcase name="setUp" classname="signIn.SignInTest" time="0">
    <skipped/>
  </testcase>
  <testcase name="setUp" classname="signIn.SignInTest" time="0">
    <skipped/>
  </testcase>
  <testcase name="setUp" classname="signIn.SignInTest" time="0">
    <skipped/>
  </testcase>
  <testcase name="setUp" classname="signIn.SignInTest" time="0">
    <skipped/>
  </testcase>
  <testcase name="setUp" classname="signIn.SignInTest" time="0">
    <skipped/>
  </testcase>
  <testcase name="setUp" classname="signIn.SignInTest" time="0">
    <skipped/>
  </testcase>
  <testcase name="setUp" classname="signIn.SignInTest" time="0">
    <skipped/>
  </testcase>
  <testcase name="testVerifyEnterYourPasswordAlertIsDisplayed" classname="signIn.SignInTest" time="0">
    <skipped message="session not created&#10;from disconnected: unable to connect to renderer&#10;  (Session info: chrome=85.0.4183.121)&#10;Build info: version: &apos;3.141.59&apos;, revision: &apos;e82be7d358&apos;, time: &apos;2018-11-14T08:17:03&apos;&#10;System info: host: &apos;DESKTOP-F15B8L7&apos;, ip: &apos;169.254.252.52&apos;, os.name: &apos;Windows 10&apos;, os.arch: &apos;amd64&apos;, os.version: &apos;10.0&apos;, java.version: &apos;11.0.5&apos;&#10;Driver info: driver.version: ChromeDriver&#10;remote stacktrace: Backtrace:&#10;	Ordinal0 [0x00A287E3+2852835]&#10;	Ordinal0 [0x00915BB1+1727409]&#10;	Ordinal0 [0x007EE4B9+517305]&#10;	Ordinal0 [0x007E4EA3+478883]&#10;	Ordinal0 [0x007EF300+520960]&#10;	Ordinal0 [0x0079E489+189577]&#10;	Ordinal0 [0x0079D7FD+186365]&#10;	Ordinal0 [0x0079B70B+177931]&#10;	Ordinal0 [0x00782584+75140]&#10;	Ordinal0 [0x00783650+79440]&#10;	Ordinal0 [0x007835E9+79337]&#10;	Ordinal0 [0x0092AD5C+1813852]&#10;	GetHandleVerifier [0x00B4C616+1075574]&#10;	GetHandleVerifier [0x00B4C367+1074887]&#10;	GetHandleVerifier [0x00B57497+1120247]&#10;	GetHandleVerifier [0x00B4CC16+1077110]&#10;	Ordinal0 [0x00923206+1782278]&#10;	Ordinal0 [0x0092C3BB+1819579]&#10;	Ordinal0 [0x0092C523+1819939]&#10;	Ordinal0 [0x00942B45+1911621]&#10;	BaseThreadInitThunk [0x75C66359+25]&#10;	RtlGetAppContainerNamedObjectPath [0x77077C24+228]&#10;	RtlGetAppContainerNamedObjectPath [0x77077BF4+180]&#10;"/>
  </testcase>
  <testcase name="testVerifyForgotYourPasswordTitle" classname="signIn.SignInTest" time="0">
    <skipped message="session not created&#10;from disconnected: unable to connect to renderer&#10;  (Session info: chrome=85.0.4183.121)&#10;Build info: version: &apos;3.141.59&apos;, revision: &apos;e82be7d358&apos;, time: &apos;2018-11-14T08:17:03&apos;&#10;System info: host: &apos;DESKTOP-F15B8L7&apos;, ip: &apos;169.254.252.52&apos;, os.name: &apos;Windows 10&apos;, os.arch: &apos;amd64&apos;, os.version: &apos;10.0&apos;, java.version: &apos;11.0.5&apos;&#10;Driver info: driver.version: ChromeDriver&#10;remote stacktrace: Backtrace:&#10;	Ordinal0 [0x00A287E3+2852835]&#10;	Ordinal0 [0x00915BB1+1727409]&#10;	Ordinal0 [0x007EE4B9+517305]&#10;	Ordinal0 [0x007E4EA3+478883]&#10;	Ordinal0 [0x007EF300+520960]&#10;	Ordinal0 [0x0079E489+189577]&#10;	Ordinal0 [0x0079D7FD+186365]&#10;	Ordinal0 [0x0079B70B+177931]&#10;	Ordinal0 [0x00782584+75140]&#10;	Ordinal0 [0x00783650+79440]&#10;	Ordinal0 [0x007835E9+79337]&#10;	Ordinal0 [0x0092AD5C+1813852]&#10;	GetHandleVerifier [0x00B4C616+1075574]&#10;	GetHandleVerifier [0x00B4C367+1074887]&#10;	GetHandleVerifier [0x00B57497+1120247]&#10;	GetHandleVerifier [0x00B4CC16+1077110]&#10;	Ordinal0 [0x00923206+1782278]&#10;	Ordinal0 [0x0092C3BB+1819579]&#10;	Ordinal0 [0x0092C523+1819939]&#10;	Ordinal0 [0x00942B45+1911621]&#10;	BaseThreadInitThunk [0x75C66359+25]&#10;	RtlGetAppContainerNamedObjectPath [0x77077C24+228]&#10;	RtlGetAppContainerNamedObjectPath [0x77077BF4+180]&#10;"/>
  </testcase>
  <testcase name="testVerifyIncorrectPhoneNumberAlertIsDispalyed" classname="signIn.SignInTest" time="0">
    <skipped message="session not created&#10;from disconnected: unable to connect to renderer&#10;  (Session info: chrome=85.0.4183.121)&#10;Build info: version: &apos;3.141.59&apos;, revision: &apos;e82be7d358&apos;, time: &apos;2018-11-14T08:17:03&apos;&#10;System info: host: &apos;DESKTOP-F15B8L7&apos;, ip: &apos;169.254.252.52&apos;, os.name: &apos;Windows 10&apos;, os.arch: &apos;amd64&apos;, os.version: &apos;10.0&apos;, java.version: &apos;11.0.5&apos;&#10;Driver info: driver.version: ChromeDriver&#10;remote stacktrace: Backtrace:&#10;	Ordinal0 [0x00A287E3+2852835]&#10;	Ordinal0 [0x00915BB1+1727409]&#10;	Ordinal0 [0x007EE4B9+517305]&#10;	Ordinal0 [0x007E4EA3+478883]&#10;	Ordinal0 [0x007EF300+520960]&#10;	Ordinal0 [0x0079E489+189577]&#10;	Ordinal0 [0x0079D7FD+186365]&#10;	Ordinal0 [0x0079B70B+177931]&#10;	Ordinal0 [0x00782584+75140]&#10;	Ordinal0 [0x00783650+79440]&#10;	Ordinal0 [0x007835E9+79337]&#10;	Ordinal0 [0x0092AD5C+1813852]&#10;	GetHandleVerifier [0x00B4C616+1075574]&#10;	GetHandleVerifier [0x00B4C367+1074887]&#10;	GetHandleVerifier [0x00B57497+1120247]&#10;	GetHandleVerifier [0x00B4CC16+1077110]&#10;	Ordinal0 [0x00923206+1782278]&#10;	Ordinal0 [0x0092C3BB+1819579]&#10;	Ordinal0 [0x0092C523+1819939]&#10;	Ordinal0 [0x00942B45+1911621]&#10;	BaseThreadInitThunk [0x75C66359+25]&#10;	RtlGetAppContainerNamedObjectPath [0x77077C24+228]&#10;	RtlGetAppContainerNamedObjectPath [0x77077BF4+180]&#10;"/>
  </testcase>
  <testcase name="testVerifyLoginWithInvalidPassword" classname="signIn.SignInTest" time="0">
    <skipped message="session not created&#10;from disconnected: unable to connect to renderer&#10;  (Session info: chrome=85.0.4183.121)&#10;Build info: version: &apos;3.141.59&apos;, revision: &apos;e82be7d358&apos;, time: &apos;2018-11-14T08:17:03&apos;&#10;System info: host: &apos;DESKTOP-F15B8L7&apos;, ip: &apos;169.254.252.52&apos;, os.name: &apos;Windows 10&apos;, os.arch: &apos;amd64&apos;, os.version: &apos;10.0&apos;, java.version: &apos;11.0.5&apos;&#10;Driver info: driver.version: ChromeDriver&#10;remote stacktrace: Backtrace:&#10;	Ordinal0 [0x00A287E3+2852835]&#10;	Ordinal0 [0x00915BB1+1727409]&#10;	Ordinal0 [0x007EE4B9+517305]&#10;	Ordinal0 [0x007E4EA3+478883]&#10;	Ordinal0 [0x007EF300+520960]&#10;	Ordinal0 [0x0079E489+189577]&#10;	Ordinal0 [0x0079D7FD+186365]&#10;	Ordinal0 [0x0079B70B+177931]&#10;	Ordinal0 [0x00782584+75140]&#10;	Ordinal0 [0x00783650+79440]&#10;	Ordinal0 [0x007835E9+79337]&#10;	Ordinal0 [0x0092AD5C+1813852]&#10;	GetHandleVerifier [0x00B4C616+1075574]&#10;	GetHandleVerifier [0x00B4C367+1074887]&#10;	GetHandleVerifier [0x00B57497+1120247]&#10;	GetHandleVerifier [0x00B4CC16+1077110]&#10;	Ordinal0 [0x00923206+1782278]&#10;	Ordinal0 [0x0092C3BB+1819579]&#10;	Ordinal0 [0x0092C523+1819939]&#10;	Ordinal0 [0x00942B45+1911621]&#10;	BaseThreadInitThunk [0x75C66359+25]&#10;	RtlGetAppContainerNamedObjectPath [0x77077C24+228]&#10;	RtlGetAppContainerNamedObjectPath [0x77077BF4+180]&#10;"/>
  </testcase>
  <testcase name="testVerifyThatErrorIsDisplayedWhenLoggingInWithInvalidEmailAddressFormat" classname="signIn.SignInTest" time="0">
    <skipped message="session not created&#10;from disconnected: unable to connect to renderer&#10;  (Session info: chrome=85.0.4183.121)&#10;Build info: version: &apos;3.141.59&apos;, revision: &apos;e82be7d358&apos;, time: &apos;2018-11-14T08:17:03&apos;&#10;System info: host: &apos;DESKTOP-F15B8L7&apos;, ip: &apos;169.254.252.52&apos;, os.name: &apos;Windows 10&apos;, os.arch: &apos;amd64&apos;, os.version: &apos;10.0&apos;, java.version: &apos;11.0.5&apos;&#10;Driver info: driver.version: ChromeDriver&#10;remote stacktrace: Backtrace:&#10;	Ordinal0 [0x00A287E3+2852835]&#10;	Ordinal0 [0x00915BB1+1727409]&#10;	Ordinal0 [0x007EE4B9+517305]&#10;	Ordinal0 [0x007E4EA3+478883]&#10;	Ordinal0 [0x007EF300+520960]&#10;	Ordinal0 [0x0079E489+189577]&#10;	Ordinal0 [0x0079D7FD+186365]&#10;	Ordinal0 [0x0079B70B+177931]&#10;	Ordinal0 [0x00782584+75140]&#10;	Ordinal0 [0x00783650+79440]&#10;	Ordinal0 [0x007835E9+79337]&#10;	Ordinal0 [0x0092AD5C+1813852]&#10;	GetHandleVerifier [0x00B4C616+1075574]&#10;	GetHandleVerifier [0x00B4C367+1074887]&#10;	GetHandleVerifier [0x00B57497+1120247]&#10;	GetHandleVerifier [0x00B4CC16+1077110]&#10;	Ordinal0 [0x00923206+1782278]&#10;	Ordinal0 [0x0092C3BB+1819579]&#10;	Ordinal0 [0x0092C523+1819939]&#10;	Ordinal0 [0x00942B45+1911621]&#10;	BaseThreadInitThunk [0x75C66359+25]&#10;	RtlGetAppContainerNamedObjectPath [0x77077C24+228]&#10;	RtlGetAppContainerNamedObjectPath [0x77077BF4+180]&#10;"/>
  </testcase>
  <testcase name="testVerifyWeCannotFindAnAccountWithThatEmailAddressAlertIsDisplayed" classname="signIn.SignInTest" time="0">
    <skipped message="session not created&#10;from disconnected: unable to connect to renderer&#10;  (Session info: chrome=85.0.4183.121)&#10;Build info: version: &apos;3.141.59&apos;, revision: &apos;e82be7d358&apos;, time: &apos;2018-11-14T08:17:03&apos;&#10;System info: host: &apos;DESKTOP-F15B8L7&apos;, ip: &apos;169.254.252.52&apos;, os.name: &apos;Windows 10&apos;, os.arch: &apos;amd64&apos;, os.version: &apos;10.0&apos;, java.version: &apos;11.0.5&apos;&#10;Driver info: driver.version: ChromeDriver&#10;remote stacktrace: Backtrace:&#10;	Ordinal0 [0x00A287E3+2852835]&#10;	Ordinal0 [0x00915BB1+1727409]&#10;	Ordinal0 [0x007EE4B9+517305]&#10;	Ordinal0 [0x007E4EA3+478883]&#10;	Ordinal0 [0x007EF300+520960]&#10;	Ordinal0 [0x0079E489+189577]&#10;	Ordinal0 [0x0079D7FD+186365]&#10;	Ordinal0 [0x0079B70B+177931]&#10;	Ordinal0 [0x00782584+75140]&#10;	Ordinal0 [0x00783650+79440]&#10;	Ordinal0 [0x007835E9+79337]&#10;	Ordinal0 [0x0092AD5C+1813852]&#10;	GetHandleVerifier [0x00B4C616+1075574]&#10;	GetHandleVerifier [0x00B4C367+1074887]&#10;	GetHandleVerifier [0x00B57497+1120247]&#10;	GetHandleVerifier [0x00B4CC16+1077110]&#10;	Ordinal0 [0x00923206+1782278]&#10;	Ordinal0 [0x0092C3BB+1819579]&#10;	Ordinal0 [0x0092C523+1819939]&#10;	Ordinal0 [0x00942B45+1911621]&#10;	BaseThreadInitThunk [0x75C66359+25]&#10;	RtlGetAppContainerNamedObjectPath [0x77077C24+228]&#10;	RtlGetAppContainerNamedObjectPath [0x77077BF4+180]&#10;"/>
  </testcase>
  <testcase name="testTwoUsersCanLogin" classname="signIn.SignInTest" time="0">
    <skipped message="session not created&#10;from disconnected: unable to connect to renderer&#10;  (Session info: chrome=85.0.4183.121)&#10;Build info: version: &apos;3.141.59&apos;, revision: &apos;e82be7d358&apos;, time: &apos;2018-11-14T08:17:03&apos;&#10;System info: host: &apos;DESKTOP-F15B8L7&apos;, ip: &apos;169.254.252.52&apos;, os.name: &apos;Windows 10&apos;, os.arch: &apos;amd64&apos;, os.version: &apos;10.0&apos;, java.version: &apos;11.0.5&apos;&#10;Driver info: driver.version: ChromeDriver&#10;remote stacktrace: Backtrace:&#10;	Ordinal0 [0x00A287E3+2852835]&#10;	Ordinal0 [0x00915BB1+1727409]&#10;	Ordinal0 [0x007EE4B9+517305]&#10;	Ordinal0 [0x007E4EA3+478883]&#10;	Ordinal0 [0x007EF300+520960]&#10;	Ordinal0 [0x0079E489+189577]&#10;	Ordinal0 [0x0079D7FD+186365]&#10;	Ordinal0 [0x0079B70B+177931]&#10;	Ordinal0 [0x00782584+75140]&#10;	Ordinal0 [0x00783650+79440]&#10;	Ordinal0 [0x007835E9+79337]&#10;	Ordinal0 [0x0092AD5C+1813852]&#10;	GetHandleVerifier [0x00B4C616+1075574]&#10;	GetHandleVerifier [0x00B4C367+1074887]&#10;	GetHandleVerifier [0x00B57497+1120247]&#10;	GetHandleVerifier [0x00B4CC16+1077110]&#10;	Ordinal0 [0x00923206+1782278]&#10;	Ordinal0 [0x0092C3BB+1819579]&#10;	Ordinal0 [0x0092C523+1819939]&#10;	Ordinal0 [0x00942B45+1911621]&#10;	BaseThreadInitThunk [0x75C66359+25]&#10;	RtlGetAppContainerNamedObjectPath [0x77077C24+228]&#10;	RtlGetAppContainerNamedObjectPath [0x77077BF4+180]&#10;"/>
  </testcase>
  <testcase name="testTwoUsersCanLogin" classname="signIn.SignInTest" time="0">
    <skipped message="session not created&#10;from disconnected: unable to connect to renderer&#10;  (Session info: chrome=85.0.4183.121)&#10;Build info: version: &apos;3.141.59&apos;, revision: &apos;e82be7d358&apos;, time: &apos;2018-11-14T08:17:03&apos;&#10;System info: host: &apos;DESKTOP-F15B8L7&apos;, ip: &apos;169.254.252.52&apos;, os.name: &apos;Windows 10&apos;, os.arch: &apos;amd64&apos;, os.version: &apos;10.0&apos;, java.version: &apos;11.0.5&apos;&#10;Driver info: driver.version: ChromeDriver&#10;remote stacktrace: Backtrace:&#10;	Ordinal0 [0x00A287E3+2852835]&#10;	Ordinal0 [0x00915BB1+1727409]&#10;	Ordinal0 [0x007EE4B9+517305]&#10;	Ordinal0 [0x007E4EA3+478883]&#10;	Ordinal0 [0x007EF300+520960]&#10;	Ordinal0 [0x0079E489+189577]&#10;	Ordinal0 [0x0079D7FD+186365]&#10;	Ordinal0 [0x0079B70B+177931]&#10;	Ordinal0 [0x00782584+75140]&#10;	Ordinal0 [0x00783650+79440]&#10;	Ordinal0 [0x007835E9+79337]&#10;	Ordinal0 [0x0092AD5C+1813852]&#10;	GetHandleVerifier [0x00B4C616+1075574]&#10;	GetHandleVerifier [0x00B4C367+1074887]&#10;	GetHandleVerifier [0x00B57497+1120247]&#10;	GetHandleVerifier [0x00B4CC16+1077110]&#10;	Ordinal0 [0x00923206+1782278]&#10;	Ordinal0 [0x0092C3BB+1819579]&#10;	Ordinal0 [0x0092C523+1819939]&#10;	Ordinal0 [0x00942B45+1911621]&#10;	BaseThreadInitThunk [0x75C66359+25]&#10;	RtlGetAppContainerNamedObjectPath [0x77077C24+228]&#10;	RtlGetAppContainerNamedObjectPath [0x77077BF4+180]&#10;"/>
  </testcase>
  <testcase name="testVerifySignInTitle" classname="signIn.SignInTest" time="0">
    <skipped message="session not created&#10;from disconnected: unable to connect to renderer&#10;  (Session info: chrome=85.0.4183.121)&#10;Build info: version: &apos;3.141.59&apos;, revision: &apos;e82be7d358&apos;, time: &apos;2018-11-14T08:17:03&apos;&#10;System info: host: &apos;DESKTOP-F15B8L7&apos;, ip: &apos;169.254.252.52&apos;, os.name: &apos;Windows 10&apos;, os.arch: &apos;amd64&apos;, os.version: &apos;10.0&apos;, java.version: &apos;11.0.5&apos;&#10;Driver info: driver.version: ChromeDriver&#10;remote stacktrace: Backtrace:&#10;	Ordinal0 [0x00A287E3+2852835]&#10;	Ordinal0 [0x00915BB1+1727409]&#10;	Ordinal0 [0x007EE4B9+517305]&#10;	Ordinal0 [0x007E4EA3+478883]&#10;	Ordinal0 [0x007EF300+520960]&#10;	Ordinal0 [0x0079E489+189577]&#10;	Ordinal0 [0x0079D7FD+186365]&#10;	Ordinal0 [0x0079B70B+177931]&#10;	Ordinal0 [0x00782584+75140]&#10;	Ordinal0 [0x00783650+79440]&#10;	Ordinal0 [0x007835E9+79337]&#10;	Ordinal0 [0x0092AD5C+1813852]&#10;	GetHandleVerifier [0x00B4C616+1075574]&#10;	GetHandleVerifier [0x00B4C367+1074887]&#10;	GetHandleVerifier [0x00B57497+1120247]&#10;	GetHandleVerifier [0x00B4CC16+1077110]&#10;	Ordinal0 [0x00923206+1782278]&#10;	Ordinal0 [0x0092C3BB+1819579]&#10;	Ordinal0 [0x0092C523+1819939]&#10;	Ordinal0 [0x00942B45+1911621]&#10;	BaseThreadInitThunk [0x75C66359+25]&#10;	RtlGetAppContainerNamedObjectPath [0x77077C24+228]&#10;	RtlGetAppContainerNamedObjectPath [0x77077BF4+180]&#10;"/>
  </testcase>
</testsuite>