<?xml version="1.0" encoding="UTF-8"?>
<!-- Generated by org.testng.reporters.JUnitReportReporter -->
<testsuite hostname="DESKTOP-F15B8L7" failures="0" tests="7" name="search.SearchTest" time="86.779" errors="0" timestamp="2020-08-30T20:51:12 PDT" skipped="0">
  <testcase classname="search.SearchTest" name="testVerifySearchRandomBooksByURL" time="14.360"/>
  <system-out/>
  <testcase classname="search.SearchTest" name="testSearchMultipleItems" time="13.897"/>
  <system-out/>
  <testcase classname="search.SearchTest" name="testValidateAllDropDown" time="7.023"/>
  <system-out/>
  <testcase classname="search.SearchTest" name="testVerifyPurellTextIsDisplayed" time="12.323"/>
  <system-out/>
  <testcase classname="search.SearchTest" name="testSearchSingleItem" time="10.516"/>
  <system-out/>
  <testcase classname="search.SearchTest" name="testValidateSearchItemsFromMySQL" time="16.609"/>
  <system-out/>
  <testcase classname="search.SearchTest" name="testVerifySearchRandomBooksByTitle" time="12.051"/>
  <system-out/>
</testsuite> <!-- search.SearchTest -->
