<?xml version="1.0" encoding="UTF-8"?>
<!-- Generated by org.testng.reporters.JUnitReportReporter -->
<testsuite hostname="Syeds-MBP.ed.shawcable.net" failures="0" tests="4" name="testhome.HomePageTest" time="37.120" errors="0" timestamp="2020-09-01T10:31:28 MDT" skipped="3">
  <testcase classname="testhome.HomePageTest" name="testSearchBoxCheckGetItemsListFromDB" time="37.120"/>
  <system-out>
HomePageTest: test Search Box Check Get Items List From DB  </system-out>
  <testcase classname="testhome.HomePageTest" name="testSearchBoxCheckUsingGetItemValue">
    <skipped/>
  </testcase> <!-- testSearchBoxCheckUsingGetItemValue -->
  <system-out/>
  <testcase classname="testhome.HomePageTest" name="testSearchBoxCheckGetItemsListFromExcel">
    <skipped/>
  </testcase> <!-- testSearchBoxCheckGetItemsListFromExcel -->
  <system-out/>
  <testcase classname="testhome.HomePageTest" name="testSearchBoxCheck1">
    <skipped/>
  </testcase> <!-- testSearchBoxCheck1 -->
  <system-out/>
</testsuite> <!-- testhome.HomePageTest -->
