<?xml version="1.0" encoding="UTF-8"?>
<!-- Generated by org.testng.reporters.JUnitReportReporter -->
<testsuite hostname="DESKTOP-F15B8L7" failures="1" tests="5" name="search.SearchTest" time="58.358" errors="0" timestamp="2020-08-30T19:09:34 PDT" skipped="0">
  <testcase classname="search.SearchTest" name="testSearchMultipleItems" time="13.818"/>
  <system-out/>
  <testcase classname="search.SearchTest" name="testVerifySearchRandomBooksByURL" time="11.065">
    <failure message="expected [https://www.amazon.com/s?k=The+Needle&#039;s+Eye&amp;i=stripbooks-intl-ship&amp;ref=nb_sb_noss] but found [https://www.amazon.com/s/ref=nb_sb_noss_2?url=search-alias%3Dstripbooks-intl-ship&amp;field-keywords=The+Needle%27s+Eye]" type="java.lang.AssertionError">
      <![CDATA[java.lang.AssertionError: expected [https://www.amazon.com/s?k=The+Needle's+Eye&i=stripbooks-intl-ship&ref=nb_sb_noss] but found [https://www.amazon.com/s/ref=nb_sb_noss_2?url=search-alias%3Dstripbooks-intl-ship&field-keywords=The+Needle%27s+Eye]
at org.testng.Assert.fail(Assert.java:97)
at org.testng.Assert.assertEqualsImpl(Assert.java:136)
at org.testng.Assert.assertEquals(Assert.java:118)
at org.testng.Assert.assertEquals(Assert.java:575)
at org.testng.Assert.assertEquals(Assert.java:585)
at search.Search.verifySearchRandomBookByURL(Search.java:239)
at search.SearchTest.testVerifySearchRandomBooksByURL(SearchTest.java:69)
at java.base/jdk.internal.reflect.NativeMethodAccessorImpl.invoke0(Native Method)
at java.base/jdk.internal.reflect.NativeMethodAccessorImpl.invoke(NativeMethodAccessorImpl.java:62)
at java.base/jdk.internal.reflect.DelegatingMethodAccessorImpl.invoke(DelegatingMethodAccessorImpl.java:43)
at java.base/java.lang.reflect.Method.invoke(Method.java:566)
at org.testng.internal.MethodInvocationHelper.invokeMethod(MethodInvocationHelper.java:134)
at org.testng.internal.TestInvoker.invokeMethod(TestInvoker.java:597)
at org.testng.internal.TestInvoker.invokeTestMethod(TestInvoker.java:173)
at org.testng.internal.MethodRunner.runInSequence(MethodRunner.java:46)
at org.testng.internal.TestInvoker$MethodInvocationAgent.invoke(TestInvoker.java:816)
at org.testng.internal.TestInvoker.invokeTestMethods(TestInvoker.java:146)
at org.testng.internal.TestMethodWorker.invokeTestMethods(TestMethodWorker.java:146)
at org.testng.internal.TestMethodWorker.run(TestMethodWorker.java:128)
at java.base/java.util.ArrayList.forEach(ArrayList.java:1540)
at org.testng.TestRunner.privateRun(TestRunner.java:766)
at org.testng.TestRunner.run(TestRunner.java:587)
at org.testng.SuiteRunner.runTest(SuiteRunner.java:384)
at org.testng.SuiteRunner.runSequentially(SuiteRunner.java:378)
at org.testng.SuiteRunner.privateRun(SuiteRunner.java:337)
at org.testng.SuiteRunner.run(SuiteRunner.java:286)
at org.testng.SuiteRunnerWorker.runSuite(SuiteRunnerWorker.java:53)
at org.testng.SuiteRunnerWorker.run(SuiteRunnerWorker.java:96)
at org.testng.TestNG.runSuitesSequentially(TestNG.java:1187)
at org.testng.TestNG.runSuitesLocally(TestNG.java:1109)
at org.testng.TestNG.runSuites(TestNG.java:1039)
at org.testng.TestNG.run(TestNG.java:1007)
at org.apache.maven.surefire.testng.TestNGExecutor.run(TestNGExecutor.java:136)
at org.apache.maven.surefire.testng.TestNGDirectoryTestSuite.executeMulti(TestNGDirectoryTestSuite.java:193)
at org.apache.maven.surefire.testng.TestNGDirectoryTestSuite.execute(TestNGDirectoryTestSuite.java:94)
at org.apache.maven.surefire.testng.TestNGProvider.invoke(TestNGProvider.java:145)
at org.apache.maven.surefire.booter.ForkedBooter.runSuitesInProcess(ForkedBooter.java:428)
at org.apache.maven.surefire.booter.ForkedBooter.execute(ForkedBooter.java:162)
at org.apache.maven.surefire.booter.ForkedBooter.run(ForkedBooter.java:562)
at org.apache.maven.surefire.booter.ForkedBooter.main(ForkedBooter.java:548)
]]>
    </failure>
  </testcase> <!-- testVerifySearchRandomBooksByURL -->
  <system-out/>
  <testcase classname="search.SearchTest" name="testSearchSingleItem" time="11.138"/>
  <system-out/>
  <testcase classname="search.SearchTest" name="testValidateAllDropDown" time="7.629"/>
  <system-out/>
  <testcase classname="search.SearchTest" name="testVerifySearchRandomBooksByTitle" time="14.708"/>
  <system-out/>
</testsuite> <!-- search.SearchTest -->
