<?xml version="1.0" encoding="UTF-8"?>
<!-- Generated by org.testng.reporters.JUnitReportReporter -->
<testsuite hostname="DESKTOP-F15B8L7" failures="0" tests="8" name="registration.RegistrationPageTest" time="79.041" errors="0" timestamp="2020-08-30T19:09:34 PDT" skipped="0">
  <testcase classname="registration.RegistrationPageTest" name="testVerifyEnterYourEmailAlertSignIsDisplayed" time="9.432"/>
  <system-out/>
  <testcase classname="registration.RegistrationPageTest" name="testPasswordMustBeAtLeast6CharacterAlertSignIsEnabled" time="9.384"/>
  <system-out/>
  <testcase classname="registration.RegistrationPageTest" name="testVerifyEnterYourNameAlertSignIsDisplayed" time="10.915"/>
  <system-out/>
  <testcase classname="registration.RegistrationPageTest" name="testVerifyPasswordsMustMatchAlertIsDisplayed" time="9.777"/>
  <system-out/>
  <testcase classname="registration.RegistrationPageTest" name="testVerifyTypeYourPasswordAgainAlertSignIsDisplayed" time="10.239"/>
  <system-out/>
  <testcase classname="registration.RegistrationPageTest" name="testVerifyClickStartHere" time="7.964"/>
  <system-out/>
  <testcase classname="registration.RegistrationPageTest" name="testVerifyEnterAValidEmailAddressAlertSignIsDisplayed" time="11.175"/>
  <system-out/>
  <testcase classname="registration.RegistrationPageTest" name="testVerifyEnterYourPasswordAlertSignIsDisplayed" time="10.155"/>
  <system-out/>
</testsuite> <!-- registration.RegistrationPageTest -->
