<?xml version="1.0" encoding="UTF-8"?>
<!-- Generated by org.testng.reporters.JUnitReportReporter -->
<testsuite hostname="Waqas" failures="0" tests="1" name="search.SearchTest" time="17.761" errors="0" timestamp="2020-09-05T21:35:16 EDT" skipped="0">
  <testcase classname="search.SearchTest" name="testSearchSingleItem" time="17.761"/>
  <system-out>
SearchTest: test Search Single Item  </system-out>
</testsuite> <!-- search.SearchTest -->
