<?xml version="1.0" encoding="UTF-8"?>
<!-- Generated by org.testng.reporters.JUnitReportReporter -->
<testsuite hostname="DESKTOP-F15B8L7" failures="0" tests="5" name="search.SearchTest" time="53.996" errors="0" timestamp="2020-08-30T19:58:01 PDT" skipped="0">
  <testcase classname="search.SearchTest" name="testVerifySearchRandomBooksByTitle" time="11.876"/>
  <system-out/>
  <testcase classname="search.SearchTest" name="testValidateAllDropDown" time="6.708"/>
  <system-out/>
  <testcase classname="search.SearchTest" name="testSearchMultipleItems" time="13.656"/>
  <system-out/>
  <testcase classname="search.SearchTest" name="testSearchSingleItem" time="9.433"/>
  <system-out/>
  <testcase classname="search.SearchTest" name="testVerifySearchRandomBooksByURL" time="12.323"/>
  <system-out/>
</testsuite> <!-- search.SearchTest -->
