<?xml version="1.0" encoding="UTF-8"?>
<!-- Generated by org.testng.reporters.JUnitReportReporter -->
<testsuite hostname="DESKTOP-F75O7MS" failures="0" tests="1" name="home.HomePageTest" time="11.287" errors="0" timestamp="2020-09-03T03:42:42 EDT" skipped="0">
  <testcase classname="home.HomePageTest" name="testBestSellers" time="11.287"/>
  <system-out/>
</testsuite> <!-- home.HomePageTest -->
