<?xml version="1.0" encoding="UTF-8"?>
<!-- Generated by org.testng.reporters.JUnitReportReporter -->
<testsuite hostname="DESKTOP-F15B8L7" failures="0" tests="10" name="registration.RegistrationPageTest" time="100.160" errors="0" timestamp="2020-08-29T14:09:35 PDT" skipped="0">
  <testcase classname="registration.RegistrationPageTest" name="testPasswordMustBeAtLeast6CharacterAlertSignIsEnabled" time="10.191"/>
  <system-out/>
  <testcase classname="registration.RegistrationPageTest" name="testVerifyEnterYourPasswordAlertSignIsDisplayed" time="9.062"/>
  <system-out/>
  <testcase classname="registration.RegistrationPageTest" name="testVerifyEnterAValidEmailAddressAlertSignIsDisplayed" time="10.448"/>
  <system-out/>
  <testcase classname="registration.RegistrationPageTest" name="testVerifyClickStartHere" time="7.717"/>
  <system-out/>
  <testcase classname="registration.RegistrationPageTest" name="testVerifyPasswordsMustMatchAlertIsDisplayed" time="10.981"/>
  <system-out/>
  <testcase classname="registration.RegistrationPageTest" name="testVerifyNavigateToAmazonSellerSignUpPageByTitle" time="12.553"/>
  <system-out/>
  <testcase classname="registration.RegistrationPageTest" name="testVerifyEnterYourNameAlertSignIsDisplayed" time="8.855"/>
  <system-out/>
  <testcase classname="registration.RegistrationPageTest" name="testVerifyNewAccountCaptchaIsDisplayed" time="10.814"/>
  <system-out/>
  <testcase classname="registration.RegistrationPageTest" name="testVerifyTypeYourPasswordAgainAlertSignIsDisplayed" time="10.054"/>
  <system-out/>
  <testcase classname="registration.RegistrationPageTest" name="testVerifyEnterYourEmailAlertSignIsDisplayed" time="9.485"/>
  <system-out/>
</testsuite> <!-- registration.RegistrationPageTest -->
