<?xml version="1.0" encoding="UTF-8"?>
<!-- Generated by org.testng.reporters.JUnitReportReporter -->
<testsuite hostname="DESKTOP-F15B8L7" failures="0" tests="5" name="cart.CartTest" time="132.491" errors="0" timestamp="2020-08-29T14:09:35 PDT" skipped="0">
  <testcase classname="cart.CartTest" name="testCheckoutAfterAddingAnItemToCart" time="41.143"/>
  <system-out/>
  <testcase classname="cart.CartTest" name="testItemDeletedFromCart" time="17.770"/>
  <system-out/>
  <testcase classname="cart.CartTest" name="TestValidateAllDropDown" time="25.768"/>
  <system-out/>
  <testcase classname="cart.CartTest" name="testItemAddedToCartByGoingIntoCart" time="14.706"/>
  <system-out/>
  <testcase classname="cart.CartTest" name="testItemAddedToCartWithoutGoingIntoCart" time="33.104"/>
  <system-out/>
</testsuite> <!-- cart.CartTest -->
