<?xml version="1.0" encoding="UTF-8"?>
<!-- Generated by org.testng.reporters.JUnitReportReporter -->
<testsuite hostname="DESKTOP-F15B8L7" failures="0" tests="7" name="search.SearchTest" time="83.392" errors="0" timestamp="2020-08-31T21:17:34 PDT" skipped="0">
  <testcase classname="search.SearchTest" name="testVerifySearchRandomBooksByURL" time="11.599"/>
  <system-out>
SearchTest: test Verify Search Random Books By URL  </system-out>
  <testcase classname="search.SearchTest" name="testSearchMultipleItems" time="11.776"/>
  <system-out>
SearchTest: test Search Multiple Items  </system-out>
  <testcase classname="search.SearchTest" name="testValidateAllDropDown" time="6.501"/>
  <system-out>
SearchTest: test Validate All Drop Down  </system-out>
  <testcase classname="search.SearchTest" name="testSearchSingleItem" time="10.430"/>
  <system-out>
SearchTest: test Search Single Item  </system-out>
  <testcase classname="search.SearchTest" name="testVerifyPurellTextIsDisplayed" time="10.745"/>
  <system-out>
SearchTest: test Verify Purell Text Is Displayed  </system-out>
  <testcase classname="search.SearchTest" name="testVerifySearchRandomBooksByTitle" time="10.850"/>
  <system-out>
SearchTest: test Verify Search Random Books By Title  </system-out>
  <testcase classname="search.SearchTest" name="testValidateSearchItemsFromMySQL" time="21.491"/>
  <system-out>
SearchTest: test Validate Search Items From My SQL  </system-out>
</testsuite> <!-- search.SearchTest -->
