<?xml version="1.0" encoding="UTF-8"?>
<!-- Generated by org.testng.reporters.JUnitReportReporter -->
<testsuite hostname="MacBook-Pro-2.home" failures="0" tests="10" name="home.HomePageTest" time="61.943" errors="0" timestamp="2020-09-26T14:00:40 EDT" skipped="0">
  <testcase classname="home.HomePageTest" name="setWholeFoodTest" time="3.599"/>
  <system-out/>
  <testcase classname="home.HomePageTest" name="setBestSellerTest" time="4.587"/>
  <system-out/>
  <testcase classname="home.HomePageTest" name="setCouponsTest" time="5.915"/>
  <system-out/>
  <testcase classname="home.HomePageTest" name="setCustomerServiceTest" time="3.958"/>
  <system-out/>
  <testcase classname="home.HomePageTest" name="setTodayDealTest" time="7.734"/>
  <system-out/>
  <testcase classname="home.HomePageTest" name="setSellButtonTest" time="5.189"/>
  <system-out/>
  <testcase classname="home.HomePageTest" name="setFreeShippingTest" time="4.762"/>
  <system-out/>
  <testcase classname="home.HomePageTest" name="setPrimeVideoTest" time="15.643"/>
  <system-out/>
  <testcase classname="home.HomePageTest" name="setNewReleaseTest" time="4.873"/>
  <system-out/>
  <testcase classname="home.HomePageTest" name="setGiftCardTest" time="5.683"/>
  <system-out/>
</testsuite> <!-- home.HomePageTest -->
