<?xml version="1.0" encoding="UTF-8"?>
<!-- Generated by org.testng.reporters.JUnitReportReporter -->
<testsuite hostname="MacBook-Pro-2.home" failures="0" tests="10" name="home.HomePageTest" time="58.674" errors="0" timestamp="2020-09-25T20:41:35 EDT" skipped="0">
  <testcase classname="home.HomePageTest" name="setWholeFoodTest" time="5.231"/>
  <system-out/>
  <testcase classname="home.HomePageTest" name="setBestSellerTest" time="4.407"/>
  <system-out/>
  <testcase classname="home.HomePageTest" name="setCouponsTest" time="5.883"/>
  <system-out/>
  <testcase classname="home.HomePageTest" name="setCustomerServiceTest" time="3.946"/>
  <system-out/>
  <testcase classname="home.HomePageTest" name="setTodayDealTest" time="4.878"/>
  <system-out/>
  <testcase classname="home.HomePageTest" name="setSellButtonTest" time="5.567"/>
  <system-out/>
  <testcase classname="home.HomePageTest" name="setFreeShippingTest" time="4.517"/>
  <system-out/>
  <testcase classname="home.HomePageTest" name="setPrimeVideoTest" time="13.712"/>
  <system-out/>
  <testcase classname="home.HomePageTest" name="setNewReleaseTest" time="5.385"/>
  <system-out/>
  <testcase classname="home.HomePageTest" name="setGiftCardTest" time="5.148"/>
  <system-out/>
</testsuite> <!-- home.HomePageTest -->
