<?xml version="1.0" encoding="UTF-8"?>
<!-- Generated by org.testng.reporters.JUnitReportReporter -->
<testsuite hostname="MacBook-Pro-2.home" failures="0" tests="1" name="search.SearchTest" time="6.529" errors="0" timestamp="2020-09-25T20:41:35 EDT" skipped="0">
  <testcase classname="search.SearchTest" name="setSearchFieldTest" time="6.529"/>
  <system-out/>
</testsuite> <!-- search.SearchTest -->
