<?xml version="1.0" encoding="UTF-8"?>
<!-- Generated by org.testng.reporters.JUnitReportReporter -->
<testsuite hostname="LAPTOP-9UNDGRQ2" failures="0" tests="1" name="search.SearchTest" time="10.542" errors="0" timestamp="2020-09-26T03:58:21 EDT" skipped="0">
  <testcase classname="search.SearchTest" name="testSearchIphone" time="10.542"/>
  <system-out/>
</testsuite> <!-- search.SearchTest -->
