<?xml version="1.0" encoding="UTF-8"?>
<!-- Generated by org.testng.reporters.JUnitReportReporter -->
<testsuite hostname="Farjanas-Air" failures="0" tests="2" name="home.HomePageTest" time="17.784" errors="0" timestamp="2020-09-02T00:18:46 EDT" skipped="0">
  <testcase classname="home.HomePageTest" name="testValidateSearchBox" time="10.157"/>
  <system-out/>
  <testcase classname="home.HomePageTest" name="testValidateBestSeller" time="7.627"/>
  <system-out/>
</testsuite> <!-- home.HomePageTest -->
