<?xml version="1.0" encoding="UTF-8"?>
<!-- Generated by org.testng.reporters.JUnitReportReporter -->
<testsuite hostname="Waqas" failures="0" tests="1" name="search.SearchTest" time="18.732" errors="0" timestamp="2020-09-04T23:36:12 EDT" skipped="0">
  <testcase classname="search.SearchTest" name="testSearchSingleItem" time="18.732"/>
  <system-out>
SearchTest: test Search Single Item  </system-out>
</testsuite> <!-- search.SearchTest -->
