<?xml version="1.0" encoding="UTF-8"?>
<!-- Generated by org.testng.reporters.JUnitReportReporter -->
<testsuite hostname="DESKTOP-F15B8L7" failures="0" tests="10" name="signIn.SignInTest" time="99.105" errors="0" timestamp="2020-08-29T14:09:35 PDT" skipped="0">
  <testcase classname="signIn.SignInTest" name="testVerifyWeCannotFindAnAccountWithThatEmailAddressAlertIsDisplayed" time="8.268"/>
  <system-out/>
  <testcase classname="signIn.SignInTest" name="testVerifyThatErrorIsDisplayedWhenLoggingInWithInvalidEmailAddressFormat" time="8.396"/>
  <system-out/>
  <testcase classname="signIn.SignInTest" name="testVerifyLoginWithInvalidPassword" time="12.932"/>
  <system-out/>
  <testcase classname="signIn.SignInTest" name="testVerifyForgotYourPasswordTitle" time="10.432"/>
  <system-out/>
  <testcase classname="signIn.SignInTest" name="testVerifyEnterYourEmailOrMobilePhoneNumberAlertIsDisplayed" time="8.321"/>
  <system-out/>
  <testcase classname="signIn.SignInTest" name="testVerifyIncorrectPhoneNumberAlertIsDispalyed" time="9.719"/>
  <system-out/>
  <testcase classname="signIn.SignInTest" name="testVerifyEnterYourPasswordAlertIsDisplayed" time="9.803"/>
  <system-out/>
  <testcase classname="signIn.SignInTest" name="testTwoUsersCanLogin" time="11.424"/>
  <system-out/>
  <testcase classname="signIn.SignInTest" name="testVerifySignInTitle" time="8.104"/>
  <system-out/>
  <testcase classname="signIn.SignInTest" name="testTwoUsersCanLogin" time="11.706"/>
  <system-out/>
</testsuite> <!-- signIn.SignInTest -->
