<?xml version="1.0" encoding="UTF-8"?>
<!-- Generated by org.testng.reporters.JUnitReportReporter -->
<testsuite hostname="Syeds-MBP.ed.shawcable.net" failures="0" tests="1" name="search.SearchTest" time="5.350" errors="0" timestamp="2020-09-26T12:31:41 MDT" skipped="0">
  <testcase classname="search.SearchTest" name="testSearchIphone" time="5.350"/>
  <system-out/>
</testsuite> <!-- search.SearchTest -->
