<?xml version="1.0" encoding="UTF-8"?>
<!-- Generated by org.testng.reporters.JUnitReportReporter -->
<testsuite hostname="DESKTOP-F15B8L7" failures="0" tests="7" name="signIn.SignInTest" time="62.465" errors="0" timestamp="2020-08-30T19:09:34 PDT" skipped="0">
  <testcase classname="signIn.SignInTest" name="testVerifyEnterYourPasswordAlertIsDisplayed" time="9.334"/>
  <system-out/>
  <testcase classname="signIn.SignInTest" name="testVerifyThatErrorIsDisplayedWhenLoggingInWithInvalidEmailAddressFormat" time="9.356"/>
  <system-out/>
  <testcase classname="signIn.SignInTest" name="testVerifyWeCannotFindAnAccountWithThatEmailAddressAlertIsDisplayed" time="8.791"/>
  <system-out/>
  <testcase classname="signIn.SignInTest" name="testVerifyForgotYourPasswordTitle" time="10.036"/>
  <system-out/>
  <testcase classname="signIn.SignInTest" name="testVerifyEnterYourEmailOrMobilePhoneNumberAlertIsDisplayed" time="8.154"/>
  <system-out/>
  <testcase classname="signIn.SignInTest" name="testVerifyIncorrectPhoneNumberAlertIsDispalyed" time="9.179"/>
  <system-out/>
  <testcase classname="signIn.SignInTest" name="testVerifySignInTitle" time="7.615"/>
  <system-out/>
</testsuite> <!-- signIn.SignInTest -->
