<?xml version="1.0" encoding="UTF-8"?>
<!-- Generated by org.testng.reporters.JUnitReportReporter -->
<testsuite hostname="DESKTOP-F15B8L7" failures="0" tests="9" name="getAQuoteHome.GetAQuoteHomeTest" time="193.448" errors="0" timestamp="2020-09-25T23:35:18 PDT" skipped="0">
  <testcase classname="getAQuoteHome.GetAQuoteHomeTest" name="testVerifyFillOutAboutYouPage" time="23.521"/>
  <system-out/>
  <testcase classname="getAQuoteHome.GetAQuoteHomeTest" name="testValidateFillOutAboutYouPageWithoutLastName" time="20.990"/>
  <system-out>
GetAQuoteHomeTest: test Validate Fill Out About You Page Without Last Name  </system-out>
  <testcase classname="getAQuoteHome.GetAQuoteHomeTest" name="testValidateFillOutAboutYouPageWithoutGender" time="20.939"/>
  <system-out>
GetAQuoteHomeTest: test Validate Fill Out About You Page Without Gender  </system-out>
  <testcase classname="getAQuoteHome.GetAQuoteHomeTest" name="testValidateHomeAndCondoQuoteByURL" time="14.157"/>
  <system-out>
GetAQuoteHomeTest: test Validate Home And Condo Quote By URL  </system-out>
  <testcase classname="getAQuoteHome.GetAQuoteHomeTest" name="testValidateFillOutAboutYouPageWithoutAddress" time="23.696"/>
  <system-out>
GetAQuoteHomeTest: test Validate Fill Out About You Page Without Address  </system-out>
  <testcase classname="getAQuoteHome.GetAQuoteHomeTest" name="testValidateFillOutAboutYouPageWithoutMaritalStatus" time="22.454"/>
  <system-out>
GetAQuoteHomeTest: test Validate Fill Out About You Page Without Marital Status  </system-out>
  <testcase classname="getAQuoteHome.GetAQuoteHomeTest" name="testValidateFillOutAboutYouPageWithoutDateOfBirth" time="21.910"/>
  <system-out>
GetAQuoteHomeTest: test Validate Fill Out About You Page Without Date Of Birth  </system-out>
  <testcase classname="getAQuoteHome.GetAQuoteHomeTest" name="testValidateFillOutAboutYouPageWithoutConfirmingMailingAddress" time="22.865"/>
  <system-out>
GetAQuoteHomeTest: test Validate Fill Out About You Page Without Confirming Mailing Address  </system-out>
  <testcase classname="getAQuoteHome.GetAQuoteHomeTest" name="testValidateFillOutAboutYouPageWithoutFirstName" time="22.916"/>
  <system-out>
GetAQuoteHomeTest: test Validate Fill Out About You Page Without First Name  </system-out>
</testsuite> <!-- getAQuoteHome.GetAQuoteHomeTest -->
