<?xml version="1.0" encoding="UTF-8"?>
<!-- Generated by org.testng.reporters.JUnitReportReporter -->
<testsuite hostname="MacBook-Pro-2.home" failures="0" tests="12" name="searchTest.SearchPageTest" time="36.271" errors="0" timestamp="2020-09-26T01:48:48 EDT" skipped="0">
  <testcase classname="searchTest.SearchPageTest" name="testSmallBiz" time="2.092"/>
  <system-out/>
  <testcase classname="searchTest.SearchPageTest" name="testMobileApp" time="2.535"/>
  <system-out/>
  <testcase classname="searchTest.SearchPageTest" name="testReportClaim" time="3.274"/>
  <system-out/>
  <testcase classname="searchTest.SearchPageTest" name="testFeedBack" time="2.822"/>
  <system-out/>
  <testcase classname="searchTest.SearchPageTest" name="testPrivacyPolicy" time="2.676"/>
  <system-out/>
  <testcase classname="searchTest.SearchPageTest" name="testAccessStat" time="5.062"/>
  <system-out/>
  <testcase classname="searchTest.SearchPageTest" name="testAgentAndProducers" time="3.239"/>
  <system-out/>
  <testcase classname="searchTest.SearchPageTest" name="testFindAnAgentButton" time="2.677"/>
  <system-out/>
  <testcase classname="searchTest.SearchPageTest" name="testProdCompensation" time="2.860"/>
  <system-out/>
  <testcase classname="searchTest.SearchPageTest" name="testHomeInsurance" time="2.491"/>
  <system-out/>
  <testcase classname="searchTest.SearchPageTest" name="testLegalNotice" time="3.753"/>
  <system-out/>
  <testcase classname="searchTest.SearchPageTest" name="TestContactUs" time="2.790"/>
  <system-out/>
</testsuite> <!-- searchTest.SearchPageTest -->
