<?xml version="1.0" encoding="UTF-8"?>
<!-- Generated by org.testng.reporters.JUnitReportReporter -->
<testsuite hostname="MacBook-Pro-2.home" failures="0" tests="12" name="searchTest.SearchPageTest" time="44.493" errors="0" timestamp="2020-09-26T14:06:28 EDT" skipped="0">
  <testcase classname="searchTest.SearchPageTest" name="testMobileApp" time="6.114"/>
  <system-out/>
  <testcase classname="searchTest.SearchPageTest" name="testProdCompensation" time="5.635"/>
  <system-out/>
  <testcase classname="searchTest.SearchPageTest" name="testFeedBack" time="3.473"/>
  <system-out/>
  <testcase classname="searchTest.SearchPageTest" name="testReportClaim" time="2.643"/>
  <system-out/>
  <testcase classname="searchTest.SearchPageTest" name="testAgentAndProducers" time="2.584"/>
  <system-out/>
  <testcase classname="searchTest.SearchPageTest" name="testLegalNotice" time="2.304"/>
  <system-out/>
  <testcase classname="searchTest.SearchPageTest" name="TestContactUs" time="2.979"/>
  <system-out/>
  <testcase classname="searchTest.SearchPageTest" name="testSmallBiz" time="2.153"/>
  <system-out/>
  <testcase classname="searchTest.SearchPageTest" name="testPrivacyPolicy" time="6.232"/>
  <system-out/>
  <testcase classname="searchTest.SearchPageTest" name="testAccessStat" time="2.290"/>
  <system-out/>
  <testcase classname="searchTest.SearchPageTest" name="testFindAnAgentButton" time="5.613"/>
  <system-out/>
  <testcase classname="searchTest.SearchPageTest" name="testHomeInsurance" time="2.473"/>
  <system-out/>
</testsuite> <!-- searchTest.SearchPageTest -->
