<?xml version="1.0" encoding="UTF-8"?>
<!-- Generated by org.testng.reporters.JUnitReportReporter -->
<testsuite hostname="Syeds-MBP.ed.shawcable.net" failures="0" tests="4" name="search.SearchTest" time="22.895" errors="0" timestamp="2020-09-01T10:31:54 MDT" skipped="0">
  <testcase classname="search.SearchTest" name="testFindAnAgentButton" time="5.171"/>
  <system-out/>
  <testcase classname="search.SearchTest" name="testHomeInsurance" time="4.228"/>
  <system-out/>
  <testcase classname="search.SearchTest" name="testCarInsurance" time="5.353"/>
  <system-out/>
  <testcase classname="search.SearchTest" name="testSearchBoxCheck" time="8.143"/>
  <system-out/>
</testsuite> <!-- search.SearchTest -->
