<?xml version="1.0" encoding="UTF-8"?>
<!-- Generated by org.testng.reporters.JUnitReportReporter -->
<testsuite hostname="MacBook-Pro-2.home" failures="0" tests="14" name="homeTest.HomePageTest" time="101.836" errors="0" timestamp="2020-09-26T14:06:28 EDT" skipped="0">
  <testcase classname="homeTest.HomePageTest" name="setBusinessInsuranceTest" time="10.762"/>
  <system-out/>
  <testcase classname="homeTest.HomePageTest" name="setAllVehiclesTest" time="6.300"/>
  <system-out/>
  <testcase classname="homeTest.HomePageTest" name="setClassicCarInsuranceTest" time="9.041"/>
  <system-out/>
  <testcase classname="homeTest.HomePageTest" name="setAllBusinessCoveragesTest" time="5.882"/>
  <system-out/>
  <testcase classname="homeTest.HomePageTest" name="setAutoButtonTest" time="9.082"/>
  <system-out/>
  <testcase classname="homeTest.HomePageTest" name="setUmbrellaInsuranceTest" time="5.933"/>
  <system-out/>
  <testcase classname="homeTest.HomePageTest" name="setAboutTheHeartFordTest" time="7.367"/>
  <system-out/>
  <testcase classname="homeTest.HomePageTest" name="setWorkerCompensationInsuranceValidationTest" time="6.472"/>
  <system-out/>
  <testcase classname="homeTest.HomePageTest" name="setHomeownersInsuranceTest" time="6.072"/>
  <system-out/>
  <testcase classname="homeTest.HomePageTest" name="setFloodInsuranceTest" time="9.459"/>
  <system-out/>
  <testcase classname="homeTest.HomePageTest" name="setHomeButtonTest" time="6.508"/>
  <system-out/>
  <testcase classname="homeTest.HomePageTest" name="setSmallBusinessInsuranceTest" time="6.198"/>
  <system-out/>
  <testcase classname="homeTest.HomePageTest" name="setGeneralLiabilityInsuranceTest" time="6.012"/>
  <system-out/>
  <testcase classname="homeTest.HomePageTest" name="setAbsenceManagementTest" time="6.748"/>
  <system-out/>
</testsuite> <!-- homeTest.HomePageTest -->
