<?xml version="1.0" encoding="UTF-8"?>
<!-- Generated by org.testng.reporters.JUnitReportReporter -->
<testsuite hostname="DESKTOP-F15B8L7" failures="0" tests="2" name="myAccount.MyAccountTest" time="24.980" errors="0" timestamp="2020-09-25T23:35:18 PDT" skipped="0">
  <testcase classname="myAccount.MyAccountTest" name="testValidateNavigateToImAnEmployerOrPlanAdministratorRegister" time="13.032"/>
  <system-out>
MyAccountTest: test Validate Navigate To Im An Employer Or Plan Administrator Register  </system-out>
  <testcase classname="myAccount.MyAccountTest" name="testValidateNavigateToImAnEmployerOrPlanAdministratorLogin" time="11.948"/>
  <system-out>
MyAccountTest: test Validate Navigate To Im An Employer Or Plan Administrator Login  </system-out>
</testsuite> <!-- myAccount.MyAccountTest -->
