<?xml version="1.0" encoding="UTF-8"?>
<!-- Generated by org.testng.reporters.JUnitReportReporter -->
<testsuite hostname="Waqas" failures="0" tests="25" name="home.HartfordHomePageTest" time="254.017" errors="0" timestamp="2020-09-26T03:49:40 EDT" skipped="0">
  <testcase classname="home.HartfordHomePageTest" name="testClickOnFloodInsurance" time="8.428"/>
  <system-out>
HartfordHomePageTest: test Click On Flood Insurance  </system-out>
  <testcase classname="home.HartfordHomePageTest" name="testClickOnHomeOwners" time="9.882"/>
  <system-out>
HartfordHomePageTest: test Click On Home Owners  </system-out>
  <testcase classname="home.HartfordHomePageTest" name="testClickBusinessOwnersPolicy" time="9.874"/>
  <system-out>
HartfordHomePageTest: test Click Business Owners Policy  </system-out>
  <testcase classname="home.HartfordHomePageTest" name="testClickOnStartAClaim" time="8.613"/>
  <system-out>
HartfordHomePageTest: test Click On Start A Claim  </system-out>
  <testcase classname="home.HartfordHomePageTest" name="testClickOnGeneralLiability" time="9.351"/>
  <system-out>
HartfordHomePageTest: test Click On General Liability  </system-out>
  <testcase classname="home.HartfordHomePageTest" name="testHomeMouseOver" time="12.196"/>
  <system-out>
HartfordHomePageTest: test Home Mouse Over  </system-out>
  <testcase classname="home.HartfordHomePageTest" name="testClickOnBusinessTab" time="11.439"/>
  <system-out>
HartfordHomePageTest: test Click On Business Tab  </system-out>
  <testcase classname="home.HartfordHomePageTest" name="testClickOnResources" time="11.275"/>
  <system-out>
HartfordHomePageTest: test Click On Resources  </system-out>
  <testcase classname="home.HartfordHomePageTest" name="testClickOnWorkersCompensation" time="10.079"/>
  <system-out>
HartfordHomePageTest: test Click On Workers Compensation  </system-out>
  <testcase classname="home.HartfordHomePageTest" name="testClickOnRentersInsurance" time="9.419"/>
  <system-out>
HartfordHomePageTest: test Click On Renters Insurance  </system-out>
  <testcase classname="home.HartfordHomePageTest" name="testClickOnInsuranceForEmployees" time="9.248"/>
  <system-out>
HartfordHomePageTest: test Click On Insurance For Employees  </system-out>
  <testcase classname="home.HartfordHomePageTest" name="testClickOnIndustrySolutions" time="8.928"/>
  <system-out>
HartfordHomePageTest: test Click On Industry Solutions  </system-out>
  <testcase classname="home.HartfordHomePageTest" name="testClickOnAboutUs" time="11.261"/>
  <system-out>
HartfordHomePageTest: test Click On About Us  </system-out>
  <testcase classname="home.HartfordHomePageTest" name="testClickOnForEmployers" time="8.997"/>
  <system-out>
HartfordHomePageTest: test Click On For Employers  </system-out>
  <testcase classname="home.HartfordHomePageTest" name="testClickOnAutoTab" time="13.485"/>
  <system-out>
HartfordHomePageTest: test Click On Auto Tab  </system-out>
  <testcase classname="home.HartfordHomePageTest" name="testClickOnForAgentsNProducers" time="9.334"/>
  <system-out>
HartfordHomePageTest: test Click On For Agents N Producers  </system-out>
  <testcase classname="home.HartfordHomePageTest" name="testClickOnUmbrellaInsurance" time="10.328"/>
  <system-out>
HartfordHomePageTest: test Click On Umbrella Insurance  </system-out>
  <testcase classname="home.HartfordHomePageTest" name="testClickOnStateGuide" time="9.585"/>
  <system-out>
HartfordHomePageTest: test Click On State Guide  </system-out>
  <testcase classname="home.HartfordHomePageTest" name="testClickOnEmployeeBenefitsTab" time="12.239"/>
  <system-out>
HartfordHomePageTest: test Click On Employee Benefits Tab  </system-out>
  <testcase classname="home.HartfordHomePageTest" name="testClickOnBenefitPlans" time="10.116"/>
  <system-out>
HartfordHomePageTest: test Click On Benefit Plans  </system-out>
  <testcase classname="home.HartfordHomePageTest" name="testClickOnCommercialAutoInsurance" time="8.910"/>
  <system-out>
HartfordHomePageTest: test Click On Commercial Auto Insurance  </system-out>
  <testcase classname="home.HartfordHomePageTest" name="testClickHomeTab" time="11.544"/>
  <system-out>
HartfordHomePageTest: test Click Home Tab  </system-out>
  <testcase classname="home.HartfordHomePageTest" name="testClickOnValueAdded" time="10.826"/>
  <system-out>
HartfordHomePageTest: test Click On Value Added  </system-out>
  <testcase classname="home.HartfordHomePageTest" name="testClickOnBenefitsTechnology" time="9.214"/>
  <system-out>
HartfordHomePageTest: test Click On Benefits Technology  </system-out>
  <testcase classname="home.HartfordHomePageTest" name="testClickOnAbsenceManagement" time="9.446"/>
  <system-out>
HartfordHomePageTest: test Click On Absence Management  </system-out>
</testsuite> <!-- home.HartfordHomePageTest -->
