<?xml version="1.0" encoding="UTF-8"?>
<!-- Generated by org.testng.reporters.JUnitReportReporter -->
<testsuite hostname="MacBook-Pro-2.home" failures="0" tests="12" name="searchTest.SearchPageTest" time="48.286" errors="0" timestamp="2020-09-25T20:42:30 EDT" skipped="0">
  <testcase classname="searchTest.SearchPageTest" name="testSmallBiz" time="4.036"/>
  <system-out/>
  <testcase classname="searchTest.SearchPageTest" name="testMobileApp" time="8.495"/>
  <system-out/>
  <testcase classname="searchTest.SearchPageTest" name="testReportClaim" time="4.139"/>
  <system-out/>
  <testcase classname="searchTest.SearchPageTest" name="testFeedBack" time="5.585"/>
  <system-out/>
  <testcase classname="searchTest.SearchPageTest" name="testPrivacyPolicy" time="3.077"/>
  <system-out/>
  <testcase classname="searchTest.SearchPageTest" name="testAccessStat" time="4.227"/>
  <system-out/>
  <testcase classname="searchTest.SearchPageTest" name="testAgentAndProducers" time="3.647"/>
  <system-out/>
  <testcase classname="searchTest.SearchPageTest" name="testFindAnAgentButton" time="2.939"/>
  <system-out/>
  <testcase classname="searchTest.SearchPageTest" name="testProdCompensation" time="2.375"/>
  <system-out/>
  <testcase classname="searchTest.SearchPageTest" name="testHomeInsurance" time="3.416"/>
  <system-out/>
  <testcase classname="searchTest.SearchPageTest" name="testLegalNotice" time="3.852"/>
  <system-out/>
  <testcase classname="searchTest.SearchPageTest" name="TestContactUs" time="2.498"/>
  <system-out/>
</testsuite> <!-- searchTest.SearchPageTest -->
