<?xml version="1.0" encoding="UTF-8"?>
<!-- Generated by org.testng.reporters.JUnitReportReporter -->
<testsuite hostname="Syeds-MBP.ed.shawcable.net" failures="0" tests="3" name="search.SearchTest" time="17.001" errors="0" timestamp="2020-08-31T23:03:48 MDT" skipped="0">
  <testcase classname="search.SearchTest" name="testHomeInsurance" time="5.163"/>
  <system-out/>
  <testcase classname="search.SearchTest" name="testCarInsurance" time="5.301"/>
  <system-out/>
  <testcase classname="search.SearchTest" name="testSearchBoxCheck" time="6.537"/>
  <system-out/>
</testsuite> <!-- search.SearchTest -->
