<?xml version="1.0" encoding="UTF-8"?>
<!-- Generated by org.testng.reporters.JUnitReportReporter -->
<testsuite hostname="Farjanas-Air" failures="0" tests="5" name="home.HFHomePageTest" time="58.175" errors="0" timestamp="2020-09-26T02:12:58 EDT" skipped="0">
  <testcase classname="home.HFHomePageTest" name="testValidateBusinessInsuranceTab" time="9.328"/>
  <system-out/>
  <testcase classname="home.HFHomePageTest" name="testValidateNewsroomTab" time="11.764"/>
  <system-out/>
  <testcase classname="home.HFHomePageTest" name="testValidateCondoInsuranceTab" time="9.906"/>
  <system-out/>
  <testcase classname="home.HFHomePageTest" name="testValidateforEmployersTab" time="10.555"/>
  <system-out/>
  <testcase classname="home.HFHomePageTest" name="testValidateCarInsuranceTab" time="16.622"/>
  <system-out/>
</testsuite> <!-- home.HFHomePageTest -->
