<?xml version="1.0" encoding="UTF-8"?>
<!-- Generated by org.testng.reporters.JUnitReportReporter -->
<testsuite hostname="MacBook-Pro-2.home" failures="0" tests="1" name="homeTest.HomePageTest" time="20.983" errors="0" timestamp="2020-09-03T19:26:11 EDT" skipped="0">
  <testcase classname="homeTest.HomePageTest" name="setWebLogoTest" time="20.983"/>
  <system-out/>
</testsuite> <!-- homeTest.HomePageTest -->
