<?xml version="1.0" encoding="UTF-8"?>
<!-- Generated by org.testng.reporters.JUnitReportReporter -->
<testsuite hostname="MacBook-Pro-2.home" failures="0" tests="1" name="regressionTest.HamburgerClassTest" time="2.710" errors="0" timestamp="2020-09-26T14:03:18 EDT" skipped="0">
  <testcase classname="regressionTest.HamburgerClassTest" name="setHamburgerButtonTest" time="2.710"/>
  <system-out/>
</testsuite> <!-- regressionTest.HamburgerClassTest -->
