<?xml version="1.0" encoding="UTF-8"?>
<!-- Generated by org.testng.reporters.JUnitReportReporter -->
<testsuite hostname="MacBook-Pro-2.home" failures="0" tests="1" name="accountTest.SubscribeTest" time="3.667" errors="0" timestamp="2020-09-26T14:03:18 EDT" skipped="0">
  <testcase classname="accountTest.SubscribeTest" name="setSubscribeButtonTest" time="3.667"/>
  <system-out/>
</testsuite> <!-- accountTest.SubscribeTest -->
