<?xml version="1.0" encoding="UTF-8"?>
<!-- Generated by org.testng.reporters.JUnitReportReporter -->
<testsuite hostname="MacBook-Pro-2.home" failures="0" tests="1" name="regressionTest.HamburgerClassTest" time="2.856" errors="0" timestamp="2020-09-25T20:41:39 EDT" skipped="0">
  <testcase classname="regressionTest.HamburgerClassTest" name="setHamburgerButtonTest" time="2.856"/>
  <system-out/>
</testsuite> <!-- regressionTest.HamburgerClassTest -->
