<?xml version="1.0" encoding="UTF-8"?>
<!-- Generated by org.testng.reporters.JUnitReportReporter -->
<testsuite hostname="MacBook-Pro-2.home" failures="0" tests="1" name="homeTest.HomePageTest" time="6.004" errors="0" timestamp="2020-09-02T01:37:24 EDT" skipped="0">
  <testcase classname="homeTest.HomePageTest" name="setWebLogoTest" time="6.004"/>
  <system-out/>
</testsuite> <!-- homeTest.HomePageTest -->
