<?xml version="1.0" encoding="UTF-8"?>
<!-- Generated by org.testng.reporters.JUnitReportReporter -->
<testsuite hostname="MacBook-Pro-2.home" failures="0" tests="1" name="regressionTest.HamburgerClassTest" time="5.806" errors="0" timestamp="2020-09-26T01:48:08 EDT" skipped="0">
  <testcase classname="regressionTest.HamburgerClassTest" name="setHamburgerButtonTest" time="5.806"/>
  <system-out/>
</testsuite> <!-- regressionTest.HamburgerClassTest -->
