<?xml version="1.0" encoding="UTF-8"?>
<!-- Generated by org.testng.reporters.JUnitReportReporter -->
<testsuite hostname="MacBook-Pro-2.home" failures="0" tests="6" name="home.UHCHomePageTest" time="72.823" errors="0" timestamp="2020-09-26T01:50:02 EDT" skipped="0">
  <testcase classname="home.UHCHomePageTest" name="testValidateForBrokers" time="9.697"/>
  <system-out/>
  <testcase classname="home.UHCHomePageTest" name="testValidateLanguageChange" time="10.522"/>
  <system-out/>
  <testcase classname="home.UHCHomePageTest" name="testValidateMedicare" time="9.315"/>
  <system-out/>
  <testcase classname="home.UHCHomePageTest" name="testValidateForEmployers" time="15.419"/>
  <system-out/>
  <testcase classname="home.UHCHomePageTest" name="testValidateForProviders" time="18.506"/>
  <system-out/>
  <testcase classname="home.UHCHomePageTest" name="testValidateFindADoctor" time="9.364"/>
  <system-out/>
</testsuite> <!-- home.UHCHomePageTest -->
