<?xml version="1.0" encoding="UTF-8"?>
<!-- Generated by org.testng.reporters.JUnitReportReporter -->
<testsuite hostname="MacBook-Pro-2.home" failures="0" tests="6" name="home.UHCHomePageTest" time="63.214" errors="0" timestamp="2020-09-26T14:07:33 EDT" skipped="0">
  <testcase classname="home.UHCHomePageTest" name="testValidateForBrokers" time="10.792"/>
  <system-out/>
  <testcase classname="home.UHCHomePageTest" name="testValidateLanguageChange" time="10.886"/>
  <system-out/>
  <testcase classname="home.UHCHomePageTest" name="testValidateMedicare" time="12.121"/>
  <system-out/>
  <testcase classname="home.UHCHomePageTest" name="testValidateForEmployers" time="9.167"/>
  <system-out/>
  <testcase classname="home.UHCHomePageTest" name="testValidateForProviders" time="10.689"/>
  <system-out/>
  <testcase classname="home.UHCHomePageTest" name="testValidateFindADoctor" time="9.559"/>
  <system-out/>
</testsuite> <!-- home.UHCHomePageTest -->
