<?xml version="1.0" encoding="UTF-8"?>
<testsuite xmlns:xsi="http://www.w3.org/2001/XMLSchema-instance" xsi:noNamespaceSchemaLocation="https://maven.apache.org/surefire/maven-surefire-plugin/xsd/surefire-test-report-3.0.xsd" version="3.0" name="TestSuite" time="137.755" tests="20" errors="0" skipped="0" failures="5">
  <properties>
    <property name="gopherProxySet" value="false"/>
    <property name="awt.toolkit" value="sun.lwawt.macosx.LWCToolkit"/>
    <property name="java.specification.version" value="11"/>
    <property name="webdriver.chrome.driver" value="../Generic/BrowserDriver/mac/chromedriver"/>
    <property name="sun.cpu.isalist" value=""/>
    <property name="sun.jnu.encoding" value="UTF-8"/>
    <property name="java.class.path" value="/Users/syedraza/IdeaProjects/WebAutomationFramework_Team1/TheHartford/target/test-classes:/Users/syedraza/IdeaProjects/WebAutomationFramework_Team1/TheHartford/target/classes:/Users/syedraza/IdeaProjects/WebAutomationFramework_Team1/Generic/target/classes:/Users/syedraza/.m2/repository/org/seleniumhq/selenium/selenium-java/3.141.59/selenium-java-3.141.59.jar:/Users/syedraza/.m2/repository/org/seleniumhq/selenium/selenium-api/3.141.59/selenium-api-3.141.59.jar:/Users/syedraza/.m2/repository/org/seleniumhq/selenium/selenium-chrome-driver/3.141.59/selenium-chrome-driver-3.141.59.jar:/Users/syedraza/.m2/repository/org/seleniumhq/selenium/selenium-edge-driver/3.141.59/selenium-edge-driver-3.141.59.jar:/Users/syedraza/.m2/repository/org/seleniumhq/selenium/selenium-firefox-driver/3.141.59/selenium-firefox-driver-3.141.59.jar:/Users/syedraza/.m2/repository/org/seleniumhq/selenium/selenium-ie-driver/3.141.59/selenium-ie-driver-3.141.59.jar:/Users/syedraza/.m2/repository/org/seleniumhq/selenium/selenium-opera-driver/3.141.59/selenium-opera-driver-3.141.59.jar:/Users/syedraza/.m2/repository/org/seleniumhq/selenium/selenium-remote-driver/3.141.59/selenium-remote-driver-3.141.59.jar:/Users/syedraza/.m2/repository/org/seleniumhq/selenium/selenium-safari-driver/3.141.59/selenium-safari-driver-3.141.59.jar:/Users/syedraza/.m2/repository/org/seleniumhq/selenium/selenium-support/3.141.59/selenium-support-3.141.59.jar:/Users/syedraza/.m2/repository/net/bytebuddy/byte-buddy/1.8.15/byte-buddy-1.8.15.jar:/Users/syedraza/.m2/repository/org/apache/commons/commons-exec/1.3/commons-exec-1.3.jar:/Users/syedraza/.m2/repository/com/google/guava/guava/25.0-jre/guava-25.0-jre.jar:/Users/syedraza/.m2/repository/com/google/code/findbugs/jsr305/1.3.9/jsr305-1.3.9.jar:/Users/syedraza/.m2/repository/org/checkerframework/checker-compat-qual/2.0.0/checker-compat-qual-2.0.0.jar:/Users/syedraza/.m2/repository/com/google/errorprone/error_prone_annotations/2.1.3/error_prone_annotations-2.1.3.jar:/Users/syedraza/.m2/repository/com/google/j2objc/j2objc-annotations/1.1/j2objc-annotations-1.1.jar:/Users/syedraza/.m2/repository/org/codehaus/mojo/animal-sniffer-annotations/1.14/animal-sniffer-annotations-1.14.jar:/Users/syedraza/.m2/repository/com/squareup/okhttp3/okhttp/3.11.0/okhttp-3.11.0.jar:/Users/syedraza/.m2/repository/com/squareup/okio/okio/1.14.0/okio-1.14.0.jar:/Users/syedraza/.m2/repository/org/seleniumhq/selenium/selenium-server/3.141.59/selenium-server-3.141.59.jar:/Users/syedraza/.m2/repository/com/beust/jcommander/1.72/jcommander-1.72.jar:/Users/syedraza/.m2/repository/net/jcip/jcip-annotations/1.0/jcip-annotations-1.0.jar:/Users/syedraza/.m2/repository/org/seleniumhq/selenium/jetty-repacked/9.4.12.v20180830/jetty-repacked-9.4.12.v20180830.jar:/Users/syedraza/.m2/repository/javax/servlet/javax.servlet-api/3.1.0/javax.servlet-api-3.1.0.jar:/Users/syedraza/.m2/repository/org/yaml/snakeyaml/1.19/snakeyaml-1.19.jar:/Users/syedraza/.m2/repository/org/testng/testng/7.1.0/testng-7.1.0.jar:/Users/syedraza/.m2/repository/com/google/inject/guice/4.1.0/guice-4.1.0-no_aop.jar:/Users/syedraza/.m2/repository/javax/inject/javax.inject/1/javax.inject-1.jar:/Users/syedraza/.m2/repository/aopalliance/aopalliance/1.0/aopalliance-1.0.jar:/Users/syedraza/.m2/repository/io/github/bonigarcia/webdrivermanager/4.2.0/webdrivermanager-4.2.0.jar:/Users/syedraza/.m2/repository/org/slf4j/slf4j-api/1.7.30/slf4j-api-1.7.30.jar:/Users/syedraza/.m2/repository/com/google/code/gson/gson/2.8.6/gson-2.8.6.jar:/Users/syedraza/.m2/repository/org/apache/httpcomponents/client5/httpclient5/5.0.1/httpclient5-5.0.1.jar:/Users/syedraza/.m2/repository/org/apache/httpcomponents/core5/httpcore5/5.0.1/httpcore5-5.0.1.jar:/Users/syedraza/.m2/repository/org/apache/httpcomponents/core5/httpcore5-h2/5.0.1/httpcore5-h2-5.0.1.jar:/Users/syedraza/.m2/repository/org/rauschig/jarchivelib/1.0.0/jarchivelib-1.0.0.jar:/Users/syedraza/.m2/repository/org/jsoup/jsoup/1.13.1/jsoup-1.13.1.jar:/Users/syedraza/.m2/repository/org/mongodb/mongo-java-driver/3.12.7/mongo-java-driver-3.12.7.jar:/Users/syedraza/.m2/repository/mysql/mysql-connector-java/8.0.21/mysql-connector-java-8.0.21.jar:/Users/syedraza/.m2/repository/com/google/protobuf/protobuf-java/3.11.4/protobuf-java-3.11.4.jar:/Users/syedraza/.m2/repository/org/apache/poi/poi/4.1.2/poi-4.1.2.jar:/Users/syedraza/.m2/repository/commons-codec/commons-codec/1.13/commons-codec-1.13.jar:/Users/syedraza/.m2/repository/org/apache/commons/commons-collections4/4.4/commons-collections4-4.4.jar:/Users/syedraza/.m2/repository/org/apache/commons/commons-math3/3.6.1/commons-math3-3.6.1.jar:/Users/syedraza/.m2/repository/com/zaxxer/SparseBitSet/1.2/SparseBitSet-1.2.jar:/Users/syedraza/.m2/repository/org/apache/poi/poi-ooxml/4.1.2/poi-ooxml-4.1.2.jar:/Users/syedraza/.m2/repository/org/apache/poi/poi-ooxml-schemas/4.1.2/poi-ooxml-schemas-4.1.2.jar:/Users/syedraza/.m2/repository/org/apache/xmlbeans/xmlbeans/3.1.0/xmlbeans-3.1.0.jar:/Users/syedraza/.m2/repository/org/apache/commons/commons-compress/1.19/commons-compress-1.19.jar:/Users/syedraza/.m2/repository/com/github/virtuald/curvesapi/1.06/curvesapi-1.06.jar:/Users/syedraza/.m2/repository/com/aventstack/extentreports/5.0.3/extentreports-5.0.3.jar:/Users/syedraza/.m2/repository/io/reactivex/rxjava3/rxjava/3.0.4/rxjava-3.0.4.jar:/Users/syedraza/.m2/repository/org/reactivestreams/reactive-streams/1.0.3/reactive-streams-1.0.3.jar:/Users/syedraza/.m2/repository/org/freemarker/freemarker/2.3.30/freemarker-2.3.30.jar:/Users/syedraza/.m2/repository/org/projectlombok/lombok/1.18.12/lombok-1.18.12.jar:/Users/syedraza/.m2/repository/com/relevantcodes/extentreports/2.41.2/extentreports-2.41.2.jar:/Users/syedraza/.m2/repository/org/xerial/sqlite-jdbc/3.8.11.1/sqlite-jdbc-3.8.11.1.jar:/Users/syedraza/.m2/repository/org/mongodb/mongodb-driver/3.0.4/mongodb-driver-3.0.4.jar:/Users/syedraza/.m2/repository/org/mongodb/bson/3.0.4/bson-3.0.4.jar:/Users/syedraza/.m2/repository/org/mongodb/mongodb-driver-core/3.0.4/mongodb-driver-core-3.0.4.jar:/Users/syedraza/.m2/repository/org/apache/commons/commons-lang3/3.11/commons-lang3-3.11.jar:/Users/syedraza/.m2/repository/commons-io/commons-io/2.7/commons-io-2.7.jar:/Users/syedraza/.m2/repository/com/github/javafaker/javafaker/1.0.2/javafaker-1.0.2.jar:/Users/syedraza/.m2/repository/org/yaml/snakeyaml/1.23/snakeyaml-1.23-android.jar:/Users/syedraza/.m2/repository/com/github/mifmif/generex/1.0.2/generex-1.0.2.jar:/Users/syedraza/.m2/repository/dk/brics/automaton/automaton/1.11-8/automaton-1.11-8.jar:"/>
    <property name="java.vm.vendor" value="Oracle Corporation"/>
    <property name="sun.arch.data.model" value="64"/>
    <property name="java.vendor.url" value="https://openjdk.java.net/"/>
    <property name="user.timezone" value="America/Edmonton"/>
    <property name="java.vm.specification.version" value="11"/>
    <property name="os.name" value="Mac OS X"/>
    <property name="sun.java.launcher" value="SUN_STANDARD"/>
    <property name="user.country" value="CA"/>
    <property name="sun.boot.library.path" value="/Library/Java/JavaVirtualMachines/jdk-11.0.7.jdk/Contents/Home/lib"/>
    <property name="sun.java.command" value="/Users/syedraza/IdeaProjects/WebAutomationFramework_Team1/TheHartford/target/surefire/surefirebooter12934491354394109499.jar /Users/syedraza/IdeaProjects/WebAutomationFramework_Team1/TheHartford/target/surefire 2020-09-25T13-12-16_638-jvmRun1 surefire9846544688175376827tmp surefire_111035917250969126757tmp"/>
    <property name="http.nonProxyHosts" value="local|*.local|169.254/16|*.169.254/16"/>
    <property name="jdk.debug" value="release"/>
    <property name="surefire.test.class.path" value="/Users/syedraza/IdeaProjects/WebAutomationFramework_Team1/TheHartford/target/test-classes:/Users/syedraza/IdeaProjects/WebAutomationFramework_Team1/TheHartford/target/classes:/Users/syedraza/IdeaProjects/WebAutomationFramework_Team1/Generic/target/classes:/Users/syedraza/.m2/repository/org/seleniumhq/selenium/selenium-java/3.141.59/selenium-java-3.141.59.jar:/Users/syedraza/.m2/repository/org/seleniumhq/selenium/selenium-api/3.141.59/selenium-api-3.141.59.jar:/Users/syedraza/.m2/repository/org/seleniumhq/selenium/selenium-chrome-driver/3.141.59/selenium-chrome-driver-3.141.59.jar:/Users/syedraza/.m2/repository/org/seleniumhq/selenium/selenium-edge-driver/3.141.59/selenium-edge-driver-3.141.59.jar:/Users/syedraza/.m2/repository/org/seleniumhq/selenium/selenium-firefox-driver/3.141.59/selenium-firefox-driver-3.141.59.jar:/Users/syedraza/.m2/repository/org/seleniumhq/selenium/selenium-ie-driver/3.141.59/selenium-ie-driver-3.141.59.jar:/Users/syedraza/.m2/repository/org/seleniumhq/selenium/selenium-opera-driver/3.141.59/selenium-opera-driver-3.141.59.jar:/Users/syedraza/.m2/repository/org/seleniumhq/selenium/selenium-remote-driver/3.141.59/selenium-remote-driver-3.141.59.jar:/Users/syedraza/.m2/repository/org/seleniumhq/selenium/selenium-safari-driver/3.141.59/selenium-safari-driver-3.141.59.jar:/Users/syedraza/.m2/repository/org/seleniumhq/selenium/selenium-support/3.141.59/selenium-support-3.141.59.jar:/Users/syedraza/.m2/repository/net/bytebuddy/byte-buddy/1.8.15/byte-buddy-1.8.15.jar:/Users/syedraza/.m2/repository/org/apache/commons/commons-exec/1.3/commons-exec-1.3.jar:/Users/syedraza/.m2/repository/com/google/guava/guava/25.0-jre/guava-25.0-jre.jar:/Users/syedraza/.m2/repository/com/google/code/findbugs/jsr305/1.3.9/jsr305-1.3.9.jar:/Users/syedraza/.m2/repository/org/checkerframework/checker-compat-qual/2.0.0/checker-compat-qual-2.0.0.jar:/Users/syedraza/.m2/repository/com/google/errorprone/error_prone_annotations/2.1.3/error_prone_annotations-2.1.3.jar:/Users/syedraza/.m2/repository/com/google/j2objc/j2objc-annotations/1.1/j2objc-annotations-1.1.jar:/Users/syedraza/.m2/repository/org/codehaus/mojo/animal-sniffer-annotations/1.14/animal-sniffer-annotations-1.14.jar:/Users/syedraza/.m2/repository/com/squareup/okhttp3/okhttp/3.11.0/okhttp-3.11.0.jar:/Users/syedraza/.m2/repository/com/squareup/okio/okio/1.14.0/okio-1.14.0.jar:/Users/syedraza/.m2/repository/org/seleniumhq/selenium/selenium-server/3.141.59/selenium-server-3.141.59.jar:/Users/syedraza/.m2/repository/com/beust/jcommander/1.72/jcommander-1.72.jar:/Users/syedraza/.m2/repository/net/jcip/jcip-annotations/1.0/jcip-annotations-1.0.jar:/Users/syedraza/.m2/repository/org/seleniumhq/selenium/jetty-repacked/9.4.12.v20180830/jetty-repacked-9.4.12.v20180830.jar:/Users/syedraza/.m2/repository/javax/servlet/javax.servlet-api/3.1.0/javax.servlet-api-3.1.0.jar:/Users/syedraza/.m2/repository/org/yaml/snakeyaml/1.19/snakeyaml-1.19.jar:/Users/syedraza/.m2/repository/org/testng/testng/7.1.0/testng-7.1.0.jar:/Users/syedraza/.m2/repository/com/google/inject/guice/4.1.0/guice-4.1.0-no_aop.jar:/Users/syedraza/.m2/repository/javax/inject/javax.inject/1/javax.inject-1.jar:/Users/syedraza/.m2/repository/aopalliance/aopalliance/1.0/aopalliance-1.0.jar:/Users/syedraza/.m2/repository/io/github/bonigarcia/webdrivermanager/4.2.0/webdrivermanager-4.2.0.jar:/Users/syedraza/.m2/repository/org/slf4j/slf4j-api/1.7.30/slf4j-api-1.7.30.jar:/Users/syedraza/.m2/repository/com/google/code/gson/gson/2.8.6/gson-2.8.6.jar:/Users/syedraza/.m2/repository/org/apache/httpcomponents/client5/httpclient5/5.0.1/httpclient5-5.0.1.jar:/Users/syedraza/.m2/repository/org/apache/httpcomponents/core5/httpcore5/5.0.1/httpcore5-5.0.1.jar:/Users/syedraza/.m2/repository/org/apache/httpcomponents/core5/httpcore5-h2/5.0.1/httpcore5-h2-5.0.1.jar:/Users/syedraza/.m2/repository/org/rauschig/jarchivelib/1.0.0/jarchivelib-1.0.0.jar:/Users/syedraza/.m2/repository/org/jsoup/jsoup/1.13.1/jsoup-1.13.1.jar:/Users/syedraza/.m2/repository/org/mongodb/mongo-java-driver/3.12.7/mongo-java-driver-3.12.7.jar:/Users/syedraza/.m2/repository/mysql/mysql-connector-java/8.0.21/mysql-connector-java-8.0.21.jar:/Users/syedraza/.m2/repository/com/google/protobuf/protobuf-java/3.11.4/protobuf-java-3.11.4.jar:/Users/syedraza/.m2/repository/org/apache/poi/poi/4.1.2/poi-4.1.2.jar:/Users/syedraza/.m2/repository/commons-codec/commons-codec/1.13/commons-codec-1.13.jar:/Users/syedraza/.m2/repository/org/apache/commons/commons-collections4/4.4/commons-collections4-4.4.jar:/Users/syedraza/.m2/repository/org/apache/commons/commons-math3/3.6.1/commons-math3-3.6.1.jar:/Users/syedraza/.m2/repository/com/zaxxer/SparseBitSet/1.2/SparseBitSet-1.2.jar:/Users/syedraza/.m2/repository/org/apache/poi/poi-ooxml/4.1.2/poi-ooxml-4.1.2.jar:/Users/syedraza/.m2/repository/org/apache/poi/poi-ooxml-schemas/4.1.2/poi-ooxml-schemas-4.1.2.jar:/Users/syedraza/.m2/repository/org/apache/xmlbeans/xmlbeans/3.1.0/xmlbeans-3.1.0.jar:/Users/syedraza/.m2/repository/org/apache/commons/commons-compress/1.19/commons-compress-1.19.jar:/Users/syedraza/.m2/repository/com/github/virtuald/curvesapi/1.06/curvesapi-1.06.jar:/Users/syedraza/.m2/repository/com/aventstack/extentreports/5.0.3/extentreports-5.0.3.jar:/Users/syedraza/.m2/repository/io/reactivex/rxjava3/rxjava/3.0.4/rxjava-3.0.4.jar:/Users/syedraza/.m2/repository/org/reactivestreams/reactive-streams/1.0.3/reactive-streams-1.0.3.jar:/Users/syedraza/.m2/repository/org/freemarker/freemarker/2.3.30/freemarker-2.3.30.jar:/Users/syedraza/.m2/repository/org/projectlombok/lombok/1.18.12/lombok-1.18.12.jar:/Users/syedraza/.m2/repository/com/relevantcodes/extentreports/2.41.2/extentreports-2.41.2.jar:/Users/syedraza/.m2/repository/org/xerial/sqlite-jdbc/3.8.11.1/sqlite-jdbc-3.8.11.1.jar:/Users/syedraza/.m2/repository/org/mongodb/mongodb-driver/3.0.4/mongodb-driver-3.0.4.jar:/Users/syedraza/.m2/repository/org/mongodb/bson/3.0.4/bson-3.0.4.jar:/Users/syedraza/.m2/repository/org/mongodb/mongodb-driver-core/3.0.4/mongodb-driver-core-3.0.4.jar:/Users/syedraza/.m2/repository/org/apache/commons/commons-lang3/3.11/commons-lang3-3.11.jar:/Users/syedraza/.m2/repository/commons-io/commons-io/2.7/commons-io-2.7.jar:/Users/syedraza/.m2/repository/com/github/javafaker/javafaker/1.0.2/javafaker-1.0.2.jar:/Users/syedraza/.m2/repository/org/yaml/snakeyaml/1.23/snakeyaml-1.23-android.jar:/Users/syedraza/.m2/repository/com/github/mifmif/generex/1.0.2/generex-1.0.2.jar:/Users/syedraza/.m2/repository/dk/brics/automaton/automaton/1.11-8/automaton-1.11-8.jar:"/>
    <property name="sun.cpu.endian" value="little"/>
    <property name="user.home" value="/Users/syedraza"/>
    <property name="user.language" value="en"/>
    <property name="java.specification.vendor" value="Oracle Corporation"/>
    <property name="java.version.date" value="2020-04-14"/>
    <property name="java.home" value="/Library/Java/JavaVirtualMachines/jdk-11.0.7.jdk/Contents/Home"/>
    <property name="file.separator" value="/"/>
    <property name="basedir" value="/Users/syedraza/IdeaProjects/WebAutomationFramework_Team1/TheHartford"/>
    <property name="java.vm.compressedOopsMode" value="Zero based"/>
    <property name="line.separator" value="&#10;"/>
    <property name="java.specification.name" value="Java Platform API Specification"/>
    <property name="java.vm.specification.vendor" value="Oracle Corporation"/>
    <property name="java.awt.graphicsenv" value="sun.awt.CGraphicsEnvironment"/>
    <property name="surefire.real.class.path" value="/Users/syedraza/IdeaProjects/WebAutomationFramework_Team1/TheHartford/target/surefire/surefirebooter12934491354394109499.jar"/>
    <property name="sun.management.compiler" value="HotSpot 64-Bit Tiered Compilers"/>
    <property name="ftp.nonProxyHosts" value="local|*.local|169.254/16|*.169.254/16"/>
    <property name="java.runtime.version" value="11.0.7+8-LTS"/>
    <property name="user.name" value="syedraza"/>
    <property name="path.separator" value=":"/>
    <property name="os.version" value="10.15.6"/>
    <property name="java.runtime.name" value="Java(TM) SE Runtime Environment"/>
    <property name="file.encoding" value="UTF-8"/>
    <property name="java.vm.name" value="Java HotSpot(TM) 64-Bit Server VM"/>
    <property name="java.vendor.version" value="18.9"/>
    <property name="localRepository" value="/Users/syedraza/.m2/repository"/>
    <property name="java.vendor.url.bug" value="https://bugreport.java.com/bugreport/"/>
    <property name="java.io.tmpdir" value="/var/folders/xh/fygjm06s7q9dv0ppt0g9dhn00000gn/T/"/>
    <property name="java.version" value="11.0.7"/>
    <property name="user.dir" value="/Users/syedraza/IdeaProjects/WebAutomationFramework_Team1/TheHartford"/>
    <property name="os.arch" value="x86_64"/>
    <property name="java.vm.specification.name" value="Java Virtual Machine Specification"/>
    <property name="java.awt.printerjob" value="sun.lwawt.macosx.CPrinterJob"/>
    <property name="sun.os.patch.level" value="unknown"/>
    <property name="java.library.path" value="/Users/syedraza/Library/Java/Extensions:/Library/Java/Extensions:/Network/Library/Java/Extensions:/System/Library/Java/Extensions:/usr/lib/java:."/>
    <property name="java.vendor" value="Oracle Corporation"/>
    <property name="java.vm.info" value="mixed mode"/>
    <property name="java.vm.version" value="11.0.7+8-LTS"/>
    <property name="sun.io.unicode.encoding" value="UnicodeBig"/>
    <property name="java.class.version" value="55.0"/>
    <property name="socksNonProxyHosts" value="local|*.local|169.254/16|*.169.254/16"/>
  </properties>
  <testcase name="TestContactUs" classname="search.SearchTest" time="1.218">
    <system-out><![CDATA[Extent Report Directory/Users/syedraza/IdeaProjects/WebAutomationFramework_Team1/TheHartford/target/surefire-reports/html
Contact Us
]]></system-out>
    <system-err><![CDATA[Starting ChromeDriver 84.0.4147.30 (48b3e868b4cc0aa7e8149519690b6f6949e110a8-refs/branch-heads/4147@{#310}) on port 41537
Only local connections are allowed.
Please see https://chromedriver.chromium.org/security-considerations for suggestions on keeping ChromeDriver safe.
ChromeDriver was started successfully.
[1601061161.115][WARNING]: This version of ChromeDriver has not been tested with Chrome version 85.
Sep. 25, 2020 1:12:41 P.M. org.openqa.selenium.remote.ProtocolHandshake createSession
INFO: Detected dialect: W3C
]]></system-err>
  </testcase>
  <testcase name="testAboutUs" classname="search.SearchTest" time="5.164">
    <failure message="no such element: Unable to locate element: {&quot;method&quot;:&quot;xpath&quot;,&quot;selector&quot;:&quot;//a[@title=&apos;About Us&apos;]&quot;}&#10;  (Session info: chrome=85.0.4183.121)&#10;For documentation on this error, please visit: https://www.seleniumhq.org/exceptions/no_such_element.html&#10;Build info: version: &apos;3.141.59&apos;, revision: &apos;e82be7d358&apos;, time: &apos;2018-11-14T08:17:03&apos;&#10;System info: host: &apos;Syeds-MBP.ed.shawcable.net&apos;, ip: &apos;2604:3d09:6e80:4500:b149:4cb2:5195:3c4e%en0&apos;, os.name: &apos;Mac OS X&apos;, os.arch: &apos;x86_64&apos;, os.version: &apos;10.15.6&apos;, java.version: &apos;11.0.7&apos;&#10;Driver info: org.openqa.selenium.chrome.ChromeDriver&#10;Capabilities {acceptInsecureCerts: false, browserName: chrome, browserVersion: 85.0.4183.121, chrome: {chromedriverVersion: 84.0.4147.30 (48b3e868b4cc0..., userDataDir: /var/folders/xh/fygjm06s7q9...}, goog:chromeOptions: {debuggerAddress: localhost:62990}, javascriptEnabled: true, networkConnectionEnabled: false, pageLoadStrategy: normal, platform: MAC, platformName: MAC, proxy: Proxy(), setWindowRect: true, strictFileInteractability: false, timeouts: {implicit: 0, pageLoad: 300000, script: 30000}, unhandledPromptBehavior: dismiss and notify, webauthn:virtualAuthenticators: true}&#10;Session ID: cd4209eee7e12be5e1e6217cc8934840&#10;*** Element info: {Using=xpath, value=//a[@title=&apos;About Us&apos;]}" type="org.openqa.selenium.NoSuchElementException"><![CDATA[org.openqa.selenium.NoSuchElementException: 
no such element: Unable to locate element: {"method":"xpath","selector":"//a[@title='About Us']"}
  (Session info: chrome=85.0.4183.121)
For documentation on this error, please visit: https://www.seleniumhq.org/exceptions/no_such_element.html
Build info: version: '3.141.59', revision: 'e82be7d358', time: '2018-11-14T08:17:03'
System info: host: 'Syeds-MBP.ed.shawcable.net', ip: '2604:3d09:6e80:4500:b149:4cb2:5195:3c4e%en0', os.name: 'Mac OS X', os.arch: 'x86_64', os.version: '10.15.6', java.version: '11.0.7'
Driver info: org.openqa.selenium.chrome.ChromeDriver
Capabilities {acceptInsecureCerts: false, browserName: chrome, browserVersion: 85.0.4183.121, chrome: {chromedriverVersion: 84.0.4147.30 (48b3e868b4cc0..., userDataDir: /var/folders/xh/fygjm06s7q9...}, goog:chromeOptions: {debuggerAddress: localhost:62990}, javascriptEnabled: true, networkConnectionEnabled: false, pageLoadStrategy: normal, platform: MAC, platformName: MAC, proxy: Proxy(), setWindowRect: true, strictFileInteractability: false, timeouts: {implicit: 0, pageLoad: 300000, script: 30000}, unhandledPromptBehavior: dismiss and notify, webauthn:virtualAuthenticators: true}
Session ID: cd4209eee7e12be5e1e6217cc8934840
*** Element info: {Using=xpath, value=//a[@title='About Us']}
	at search.SearchTest.testAboutUs(SearchTest.java:75)
]]></failure>
    <system-err><![CDATA[Starting ChromeDriver 84.0.4147.30 (48b3e868b4cc0aa7e8149519690b6f6949e110a8-refs/branch-heads/4147@{#310}) on port 20154
Only local connections are allowed.
Please see https://chromedriver.chromium.org/security-considerations for suggestions on keeping ChromeDriver safe.
ChromeDriver was started successfully.
[1601061169.623][WARNING]: This version of ChromeDriver has not been tested with Chrome version 85.
Sep. 25, 2020 1:12:49 P.M. org.openqa.selenium.remote.ProtocolHandshake createSession
INFO: Detected dialect: W3C
]]></system-err>
  </testcase>
  <testcase name="testAccessStat" classname="search.SearchTest" time="1.367">
    <system-out><![CDATA[Screenshot captured
]]></system-out>
    <system-err><![CDATA[Starting ChromeDriver 84.0.4147.30 (48b3e868b4cc0aa7e8149519690b6f6949e110a8-refs/branch-heads/4147@{#310}) on port 34608
Only local connections are allowed.
Please see https://chromedriver.chromium.org/security-considerations for suggestions on keeping ChromeDriver safe.
ChromeDriver was started successfully.
[1601061182.213][WARNING]: This version of ChromeDriver has not been tested with Chrome version 85.
Sep. 25, 2020 1:13:02 P.M. org.openqa.selenium.remote.ProtocolHandshake createSession
INFO: Detected dialect: W3C
]]></system-err>
  </testcase>
  <testcase name="testAgentAndProducers" classname="search.SearchTest" time="2.015">
    <system-out><![CDATA[Agents & Producers
]]></system-out>
    <system-err><![CDATA[Starting ChromeDriver 84.0.4147.30 (48b3e868b4cc0aa7e8149519690b6f6949e110a8-refs/branch-heads/4147@{#310}) on port 37699
Only local connections are allowed.
Please see https://chromedriver.chromium.org/security-considerations for suggestions on keeping ChromeDriver safe.
ChromeDriver was started successfully.
[1601061188.809][WARNING]: This version of ChromeDriver has not been tested with Chrome version 85.
Sep. 25, 2020 1:13:08 P.M. org.openqa.selenium.remote.ProtocolHandshake createSession
INFO: Detected dialect: W3C
]]></system-err>
  </testcase>
  <testcase name="testBusinessTab" classname="search.SearchTest" time="1.756">
    <failure message="expected [Business, Home &amp; Car Insurance Quotes | The Hartford Insurance] but found [Business Insurance | Insurance for Business Owners | The Hartford]" type="java.lang.AssertionError"><![CDATA[java.lang.AssertionError: expected [Business, Home & Car Insurance Quotes | The Hartford Insurance] but found [Business Insurance | Insurance for Business Owners | The Hartford]
	at search.SearchTest.testBusinessTab(SearchTest.java:52)
]]></failure>
    <system-out><![CDATA[Business Insurance | Insurance for Business Owners | The Hartford
]]></system-out>
    <system-err><![CDATA[Starting ChromeDriver 84.0.4147.30 (48b3e868b4cc0aa7e8149519690b6f6949e110a8-refs/branch-heads/4147@{#310}) on port 25604
Only local connections are allowed.
Please see https://chromedriver.chromium.org/security-considerations for suggestions on keeping ChromeDriver safe.
ChromeDriver was started successfully.
[1601061195.798][WARNING]: This version of ChromeDriver has not been tested with Chrome version 85.
Sep. 25, 2020 1:13:15 P.M. org.openqa.selenium.remote.ProtocolHandshake createSession
INFO: Detected dialect: W3C
]]></system-err>
  </testcase>
  <testcase name="testCarInsurance" classname="search.SearchTest" time="5.174">
    <failure message="element not interactable&#10;  (Session info: chrome=85.0.4183.121)&#10;Build info: version: &apos;3.141.59&apos;, revision: &apos;e82be7d358&apos;, time: &apos;2018-11-14T08:17:03&apos;&#10;System info: host: &apos;Syeds-MBP.ed.shawcable.net&apos;, ip: &apos;2604:3d09:6e80:4500:b149:4cb2:5195:3c4e%en0&apos;, os.name: &apos;Mac OS X&apos;, os.arch: &apos;x86_64&apos;, os.version: &apos;10.15.6&apos;, java.version: &apos;11.0.7&apos;&#10;Driver info: org.openqa.selenium.chrome.ChromeDriver&#10;Capabilities {acceptInsecureCerts: false, browserName: chrome, browserVersion: 85.0.4183.121, chrome: {chromedriverVersion: 84.0.4147.30 (48b3e868b4cc0..., userDataDir: /var/folders/xh/fygjm06s7q9...}, goog:chromeOptions: {debuggerAddress: localhost:63346}, javascriptEnabled: true, networkConnectionEnabled: false, pageLoadStrategy: normal, platform: MAC, platformName: MAC, proxy: Proxy(), setWindowRect: true, strictFileInteractability: false, timeouts: {implicit: 0, pageLoad: 300000, script: 30000}, unhandledPromptBehavior: dismiss and notify, webauthn:virtualAuthenticators: true}&#10;Session ID: 0cbc13963e771f5200c42a9f263fa33a" type="org.openqa.selenium.ElementNotInteractableException"><![CDATA[org.openqa.selenium.ElementNotInteractableException: 
element not interactable
  (Session info: chrome=85.0.4183.121)
Build info: version: '3.141.59', revision: 'e82be7d358', time: '2018-11-14T08:17:03'
System info: host: 'Syeds-MBP.ed.shawcable.net', ip: '2604:3d09:6e80:4500:b149:4cb2:5195:3c4e%en0', os.name: 'Mac OS X', os.arch: 'x86_64', os.version: '10.15.6', java.version: '11.0.7'
Driver info: org.openqa.selenium.chrome.ChromeDriver
Capabilities {acceptInsecureCerts: false, browserName: chrome, browserVersion: 85.0.4183.121, chrome: {chromedriverVersion: 84.0.4147.30 (48b3e868b4cc0..., userDataDir: /var/folders/xh/fygjm06s7q9...}, goog:chromeOptions: {debuggerAddress: localhost:63346}, javascriptEnabled: true, networkConnectionEnabled: false, pageLoadStrategy: normal, platform: MAC, platformName: MAC, proxy: Proxy(), setWindowRect: true, strictFileInteractability: false, timeouts: {implicit: 0, pageLoad: 300000, script: 30000}, unhandledPromptBehavior: dismiss and notify, webauthn:virtualAuthenticators: true}
Session ID: 0cbc13963e771f5200c42a9f263fa33a
	at search.SearchTest.testCarInsurance(SearchTest.java:174)
]]></failure>
    <system-out><![CDATA[Screenshot captured
]]></system-out>
    <system-err><![CDATA[Starting ChromeDriver 84.0.4147.30 (48b3e868b4cc0aa7e8149519690b6f6949e110a8-refs/branch-heads/4147@{#310}) on port 23109
Only local connections are allowed.
Please see https://chromedriver.chromium.org/security-considerations for suggestions on keeping ChromeDriver safe.
ChromeDriver was started successfully.
[1601061206.433][WARNING]: This version of ChromeDriver has not been tested with Chrome version 85.
Sep. 25, 2020 1:13:26 P.M. org.openqa.selenium.remote.ProtocolHandshake createSession
INFO: Detected dialect: W3C
]]></system-err>
  </testcase>
  <testcase name="testEEO" classname="search.SearchTest" time="1.555">
    <system-out><![CDATA[Screenshot captured
]]></system-out>
    <system-err><![CDATA[Starting ChromeDriver 84.0.4147.30 (48b3e868b4cc0aa7e8149519690b6f6949e110a8-refs/branch-heads/4147@{#310}) on port 24884
Only local connections are allowed.
Please see https://chromedriver.chromium.org/security-considerations for suggestions on keeping ChromeDriver safe.
ChromeDriver was started successfully.
[1601061217.078][WARNING]: This version of ChromeDriver has not been tested with Chrome version 85.
Sep. 25, 2020 1:13:38 P.M. org.openqa.selenium.remote.ProtocolHandshake createSession
INFO: Detected dialect: W3C
]]></system-err>
  </testcase>
  <testcase name="testEmployeeBanifits" classname="search.SearchTest" time="1.05">
    <failure message="expected [Business, Home &amp; Car Insurance Quotes | The Hartford Insurance] but found []" type="java.lang.AssertionError"><![CDATA[java.lang.AssertionError: expected [Business, Home & Car Insurance Quotes | The Hartford Insurance] but found []
	at search.SearchTest.testEmployeeBanifits(SearchTest.java:60)
]]></failure>
    <system-out><![CDATA[
]]></system-out>
    <system-err><![CDATA[Starting ChromeDriver 84.0.4147.30 (48b3e868b4cc0aa7e8149519690b6f6949e110a8-refs/branch-heads/4147@{#310}) on port 41006
Only local connections are allowed.
Please see https://chromedriver.chromium.org/security-considerations for suggestions on keeping ChromeDriver safe.
ChromeDriver was started successfully.
[1601061222.859][WARNING]: This version of ChromeDriver has not been tested with Chrome version 85.
Sep. 25, 2020 1:13:42 P.M. org.openqa.selenium.remote.ProtocolHandshake createSession
INFO: Detected dialect: W3C
]]></system-err>
  </testcase>
  <testcase name="testFeedBack" classname="search.SearchTest" time="3.344">
    <system-out><![CDATA[Screenshot captured
]]></system-out>
    <system-err><![CDATA[Starting ChromeDriver 84.0.4147.30 (48b3e868b4cc0aa7e8149519690b6f6949e110a8-refs/branch-heads/4147@{#310}) on port 1751
Only local connections are allowed.
Please see https://chromedriver.chromium.org/security-considerations for suggestions on keeping ChromeDriver safe.
ChromeDriver was started successfully.
[1601061230.045][WARNING]: This version of ChromeDriver has not been tested with Chrome version 85.
Sep. 25, 2020 1:13:50 P.M. org.openqa.selenium.remote.ProtocolHandshake createSession
INFO: Detected dialect: W3C
]]></system-err>
  </testcase>
  <testcase name="testFindAnAgentButton" classname="search.SearchTest" time="1.3">
    <system-out><![CDATA[Auto & Homeowners Agency Locator
]]></system-out>
    <system-err><![CDATA[Starting ChromeDriver 84.0.4147.30 (48b3e868b4cc0aa7e8149519690b6f6949e110a8-refs/branch-heads/4147@{#310}) on port 4149
Only local connections are allowed.
Please see https://chromedriver.chromium.org/security-considerations for suggestions on keeping ChromeDriver safe.
ChromeDriver was started successfully.
[1601061237.377][WARNING]: This version of ChromeDriver has not been tested with Chrome version 85.
Sep. 25, 2020 1:13:57 P.M. org.openqa.selenium.remote.ProtocolHandshake createSession
INFO: Detected dialect: W3C
]]></system-err>
  </testcase>
  <testcase name="testHomeInsurance" classname="search.SearchTest" time="1.186">
    <system-err><![CDATA[Starting ChromeDriver 84.0.4147.30 (48b3e868b4cc0aa7e8149519690b6f6949e110a8-refs/branch-heads/4147@{#310}) on port 31946
Only local connections are allowed.
Please see https://chromedriver.chromium.org/security-considerations for suggestions on keeping ChromeDriver safe.
ChromeDriver was started successfully.
[1601061242.891][WARNING]: This version of ChromeDriver has not been tested with Chrome version 85.
Sep. 25, 2020 1:14:03 P.M. org.openqa.selenium.remote.ProtocolHandshake createSession
INFO: Detected dialect: W3C
]]></system-err>
  </testcase>
  <testcase name="testHomeTab" classname="search.SearchTest" time="1.23">
    <failure message="expected [Business, Home &amp; Car Insurance Quotes | The Hartford Insurance] but found []" type="java.lang.AssertionError"><![CDATA[java.lang.AssertionError: expected [Business, Home & Car Insurance Quotes | The Hartford Insurance] but found []
	at search.SearchTest.testHomeTab(SearchTest.java:44)
]]></failure>
    <system-out><![CDATA[
]]></system-out>
    <system-err><![CDATA[Starting ChromeDriver 84.0.4147.30 (48b3e868b4cc0aa7e8149519690b6f6949e110a8-refs/branch-heads/4147@{#310}) on port 44840
Only local connections are allowed.
Please see https://chromedriver.chromium.org/security-considerations for suggestions on keeping ChromeDriver safe.
ChromeDriver was started successfully.
[1601061248.363][WARNING]: This version of ChromeDriver has not been tested with Chrome version 85.
Sep. 25, 2020 1:14:08 P.M. org.openqa.selenium.remote.ProtocolHandshake createSession
INFO: Detected dialect: W3C
]]></system-err>
  </testcase>
  <testcase name="testLegalNotice" classname="search.SearchTest" time="1.065">
    <system-out><![CDATA[Screenshot captured
]]></system-out>
    <system-err><![CDATA[Starting ChromeDriver 84.0.4147.30 (48b3e868b4cc0aa7e8149519690b6f6949e110a8-refs/branch-heads/4147@{#310}) on port 16785
Only local connections are allowed.
Please see https://chromedriver.chromium.org/security-considerations for suggestions on keeping ChromeDriver safe.
ChromeDriver was started successfully.
[1601061255.066][WARNING]: This version of ChromeDriver has not been tested with Chrome version 85.
Sep. 25, 2020 1:14:15 P.M. org.openqa.selenium.remote.ProtocolHandshake createSession
INFO: Detected dialect: W3C
]]></system-err>
  </testcase>
  <testcase name="testMobileApp" classname="search.SearchTest" time="1.241">
    <system-out><![CDATA[https://www.thehartford.com/mobile-tools
]]></system-out>
    <system-err><![CDATA[Starting ChromeDriver 84.0.4147.30 (48b3e868b4cc0aa7e8149519690b6f6949e110a8-refs/branch-heads/4147@{#310}) on port 3071
Only local connections are allowed.
Please see https://chromedriver.chromium.org/security-considerations for suggestions on keeping ChromeDriver safe.
ChromeDriver was started successfully.
[1601061260.277][WARNING]: This version of ChromeDriver has not been tested with Chrome version 85.
Sep. 25, 2020 1:14:20 P.M. org.openqa.selenium.remote.ProtocolHandshake createSession
INFO: Detected dialect: W3C
]]></system-err>
  </testcase>
  <testcase name="testPrivacyPolicy" classname="search.SearchTest" time="0.91">
    <system-err><![CDATA[Starting ChromeDriver 84.0.4147.30 (48b3e868b4cc0aa7e8149519690b6f6949e110a8-refs/branch-heads/4147@{#310}) on port 20285
Only local connections are allowed.
Please see https://chromedriver.chromium.org/security-considerations for suggestions on keeping ChromeDriver safe.
ChromeDriver was started successfully.
[1601061265.547][WARNING]: This version of ChromeDriver has not been tested with Chrome version 85.
Sep. 25, 2020 1:14:25 P.M. org.openqa.selenium.remote.ProtocolHandshake createSession
INFO: Detected dialect: W3C
]]></system-err>
  </testcase>
  <testcase name="testProdCompensation" classname="search.SearchTest" time="0.872">
    <system-err><![CDATA[Starting ChromeDriver 84.0.4147.30 (48b3e868b4cc0aa7e8149519690b6f6949e110a8-refs/branch-heads/4147@{#310}) on port 44399
Only local connections are allowed.
Please see https://chromedriver.chromium.org/security-considerations for suggestions on keeping ChromeDriver safe.
ChromeDriver was started successfully.
[1601061270.763][WARNING]: This version of ChromeDriver has not been tested with Chrome version 85.
Sep. 25, 2020 1:14:30 P.M. org.openqa.selenium.remote.ProtocolHandshake createSession
INFO: Detected dialect: W3C
]]></system-err>
  </testcase>
  <testcase name="testReportClaim" classname="search.SearchTest" time="1.223">
    <system-out><![CDATA[Claims
]]></system-out>
    <system-err><![CDATA[Starting ChromeDriver 84.0.4147.30 (48b3e868b4cc0aa7e8149519690b6f6949e110a8-refs/branch-heads/4147@{#310}) on port 12283
Only local connections are allowed.
Please see https://chromedriver.chromium.org/security-considerations for suggestions on keeping ChromeDriver safe.
ChromeDriver was started successfully.
[1601061275.928][WARNING]: This version of ChromeDriver has not been tested with Chrome version 85.
Sep. 25, 2020 1:14:36 P.M. org.openqa.selenium.remote.ProtocolHandshake createSession
INFO: Detected dialect: W3C
]]></system-err>
  </testcase>
  <testcase name="testSearchBoxCheck" classname="search.SearchTest" time="2.871">
    <system-err><![CDATA[Starting ChromeDriver 84.0.4147.30 (48b3e868b4cc0aa7e8149519690b6f6949e110a8-refs/branch-heads/4147@{#310}) on port 18756
Only local connections are allowed.
Please see https://chromedriver.chromium.org/security-considerations for suggestions on keeping ChromeDriver safe.
ChromeDriver was started successfully.
[1601061281.068][WARNING]: This version of ChromeDriver has not been tested with Chrome version 85.
Sep. 25, 2020 1:14:41 P.M. org.openqa.selenium.remote.ProtocolHandshake createSession
INFO: Detected dialect: W3C
]]></system-err>
  </testcase>
  <testcase name="testSmallBiz" classname="search.SearchTest" time="0.628">
    <system-out><![CDATA[https://www.thehartford.com/
]]></system-out>
    <system-err><![CDATA[Starting ChromeDriver 84.0.4147.30 (48b3e868b4cc0aa7e8149519690b6f6949e110a8-refs/branch-heads/4147@{#310}) on port 16552
Only local connections are allowed.
Please see https://chromedriver.chromium.org/security-considerations for suggestions on keeping ChromeDriver safe.
ChromeDriver was started successfully.
[1601061287.528][WARNING]: This version of ChromeDriver has not been tested with Chrome version 85.
Sep. 25, 2020 1:14:47 P.M. org.openqa.selenium.remote.ProtocolHandshake createSession
INFO: Detected dialect: W3C
]]></system-err>
  </testcase>
  <testcase name="testtheHartFordImage" classname="search.SearchTest" time="0.859">
    <system-out><![CDATA[Business, Home & Car Insurance Quotes | The Hartford Insurance
]]></system-out>
    <system-err><![CDATA[Starting ChromeDriver 84.0.4147.30 (48b3e868b4cc0aa7e8149519690b6f6949e110a8-refs/branch-heads/4147@{#310}) on port 16771
Only local connections are allowed.
Please see https://chromedriver.chromium.org/security-considerations for suggestions on keeping ChromeDriver safe.
ChromeDriver was started successfully.
[1601061292.004][WARNING]: This version of ChromeDriver has not been tested with Chrome version 85.
Sep. 25, 2020 1:14:52 P.M. org.openqa.selenium.remote.ProtocolHandshake createSession
INFO: Detected dialect: W3C
]]></system-err>
  </testcase>
</testsuite>