<?xml version="1.0" encoding="UTF-8"?>
<testsuite xmlns:xsi="http://www.w3.org/2001/XMLSchema-instance" xsi:noNamespaceSchemaLocation="https://maven.apache.org/surefire/maven-surefire-plugin/xsd/surefire-test-report-3.0.xsd" version="3.0" name="TestSuite" time="146.78" tests="26" errors="0" skipped="0" failures="0">
  <properties>
    <property name="java.specification.version" value="14"/>
    <property name="webdriver.chrome.driver" value="../Generic/BrowserDriver/mac/chromedriver"/>
    <property name="sun.jnu.encoding" value="UTF-8"/>
    <property name="java.class.path" value="/Users/ramdaneameur/IdeaProjects/WebAutomationFramework_Team1/TheHartford/target/test-classes:/Users/ramdaneameur/IdeaProjects/WebAutomationFramework_Team1/TheHartford/target/classes:/Users/ramdaneameur/IdeaProjects/WebAutomationFramework_Team1/Generic/target/classes:/Users/ramdaneameur/.m2/repository/org/seleniumhq/selenium/selenium-java/3.141.59/selenium-java-3.141.59.jar:/Users/ramdaneameur/.m2/repository/org/seleniumhq/selenium/selenium-api/3.141.59/selenium-api-3.141.59.jar:/Users/ramdaneameur/.m2/repository/org/seleniumhq/selenium/selenium-chrome-driver/3.141.59/selenium-chrome-driver-3.141.59.jar:/Users/ramdaneameur/.m2/repository/org/seleniumhq/selenium/selenium-edge-driver/3.141.59/selenium-edge-driver-3.141.59.jar:/Users/ramdaneameur/.m2/repository/org/seleniumhq/selenium/selenium-firefox-driver/3.141.59/selenium-firefox-driver-3.141.59.jar:/Users/ramdaneameur/.m2/repository/org/seleniumhq/selenium/selenium-ie-driver/3.141.59/selenium-ie-driver-3.141.59.jar:/Users/ramdaneameur/.m2/repository/org/seleniumhq/selenium/selenium-opera-driver/3.141.59/selenium-opera-driver-3.141.59.jar:/Users/ramdaneameur/.m2/repository/org/seleniumhq/selenium/selenium-remote-driver/3.141.59/selenium-remote-driver-3.141.59.jar:/Users/ramdaneameur/.m2/repository/org/seleniumhq/selenium/selenium-safari-driver/3.141.59/selenium-safari-driver-3.141.59.jar:/Users/ramdaneameur/.m2/repository/org/seleniumhq/selenium/selenium-support/3.141.59/selenium-support-3.141.59.jar:/Users/ramdaneameur/.m2/repository/net/bytebuddy/byte-buddy/1.8.15/byte-buddy-1.8.15.jar:/Users/ramdaneameur/.m2/repository/org/apache/commons/commons-exec/1.3/commons-exec-1.3.jar:/Users/ramdaneameur/.m2/repository/com/google/guava/guava/25.0-jre/guava-25.0-jre.jar:/Users/ramdaneameur/.m2/repository/com/google/code/findbugs/jsr305/1.3.9/jsr305-1.3.9.jar:/Users/ramdaneameur/.m2/repository/org/checkerframework/checker-compat-qual/2.0.0/checker-compat-qual-2.0.0.jar:/Users/ramdaneameur/.m2/repository/com/google/errorprone/error_prone_annotations/2.1.3/error_prone_annotations-2.1.3.jar:/Users/ramdaneameur/.m2/repository/com/google/j2objc/j2objc-annotations/1.1/j2objc-annotations-1.1.jar:/Users/ramdaneameur/.m2/repository/org/codehaus/mojo/animal-sniffer-annotations/1.14/animal-sniffer-annotations-1.14.jar:/Users/ramdaneameur/.m2/repository/com/squareup/okhttp3/okhttp/3.11.0/okhttp-3.11.0.jar:/Users/ramdaneameur/.m2/repository/com/squareup/okio/okio/1.14.0/okio-1.14.0.jar:/Users/ramdaneameur/.m2/repository/org/seleniumhq/selenium/selenium-server/3.141.59/selenium-server-3.141.59.jar:/Users/ramdaneameur/.m2/repository/com/beust/jcommander/1.72/jcommander-1.72.jar:/Users/ramdaneameur/.m2/repository/net/jcip/jcip-annotations/1.0/jcip-annotations-1.0.jar:/Users/ramdaneameur/.m2/repository/org/seleniumhq/selenium/jetty-repacked/9.4.12.v20180830/jetty-repacked-9.4.12.v20180830.jar:/Users/ramdaneameur/.m2/repository/javax/servlet/javax.servlet-api/3.1.0/javax.servlet-api-3.1.0.jar:/Users/ramdaneameur/.m2/repository/org/yaml/snakeyaml/1.19/snakeyaml-1.19.jar:/Users/ramdaneameur/.m2/repository/org/testng/testng/7.1.0/testng-7.1.0.jar:/Users/ramdaneameur/.m2/repository/com/google/inject/guice/4.1.0/guice-4.1.0-no_aop.jar:/Users/ramdaneameur/.m2/repository/javax/inject/javax.inject/1/javax.inject-1.jar:/Users/ramdaneameur/.m2/repository/aopalliance/aopalliance/1.0/aopalliance-1.0.jar:/Users/ramdaneameur/.m2/repository/io/github/bonigarcia/webdrivermanager/4.2.0/webdrivermanager-4.2.0.jar:/Users/ramdaneameur/.m2/repository/org/slf4j/slf4j-api/1.7.30/slf4j-api-1.7.30.jar:/Users/ramdaneameur/.m2/repository/com/google/code/gson/gson/2.8.6/gson-2.8.6.jar:/Users/ramdaneameur/.m2/repository/org/apache/httpcomponents/client5/httpclient5/5.0.1/httpclient5-5.0.1.jar:/Users/ramdaneameur/.m2/repository/org/apache/httpcomponents/core5/httpcore5/5.0.1/httpcore5-5.0.1.jar:/Users/ramdaneameur/.m2/repository/org/apache/httpcomponents/core5/httpcore5-h2/5.0.1/httpcore5-h2-5.0.1.jar:/Users/ramdaneameur/.m2/repository/org/rauschig/jarchivelib/1.0.0/jarchivelib-1.0.0.jar:/Users/ramdaneameur/.m2/repository/org/jsoup/jsoup/1.13.1/jsoup-1.13.1.jar:/Users/ramdaneameur/.m2/repository/org/mongodb/mongo-java-driver/3.12.7/mongo-java-driver-3.12.7.jar:/Users/ramdaneameur/.m2/repository/mysql/mysql-connector-java/8.0.21/mysql-connector-java-8.0.21.jar:/Users/ramdaneameur/.m2/repository/com/google/protobuf/protobuf-java/3.11.4/protobuf-java-3.11.4.jar:/Users/ramdaneameur/.m2/repository/org/apache/poi/poi/4.1.2/poi-4.1.2.jar:/Users/ramdaneameur/.m2/repository/commons-codec/commons-codec/1.13/commons-codec-1.13.jar:/Users/ramdaneameur/.m2/repository/org/apache/commons/commons-collections4/4.4/commons-collections4-4.4.jar:/Users/ramdaneameur/.m2/repository/org/apache/commons/commons-math3/3.6.1/commons-math3-3.6.1.jar:/Users/ramdaneameur/.m2/repository/com/zaxxer/SparseBitSet/1.2/SparseBitSet-1.2.jar:/Users/ramdaneameur/.m2/repository/org/apache/poi/poi-ooxml/4.1.2/poi-ooxml-4.1.2.jar:/Users/ramdaneameur/.m2/repository/org/apache/poi/poi-ooxml-schemas/4.1.2/poi-ooxml-schemas-4.1.2.jar:/Users/ramdaneameur/.m2/repository/org/apache/xmlbeans/xmlbeans/3.1.0/xmlbeans-3.1.0.jar:/Users/ramdaneameur/.m2/repository/org/apache/commons/commons-compress/1.19/commons-compress-1.19.jar:/Users/ramdaneameur/.m2/repository/com/github/virtuald/curvesapi/1.06/curvesapi-1.06.jar:/Users/ramdaneameur/.m2/repository/com/aventstack/extentreports/5.0.3/extentreports-5.0.3.jar:/Users/ramdaneameur/.m2/repository/io/reactivex/rxjava3/rxjava/3.0.4/rxjava-3.0.4.jar:/Users/ramdaneameur/.m2/repository/org/reactivestreams/reactive-streams/1.0.3/reactive-streams-1.0.3.jar:/Users/ramdaneameur/.m2/repository/org/freemarker/freemarker/2.3.30/freemarker-2.3.30.jar:/Users/ramdaneameur/.m2/repository/org/projectlombok/lombok/1.18.12/lombok-1.18.12.jar:/Users/ramdaneameur/.m2/repository/com/relevantcodes/extentreports/2.41.2/extentreports-2.41.2.jar:/Users/ramdaneameur/.m2/repository/org/xerial/sqlite-jdbc/3.8.11.1/sqlite-jdbc-3.8.11.1.jar:/Users/ramdaneameur/.m2/repository/org/mongodb/mongodb-driver/3.0.4/mongodb-driver-3.0.4.jar:/Users/ramdaneameur/.m2/repository/org/mongodb/bson/3.0.4/bson-3.0.4.jar:/Users/ramdaneameur/.m2/repository/org/mongodb/mongodb-driver-core/3.0.4/mongodb-driver-core-3.0.4.jar:/Users/ramdaneameur/.m2/repository/org/apache/commons/commons-lang3/3.11/commons-lang3-3.11.jar:/Users/ramdaneameur/.m2/repository/commons-io/commons-io/2.7/commons-io-2.7.jar:/Users/ramdaneameur/.m2/repository/com/github/javafaker/javafaker/1.0.2/javafaker-1.0.2.jar:/Users/ramdaneameur/.m2/repository/org/yaml/snakeyaml/1.23/snakeyaml-1.23-android.jar:/Users/ramdaneameur/.m2/repository/com/github/mifmif/generex/1.0.2/generex-1.0.2.jar:/Users/ramdaneameur/.m2/repository/dk/brics/automaton/automaton/1.11-8/automaton-1.11-8.jar:"/>
    <property name="java.vm.vendor" value="Oracle Corporation"/>
    <property name="sun.arch.data.model" value="64"/>
    <property name="java.vendor.url" value="https://openjdk.java.net/"/>
    <property name="user.timezone" value="America/New_York"/>
    <property name="os.name" value="Mac OS X"/>
    <property name="java.vm.specification.version" value="14"/>
    <property name="sun.java.launcher" value="SUN_STANDARD"/>
    <property name="user.country" value="US"/>
    <property name="sun.boot.library.path" value="/usr/local/Cellar/openjdk/14.0.1/libexec/openjdk.jdk/Contents/Home/lib"/>
    <property name="sun.java.command" value="/Users/ramdaneameur/IdeaProjects/WebAutomationFramework_Team1/TheHartford/target/surefire/surefirebooter11653434575041819185.jar /Users/ramdaneameur/IdeaProjects/WebAutomationFramework_Team1/TheHartford/target/surefire 2020-09-26T13-59-31_207-jvmRun1 surefire15069832856079118147tmp surefire_315452852444762652187tmp"/>
    <property name="http.nonProxyHosts" value="local|*.local|169.254/16|*.169.254/16"/>
    <property name="jdk.debug" value="release"/>
    <property name="surefire.test.class.path" value="/Users/ramdaneameur/IdeaProjects/WebAutomationFramework_Team1/TheHartford/target/test-classes:/Users/ramdaneameur/IdeaProjects/WebAutomationFramework_Team1/TheHartford/target/classes:/Users/ramdaneameur/IdeaProjects/WebAutomationFramework_Team1/Generic/target/classes:/Users/ramdaneameur/.m2/repository/org/seleniumhq/selenium/selenium-java/3.141.59/selenium-java-3.141.59.jar:/Users/ramdaneameur/.m2/repository/org/seleniumhq/selenium/selenium-api/3.141.59/selenium-api-3.141.59.jar:/Users/ramdaneameur/.m2/repository/org/seleniumhq/selenium/selenium-chrome-driver/3.141.59/selenium-chrome-driver-3.141.59.jar:/Users/ramdaneameur/.m2/repository/org/seleniumhq/selenium/selenium-edge-driver/3.141.59/selenium-edge-driver-3.141.59.jar:/Users/ramdaneameur/.m2/repository/org/seleniumhq/selenium/selenium-firefox-driver/3.141.59/selenium-firefox-driver-3.141.59.jar:/Users/ramdaneameur/.m2/repository/org/seleniumhq/selenium/selenium-ie-driver/3.141.59/selenium-ie-driver-3.141.59.jar:/Users/ramdaneameur/.m2/repository/org/seleniumhq/selenium/selenium-opera-driver/3.141.59/selenium-opera-driver-3.141.59.jar:/Users/ramdaneameur/.m2/repository/org/seleniumhq/selenium/selenium-remote-driver/3.141.59/selenium-remote-driver-3.141.59.jar:/Users/ramdaneameur/.m2/repository/org/seleniumhq/selenium/selenium-safari-driver/3.141.59/selenium-safari-driver-3.141.59.jar:/Users/ramdaneameur/.m2/repository/org/seleniumhq/selenium/selenium-support/3.141.59/selenium-support-3.141.59.jar:/Users/ramdaneameur/.m2/repository/net/bytebuddy/byte-buddy/1.8.15/byte-buddy-1.8.15.jar:/Users/ramdaneameur/.m2/repository/org/apache/commons/commons-exec/1.3/commons-exec-1.3.jar:/Users/ramdaneameur/.m2/repository/com/google/guava/guava/25.0-jre/guava-25.0-jre.jar:/Users/ramdaneameur/.m2/repository/com/google/code/findbugs/jsr305/1.3.9/jsr305-1.3.9.jar:/Users/ramdaneameur/.m2/repository/org/checkerframework/checker-compat-qual/2.0.0/checker-compat-qual-2.0.0.jar:/Users/ramdaneameur/.m2/repository/com/google/errorprone/error_prone_annotations/2.1.3/error_prone_annotations-2.1.3.jar:/Users/ramdaneameur/.m2/repository/com/google/j2objc/j2objc-annotations/1.1/j2objc-annotations-1.1.jar:/Users/ramdaneameur/.m2/repository/org/codehaus/mojo/animal-sniffer-annotations/1.14/animal-sniffer-annotations-1.14.jar:/Users/ramdaneameur/.m2/repository/com/squareup/okhttp3/okhttp/3.11.0/okhttp-3.11.0.jar:/Users/ramdaneameur/.m2/repository/com/squareup/okio/okio/1.14.0/okio-1.14.0.jar:/Users/ramdaneameur/.m2/repository/org/seleniumhq/selenium/selenium-server/3.141.59/selenium-server-3.141.59.jar:/Users/ramdaneameur/.m2/repository/com/beust/jcommander/1.72/jcommander-1.72.jar:/Users/ramdaneameur/.m2/repository/net/jcip/jcip-annotations/1.0/jcip-annotations-1.0.jar:/Users/ramdaneameur/.m2/repository/org/seleniumhq/selenium/jetty-repacked/9.4.12.v20180830/jetty-repacked-9.4.12.v20180830.jar:/Users/ramdaneameur/.m2/repository/javax/servlet/javax.servlet-api/3.1.0/javax.servlet-api-3.1.0.jar:/Users/ramdaneameur/.m2/repository/org/yaml/snakeyaml/1.19/snakeyaml-1.19.jar:/Users/ramdaneameur/.m2/repository/org/testng/testng/7.1.0/testng-7.1.0.jar:/Users/ramdaneameur/.m2/repository/com/google/inject/guice/4.1.0/guice-4.1.0-no_aop.jar:/Users/ramdaneameur/.m2/repository/javax/inject/javax.inject/1/javax.inject-1.jar:/Users/ramdaneameur/.m2/repository/aopalliance/aopalliance/1.0/aopalliance-1.0.jar:/Users/ramdaneameur/.m2/repository/io/github/bonigarcia/webdrivermanager/4.2.0/webdrivermanager-4.2.0.jar:/Users/ramdaneameur/.m2/repository/org/slf4j/slf4j-api/1.7.30/slf4j-api-1.7.30.jar:/Users/ramdaneameur/.m2/repository/com/google/code/gson/gson/2.8.6/gson-2.8.6.jar:/Users/ramdaneameur/.m2/repository/org/apache/httpcomponents/client5/httpclient5/5.0.1/httpclient5-5.0.1.jar:/Users/ramdaneameur/.m2/repository/org/apache/httpcomponents/core5/httpcore5/5.0.1/httpcore5-5.0.1.jar:/Users/ramdaneameur/.m2/repository/org/apache/httpcomponents/core5/httpcore5-h2/5.0.1/httpcore5-h2-5.0.1.jar:/Users/ramdaneameur/.m2/repository/org/rauschig/jarchivelib/1.0.0/jarchivelib-1.0.0.jar:/Users/ramdaneameur/.m2/repository/org/jsoup/jsoup/1.13.1/jsoup-1.13.1.jar:/Users/ramdaneameur/.m2/repository/org/mongodb/mongo-java-driver/3.12.7/mongo-java-driver-3.12.7.jar:/Users/ramdaneameur/.m2/repository/mysql/mysql-connector-java/8.0.21/mysql-connector-java-8.0.21.jar:/Users/ramdaneameur/.m2/repository/com/google/protobuf/protobuf-java/3.11.4/protobuf-java-3.11.4.jar:/Users/ramdaneameur/.m2/repository/org/apache/poi/poi/4.1.2/poi-4.1.2.jar:/Users/ramdaneameur/.m2/repository/commons-codec/commons-codec/1.13/commons-codec-1.13.jar:/Users/ramdaneameur/.m2/repository/org/apache/commons/commons-collections4/4.4/commons-collections4-4.4.jar:/Users/ramdaneameur/.m2/repository/org/apache/commons/commons-math3/3.6.1/commons-math3-3.6.1.jar:/Users/ramdaneameur/.m2/repository/com/zaxxer/SparseBitSet/1.2/SparseBitSet-1.2.jar:/Users/ramdaneameur/.m2/repository/org/apache/poi/poi-ooxml/4.1.2/poi-ooxml-4.1.2.jar:/Users/ramdaneameur/.m2/repository/org/apache/poi/poi-ooxml-schemas/4.1.2/poi-ooxml-schemas-4.1.2.jar:/Users/ramdaneameur/.m2/repository/org/apache/xmlbeans/xmlbeans/3.1.0/xmlbeans-3.1.0.jar:/Users/ramdaneameur/.m2/repository/org/apache/commons/commons-compress/1.19/commons-compress-1.19.jar:/Users/ramdaneameur/.m2/repository/com/github/virtuald/curvesapi/1.06/curvesapi-1.06.jar:/Users/ramdaneameur/.m2/repository/com/aventstack/extentreports/5.0.3/extentreports-5.0.3.jar:/Users/ramdaneameur/.m2/repository/io/reactivex/rxjava3/rxjava/3.0.4/rxjava-3.0.4.jar:/Users/ramdaneameur/.m2/repository/org/reactivestreams/reactive-streams/1.0.3/reactive-streams-1.0.3.jar:/Users/ramdaneameur/.m2/repository/org/freemarker/freemarker/2.3.30/freemarker-2.3.30.jar:/Users/ramdaneameur/.m2/repository/org/projectlombok/lombok/1.18.12/lombok-1.18.12.jar:/Users/ramdaneameur/.m2/repository/com/relevantcodes/extentreports/2.41.2/extentreports-2.41.2.jar:/Users/ramdaneameur/.m2/repository/org/xerial/sqlite-jdbc/3.8.11.1/sqlite-jdbc-3.8.11.1.jar:/Users/ramdaneameur/.m2/repository/org/mongodb/mongodb-driver/3.0.4/mongodb-driver-3.0.4.jar:/Users/ramdaneameur/.m2/repository/org/mongodb/bson/3.0.4/bson-3.0.4.jar:/Users/ramdaneameur/.m2/repository/org/mongodb/mongodb-driver-core/3.0.4/mongodb-driver-core-3.0.4.jar:/Users/ramdaneameur/.m2/repository/org/apache/commons/commons-lang3/3.11/commons-lang3-3.11.jar:/Users/ramdaneameur/.m2/repository/commons-io/commons-io/2.7/commons-io-2.7.jar:/Users/ramdaneameur/.m2/repository/com/github/javafaker/javafaker/1.0.2/javafaker-1.0.2.jar:/Users/ramdaneameur/.m2/repository/org/yaml/snakeyaml/1.23/snakeyaml-1.23-android.jar:/Users/ramdaneameur/.m2/repository/com/github/mifmif/generex/1.0.2/generex-1.0.2.jar:/Users/ramdaneameur/.m2/repository/dk/brics/automaton/automaton/1.11-8/automaton-1.11-8.jar:"/>
    <property name="sun.cpu.endian" value="little"/>
    <property name="user.home" value="/Users/ramdaneameur"/>
    <property name="user.language" value="en"/>
    <property name="java.specification.vendor" value="Oracle Corporation"/>
    <property name="java.version.date" value="2020-04-14"/>
    <property name="java.home" value="/usr/local/Cellar/openjdk/14.0.1/libexec/openjdk.jdk/Contents/Home"/>
    <property name="file.separator" value="/"/>
    <property name="basedir" value="/Users/ramdaneameur/IdeaProjects/WebAutomationFramework_Team1/TheHartford"/>
    <property name="java.vm.compressedOopsMode" value="Zero based"/>
    <property name="line.separator" value="&#10;"/>
    <property name="java.specification.name" value="Java Platform API Specification"/>
    <property name="java.vm.specification.vendor" value="Oracle Corporation"/>
    <property name="surefire.real.class.path" value="/Users/ramdaneameur/IdeaProjects/WebAutomationFramework_Team1/TheHartford/target/surefire/surefirebooter11653434575041819185.jar"/>
    <property name="sun.management.compiler" value="HotSpot 64-Bit Tiered Compilers"/>
    <property name="ftp.nonProxyHosts" value="local|*.local|169.254/16|*.169.254/16"/>
    <property name="java.runtime.version" value="14.0.1+14"/>
    <property name="user.name" value="ramdaneameur"/>
    <property name="path.separator" value=":"/>
    <property name="os.version" value="10.15.6"/>
    <property name="java.runtime.name" value="OpenJDK Runtime Environment"/>
    <property name="file.encoding" value="UTF-8"/>
    <property name="java.vm.name" value="OpenJDK 64-Bit Server VM"/>
    <property name="localRepository" value="/Users/ramdaneameur/.m2/repository"/>
    <property name="java.vendor.url.bug" value="https://bugreport.java.com/bugreport/"/>
    <property name="java.io.tmpdir" value="/var/folders/wz/dgqm41w90yg9415sz6t55kq80000gn/T/"/>
    <property name="java.version" value="14.0.1"/>
    <property name="user.dir" value="/Users/ramdaneameur/IdeaProjects/WebAutomationFramework_Team1/TheHartford"/>
    <property name="os.arch" value="x86_64"/>
    <property name="java.vm.specification.name" value="Java Virtual Machine Specification"/>
    <property name="java.library.path" value="/Users/ramdaneameur/Library/Java/Extensions:/Library/Java/Extensions:/Network/Library/Java/Extensions:/System/Library/Java/Extensions:/usr/lib/java:."/>
    <property name="java.vm.info" value="mixed mode, sharing"/>
    <property name="java.vendor" value="N/A"/>
    <property name="java.vm.version" value="14.0.1+14"/>
    <property name="sun.io.unicode.encoding" value="UnicodeBig"/>
    <property name="socksNonProxyHosts" value="local|*.local|169.254/16|*.169.254/16"/>
    <property name="java.class.version" value="58.0"/>
  </properties>
  <testcase name="setAboutTheHeartFordTest" classname="homeTest.HomePageTest" time="4.006">
    <system-out><![CDATA[Extent Report Directory/Users/ramdaneameur/IdeaProjects/WebAutomationFramework_Team1/TheHartford/target/surefire-reports/html
]]></system-out>
    <system-err><![CDATA[Starting ChromeDriver 85.0.4183.87 (cd6713ebf92fa1cacc0f1a598df280093af0c5d7-refs/branch-heads/4183@{#1689}) on port 38481
Only local connections are allowed.
Please see https://chromedriver.chromium.org/security-considerations for suggestions on keeping ChromeDriver safe.
ChromeDriver was started successfully.
Sep 26, 2020 2:04:03 PM org.openqa.selenium.remote.ProtocolHandshake createSession
INFO: Detected dialect: W3C
]]></system-err>
  </testcase>
  <testcase name="setAbsenceManagementTest" classname="homeTest.HomePageTest" time="3.965">
    <system-err><![CDATA[Starting ChromeDriver 85.0.4183.87 (cd6713ebf92fa1cacc0f1a598df280093af0c5d7-refs/branch-heads/4183@{#1689}) on port 27228
Only local connections are allowed.
Please see https://chromedriver.chromium.org/security-considerations for suggestions on keeping ChromeDriver safe.
ChromeDriver was started successfully.
Sep 26, 2020 2:04:09 PM org.openqa.selenium.remote.ProtocolHandshake createSession
INFO: Detected dialect: W3C
]]></system-err>
  </testcase>
  <testcase name="setAllBusinessCoveragesTest" classname="homeTest.HomePageTest" time="3.925">
    <system-err><![CDATA[Starting ChromeDriver 85.0.4183.87 (cd6713ebf92fa1cacc0f1a598df280093af0c5d7-refs/branch-heads/4183@{#1689}) on port 43512
Only local connections are allowed.
Please see https://chromedriver.chromium.org/security-considerations for suggestions on keeping ChromeDriver safe.
ChromeDriver was started successfully.
Sep 26, 2020 2:04:16 PM org.openqa.selenium.remote.ProtocolHandshake createSession
INFO: Detected dialect: W3C
]]></system-err>
  </testcase>
  <testcase name="setAllVehiclesTest" classname="homeTest.HomePageTest" time="3.983">
    <system-err><![CDATA[Starting ChromeDriver 85.0.4183.87 (cd6713ebf92fa1cacc0f1a598df280093af0c5d7-refs/branch-heads/4183@{#1689}) on port 22917
Only local connections are allowed.
Please see https://chromedriver.chromium.org/security-considerations for suggestions on keeping ChromeDriver safe.
ChromeDriver was started successfully.
Sep 26, 2020 2:04:22 PM org.openqa.selenium.remote.ProtocolHandshake createSession
INFO: Detected dialect: W3C
]]></system-err>
  </testcase>
  <testcase name="setAutoButtonTest" classname="homeTest.HomePageTest" time="6.891">
    <system-err><![CDATA[Starting ChromeDriver 85.0.4183.87 (cd6713ebf92fa1cacc0f1a598df280093af0c5d7-refs/branch-heads/4183@{#1689}) on port 21019
Only local connections are allowed.
Please see https://chromedriver.chromium.org/security-considerations for suggestions on keeping ChromeDriver safe.
ChromeDriver was started successfully.
Sep 26, 2020 2:04:28 PM org.openqa.selenium.remote.ProtocolHandshake createSession
INFO: Detected dialect: W3C
]]></system-err>
  </testcase>
  <testcase name="setBusinessInsuranceTest" classname="homeTest.HomePageTest" time="7.846">
    <system-err><![CDATA[Starting ChromeDriver 85.0.4183.87 (cd6713ebf92fa1cacc0f1a598df280093af0c5d7-refs/branch-heads/4183@{#1689}) on port 38007
Only local connections are allowed.
Please see https://chromedriver.chromium.org/security-considerations for suggestions on keeping ChromeDriver safe.
ChromeDriver was started successfully.
Sep 26, 2020 2:04:38 PM org.openqa.selenium.remote.ProtocolHandshake createSession
INFO: Detected dialect: W3C
]]></system-err>
  </testcase>
  <testcase name="setClassicCarInsuranceTest" classname="homeTest.HomePageTest" time="6.736">
    <system-err><![CDATA[Starting ChromeDriver 85.0.4183.87 (cd6713ebf92fa1cacc0f1a598df280093af0c5d7-refs/branch-heads/4183@{#1689}) on port 31808
Only local connections are allowed.
Please see https://chromedriver.chromium.org/security-considerations for suggestions on keeping ChromeDriver safe.
ChromeDriver was started successfully.
Sep 26, 2020 2:04:48 PM org.openqa.selenium.remote.ProtocolHandshake createSession
INFO: Detected dialect: W3C
]]></system-err>
  </testcase>
  <testcase name="setFloodInsuranceTest" classname="homeTest.HomePageTest" time="6.926">
    <system-err><![CDATA[Starting ChromeDriver 85.0.4183.87 (cd6713ebf92fa1cacc0f1a598df280093af0c5d7-refs/branch-heads/4183@{#1689}) on port 29019
Only local connections are allowed.
Please see https://chromedriver.chromium.org/security-considerations for suggestions on keeping ChromeDriver safe.
ChromeDriver was started successfully.
Sep 26, 2020 2:04:57 PM org.openqa.selenium.remote.ProtocolHandshake createSession
INFO: Detected dialect: W3C
]]></system-err>
  </testcase>
  <testcase name="setGeneralLiabilityInsuranceTest" classname="homeTest.HomePageTest" time="4.013">
    <system-err><![CDATA[Starting ChromeDriver 85.0.4183.87 (cd6713ebf92fa1cacc0f1a598df280093af0c5d7-refs/branch-heads/4183@{#1689}) on port 27069
Only local connections are allowed.
Please see https://chromedriver.chromium.org/security-considerations for suggestions on keeping ChromeDriver safe.
ChromeDriver was started successfully.
Sep 26, 2020 2:05:06 PM org.openqa.selenium.remote.ProtocolHandshake createSession
INFO: Detected dialect: W3C
]]></system-err>
  </testcase>
  <testcase name="setHomeButtonTest" classname="homeTest.HomePageTest" time="3.953">
    <system-err><![CDATA[Starting ChromeDriver 85.0.4183.87 (cd6713ebf92fa1cacc0f1a598df280093af0c5d7-refs/branch-heads/4183@{#1689}) on port 1453
Only local connections are allowed.
Please see https://chromedriver.chromium.org/security-considerations for suggestions on keeping ChromeDriver safe.
ChromeDriver was started successfully.
Sep 26, 2020 2:05:13 PM org.openqa.selenium.remote.ProtocolHandshake createSession
INFO: Detected dialect: W3C
]]></system-err>
  </testcase>
  <testcase name="setHomeownersInsuranceTest" classname="homeTest.HomePageTest" time="3.94">
    <system-err><![CDATA[Starting ChromeDriver 85.0.4183.87 (cd6713ebf92fa1cacc0f1a598df280093af0c5d7-refs/branch-heads/4183@{#1689}) on port 38619
Only local connections are allowed.
Please see https://chromedriver.chromium.org/security-considerations for suggestions on keeping ChromeDriver safe.
ChromeDriver was started successfully.
Sep 26, 2020 2:05:19 PM org.openqa.selenium.remote.ProtocolHandshake createSession
INFO: Detected dialect: W3C
]]></system-err>
  </testcase>
  <testcase name="setSmallBusinessInsuranceTest" classname="homeTest.HomePageTest" time="4.01">
    <system-err><![CDATA[Starting ChromeDriver 85.0.4183.87 (cd6713ebf92fa1cacc0f1a598df280093af0c5d7-refs/branch-heads/4183@{#1689}) on port 6662
Only local connections are allowed.
Please see https://chromedriver.chromium.org/security-considerations for suggestions on keeping ChromeDriver safe.
ChromeDriver was started successfully.
Sep 26, 2020 2:05:25 PM org.openqa.selenium.remote.ProtocolHandshake createSession
INFO: Detected dialect: W3C
]]></system-err>
  </testcase>
  <testcase name="setUmbrellaInsuranceTest" classname="homeTest.HomePageTest" time="4.006">
    <system-err><![CDATA[Starting ChromeDriver 85.0.4183.87 (cd6713ebf92fa1cacc0f1a598df280093af0c5d7-refs/branch-heads/4183@{#1689}) on port 21283
Only local connections are allowed.
Please see https://chromedriver.chromium.org/security-considerations for suggestions on keeping ChromeDriver safe.
ChromeDriver was started successfully.
Sep 26, 2020 2:05:32 PM org.openqa.selenium.remote.ProtocolHandshake createSession
INFO: Detected dialect: W3C
]]></system-err>
  </testcase>
  <testcase name="setWorkerCompensationInsuranceValidationTest" classname="homeTest.HomePageTest" time="3.98">
    <system-err><![CDATA[Starting ChromeDriver 85.0.4183.87 (cd6713ebf92fa1cacc0f1a598df280093af0c5d7-refs/branch-heads/4183@{#1689}) on port 40845
Only local connections are allowed.
Please see https://chromedriver.chromium.org/security-considerations for suggestions on keeping ChromeDriver safe.
ChromeDriver was started successfully.
Sep 26, 2020 2:05:38 PM org.openqa.selenium.remote.ProtocolHandshake createSession
INFO: Detected dialect: W3C
]]></system-err>
  </testcase>
  <testcase name="TestContactUs" classname="searchTest.SearchPageTest" time="0.634">
    <system-out><![CDATA[Contact Us
]]></system-out>
    <system-err><![CDATA[Starting ChromeDriver 85.0.4183.87 (cd6713ebf92fa1cacc0f1a598df280093af0c5d7-refs/branch-heads/4183@{#1689}) on port 38574
Only local connections are allowed.
Please see https://chromedriver.chromium.org/security-considerations for suggestions on keeping ChromeDriver safe.
ChromeDriver was started successfully.
Sep 26, 2020 2:05:44 PM org.openqa.selenium.remote.ProtocolHandshake createSession
INFO: Detected dialect: W3C
]]></system-err>
  </testcase>
  <testcase name="testAccessStat" classname="searchTest.SearchPageTest" time="0.49">
    <system-err><![CDATA[Starting ChromeDriver 85.0.4183.87 (cd6713ebf92fa1cacc0f1a598df280093af0c5d7-refs/branch-heads/4183@{#1689}) on port 41711
Only local connections are allowed.
Please see https://chromedriver.chromium.org/security-considerations for suggestions on keeping ChromeDriver safe.
ChromeDriver was started successfully.
Sep 26, 2020 2:05:47 PM org.openqa.selenium.remote.ProtocolHandshake createSession
INFO: Detected dialect: W3C
]]></system-err>
  </testcase>
  <testcase name="testAgentAndProducers" classname="searchTest.SearchPageTest" time="0.81">
    <system-out><![CDATA[Agents & Producers
]]></system-out>
    <system-err><![CDATA[Starting ChromeDriver 85.0.4183.87 (cd6713ebf92fa1cacc0f1a598df280093af0c5d7-refs/branch-heads/4183@{#1689}) on port 43019
Only local connections are allowed.
Please see https://chromedriver.chromium.org/security-considerations for suggestions on keeping ChromeDriver safe.
ChromeDriver was started successfully.
Sep 26, 2020 2:05:49 PM org.openqa.selenium.remote.ProtocolHandshake createSession
INFO: Detected dialect: W3C
]]></system-err>
  </testcase>
  <testcase name="testFeedBack" classname="searchTest.SearchPageTest" time="1.368">
    <system-err><![CDATA[Starting ChromeDriver 85.0.4183.87 (cd6713ebf92fa1cacc0f1a598df280093af0c5d7-refs/branch-heads/4183@{#1689}) on port 4537
Only local connections are allowed.
Please see https://chromedriver.chromium.org/security-considerations for suggestions on keeping ChromeDriver safe.
ChromeDriver was started successfully.
Sep 26, 2020 2:05:52 PM org.openqa.selenium.remote.ProtocolHandshake createSession
INFO: Detected dialect: W3C
]]></system-err>
  </testcase>
  <testcase name="testFindAnAgentButton" classname="searchTest.SearchPageTest" time="3.868">
    <system-out><![CDATA[Auto & Homeowners Agency Locator
]]></system-out>
    <system-err><![CDATA[Starting ChromeDriver 85.0.4183.87 (cd6713ebf92fa1cacc0f1a598df280093af0c5d7-refs/branch-heads/4183@{#1689}) on port 32182
Only local connections are allowed.
Please see https://chromedriver.chromium.org/security-considerations for suggestions on keeping ChromeDriver safe.
ChromeDriver was started successfully.
Sep 26, 2020 2:05:55 PM org.openqa.selenium.remote.ProtocolHandshake createSession
INFO: Detected dialect: W3C
]]></system-err>
  </testcase>
  <testcase name="testHomeInsurance" classname="searchTest.SearchPageTest" time="0.48">
    <system-err><![CDATA[Starting ChromeDriver 85.0.4183.87 (cd6713ebf92fa1cacc0f1a598df280093af0c5d7-refs/branch-heads/4183@{#1689}) on port 41008
Only local connections are allowed.
Please see https://chromedriver.chromium.org/security-considerations for suggestions on keeping ChromeDriver safe.
ChromeDriver was started successfully.
Sep 26, 2020 2:06:02 PM org.openqa.selenium.remote.ProtocolHandshake createSession
INFO: Detected dialect: W3C
]]></system-err>
  </testcase>
  <testcase name="testLegalNotice" classname="searchTest.SearchPageTest" time="0.361">
    <system-err><![CDATA[Starting ChromeDriver 85.0.4183.87 (cd6713ebf92fa1cacc0f1a598df280093af0c5d7-refs/branch-heads/4183@{#1689}) on port 42253
Only local connections are allowed.
Please see https://chromedriver.chromium.org/security-considerations for suggestions on keeping ChromeDriver safe.
ChromeDriver was started successfully.
Sep 26, 2020 2:06:04 PM org.openqa.selenium.remote.ProtocolHandshake createSession
INFO: Detected dialect: W3C
]]></system-err>
  </testcase>
  <testcase name="testMobileApp" classname="searchTest.SearchPageTest" time="4.072">
    <system-out><![CDATA[https://www.thehartford.com/mobile-tools
]]></system-out>
    <system-err><![CDATA[Starting ChromeDriver 85.0.4183.87 (cd6713ebf92fa1cacc0f1a598df280093af0c5d7-refs/branch-heads/4183@{#1689}) on port 16047
Only local connections are allowed.
Please see https://chromedriver.chromium.org/security-considerations for suggestions on keeping ChromeDriver safe.
ChromeDriver was started successfully.
Sep 26, 2020 2:06:06 PM org.openqa.selenium.remote.ProtocolHandshake createSession
INFO: Detected dialect: W3C
]]></system-err>
  </testcase>
  <testcase name="testPrivacyPolicy" classname="searchTest.SearchPageTest" time="4.436">
    <system-err><![CDATA[Starting ChromeDriver 85.0.4183.87 (cd6713ebf92fa1cacc0f1a598df280093af0c5d7-refs/branch-heads/4183@{#1689}) on port 40307
Only local connections are allowed.
Please see https://chromedriver.chromium.org/security-considerations for suggestions on keeping ChromeDriver safe.
ChromeDriver was started successfully.
Sep 26, 2020 2:06:13 PM org.openqa.selenium.remote.ProtocolHandshake createSession
INFO: Detected dialect: W3C
]]></system-err>
  </testcase>
  <testcase name="testProdCompensation" classname="searchTest.SearchPageTest" time="3.665">
    <system-err><![CDATA[Starting ChromeDriver 85.0.4183.87 (cd6713ebf92fa1cacc0f1a598df280093af0c5d7-refs/branch-heads/4183@{#1689}) on port 21710
Only local connections are allowed.
Please see https://chromedriver.chromium.org/security-considerations for suggestions on keeping ChromeDriver safe.
ChromeDriver was started successfully.
Sep 26, 2020 2:06:19 PM org.openqa.selenium.remote.ProtocolHandshake createSession
INFO: Detected dialect: W3C
]]></system-err>
  </testcase>
  <testcase name="testReportClaim" classname="searchTest.SearchPageTest" time="0.682">
    <system-out><![CDATA[Claims
]]></system-out>
    <system-err><![CDATA[Starting ChromeDriver 85.0.4183.87 (cd6713ebf92fa1cacc0f1a598df280093af0c5d7-refs/branch-heads/4183@{#1689}) on port 3570
Only local connections are allowed.
Please see https://chromedriver.chromium.org/security-considerations for suggestions on keeping ChromeDriver safe.
ChromeDriver was started successfully.
Sep 26, 2020 2:06:24 PM org.openqa.selenium.remote.ProtocolHandshake createSession
INFO: Detected dialect: W3C
]]></system-err>
  </testcase>
  <testcase name="testSmallBiz" classname="searchTest.SearchPageTest" time="0.346">
    <system-out><![CDATA[https://www.thehartford.com/
]]></system-out>
    <system-err><![CDATA[Starting ChromeDriver 85.0.4183.87 (cd6713ebf92fa1cacc0f1a598df280093af0c5d7-refs/branch-heads/4183@{#1689}) on port 28037
Only local connections are allowed.
Please see https://chromedriver.chromium.org/security-considerations for suggestions on keeping ChromeDriver safe.
ChromeDriver was started successfully.
Sep 26, 2020 2:06:27 PM org.openqa.selenium.remote.ProtocolHandshake createSession
INFO: Detected dialect: W3C
]]></system-err>
  </testcase>
</testsuite>