<?xml version="1.0" encoding="UTF-8"?>
<!-- Generated by org.testng.reporters.JUnitReportReporter -->
<testsuite hostname="Waqas" failures="0" tests="2" name="home.HomePageTest" time="18.605" errors="0" timestamp="2020-09-01T22:50:41 EDT" skipped="0">
  <testcase classname="home.HomePageTest" name="testClickOnSmallBusiness" time="9.236"/>
  <system-out/>
  <testcase classname="home.HomePageTest" name="testClickOnPersonal" time="9.369"/>
  <system-out/>
</testsuite> <!-- home.HomePageTest -->
