<?xml version="1.0" encoding="UTF-8"?>
<!-- Generated by org.testng.reporters.JUnitReportReporter -->
<testsuite hostname="Waqas" failures="0" tests="1" name="home.HomePageTest" time="31.563" errors="0" timestamp="2020-09-02T01:12:41 EDT" skipped="0">
  <testcase classname="home.HomePageTest" name="testClickOnPersonal" time="31.563"/>
  <system-out/>
</testsuite> <!-- home.HomePageTest -->
