<?xml version="1.0" encoding="UTF-8"?>
<!-- Generated by org.testng.reporters.JUnitReportReporter -->
<testsuite hostname="MacBook-Pro-2.home" failures="0" tests="5" name="homeTest.HomeTest" time="71.126" errors="0" timestamp="2020-09-26T14:08:45 EDT" skipped="0">
  <testcase classname="homeTest.HomeTest" name="setSecurityTest" time="6.446"/>
  <system-out/>
  <testcase classname="homeTest.HomeTest" name="setSmallBusinessTest" time="22.968"/>
  <system-out/>
  <testcase classname="homeTest.HomeTest" name="setBusinessesInstitutionsTest" time="6.887"/>
  <system-out/>
  <testcase classname="homeTest.HomeTest" name="setWealthManagementTest" time="21.523"/>
  <system-out/>
  <testcase classname="homeTest.HomeTest" name="setPersonalButtonTest" time="13.302"/>
  <system-out/>
</testsuite> <!-- homeTest.HomeTest -->
