<?xml version="1.0" encoding="UTF-8"?>
<!-- Generated by org.testng.reporters.JUnitReportReporter -->
<testsuite hostname="MacBook-Pro-2.home" failures="0" tests="5" name="homeTest.HomeTest" time="57.708" errors="0" timestamp="2020-09-25T20:43:30 EDT" skipped="0">
  <testcase classname="homeTest.HomeTest" name="setSecurityTest" time="7.907"/>
  <system-out/>
  <testcase classname="homeTest.HomeTest" name="setSmallBusinessTest" time="18.596"/>
  <system-out/>
  <testcase classname="homeTest.HomeTest" name="setBusinessesInstitutionsTest" time="7.416"/>
  <system-out/>
  <testcase classname="homeTest.HomeTest" name="setWealthManagementTest" time="9.771"/>
  <system-out/>
  <testcase classname="homeTest.HomeTest" name="setPersonalButtonTest" time="14.018"/>
  <system-out/>
</testsuite> <!-- homeTest.HomeTest -->
