<?xml version="1.0" encoding="UTF-8"?>
<!-- Generated by org.testng.reporters.JUnitReportReporter -->
<testsuite hostname="Waqas" failures="0" tests="1" name="home.HomePageTest" time="10.708" errors="0" timestamp="2020-09-01T23:10:54 EDT" skipped="0">
  <testcase classname="home.HomePageTest" name="testClickOnPersonal" time="10.708"/>
  <system-out/>
</testsuite> <!-- home.HomePageTest -->
