<?xml version="1.0" encoding="UTF-8"?>
<!-- Generated by org.testng.reporters.JUnitReportReporter -->
<testsuite hostname="MacBook-Pro-2.home" failures="0" tests="5" name="homeTest.HomeTest" time="62.467" errors="0" timestamp="2020-09-26T01:51:06 EDT" skipped="0">
  <testcase classname="homeTest.HomeTest" name="setSecurityTest" time="6.723"/>
  <system-out/>
  <testcase classname="homeTest.HomeTest" name="setSmallBusinessTest" time="17.687"/>
  <system-out/>
  <testcase classname="homeTest.HomeTest" name="setBusinessesInstitutionsTest" time="6.603"/>
  <system-out/>
  <testcase classname="homeTest.HomeTest" name="setWealthManagementTest" time="18.546"/>
  <system-out/>
  <testcase classname="homeTest.HomeTest" name="setPersonalButtonTest" time="12.908"/>
  <system-out/>
</testsuite> <!-- homeTest.HomeTest -->
