<?xml version="1.0" encoding="UTF-8"?>
<!-- Generated by org.testng.reporters.JUnitReportReporter -->
<testsuite hostname="Waqas" failures="0" tests="2" name="home.HomePageTest" time="17.033" errors="0" timestamp="2020-09-01T23:00:11 EDT" skipped="0">
  <testcase classname="home.HomePageTest" name="testClickOnSmallBusiness" time="8.855"/>
  <system-out/>
  <testcase classname="home.HomePageTest" name="testClickOnPersonal" time="8.178"/>
  <system-out/>
</testsuite> <!-- home.HomePageTest -->
