<?xml version="1.0" encoding="UTF-8"?>
<!-- Generated by org.testng.reporters.JUnitReportReporter -->
<testsuite hostname="DESKTOP-F75O7MS" failures="0" tests="1" name="home.HomeTest" time="15.077" errors="0" timestamp="2020-09-03T03:43:02 EDT" skipped="0">
  <testcase classname="home.HomeTest" name="testVerifyClickChecking" time="15.077"/>
  <system-out/>
</testsuite> <!-- home.HomeTest -->
