<?xml version="1.0" encoding="UTF-8"?>
<!-- Generated by org.testng.reporters.JUnitReportReporter -->
<testsuite hostname="Waqas" failures="0" tests="1" name="search.SearchTest" time="16.397" errors="0" timestamp="2020-09-04T22:47:00 EDT" skipped="0">
  <testcase classname="search.SearchTest" name="testSearchBox" time="16.397"/>
  <system-out/>
</testsuite> <!-- search.SearchTest -->
