<?xml version="1.0" encoding="UTF-8"?>
<!-- Generated by org.testng.reporters.JUnitReportReporter -->
<testsuite hostname="LAPTOP-9UNDGRQ2" failures="0" tests="2" name="testHome.HomePageTest" time="25.703" errors="0" timestamp="2020-09-04T02:22:34 EDT" skipped="0">
  <testcase classname="testHome.HomePageTest" name="testValidateNavigateToAccessibleTravelServices" time="11.829"/>
  <system-out/>
  <testcase classname="testHome.HomePageTest" name="testValidateNavigateToSpecialCircumstances" time="13.874"/>
  <system-out/>
</testsuite> <!-- testHome.HomePageTest -->
