<?xml version="1.0" encoding="UTF-8"?>
<!-- Generated by org.testng.reporters.JUnitReportReporter -->
<testsuite hostname="Waqas" failures="0" tests="2" name="home.HomePageTest" time="27.822" errors="0" timestamp="2020-09-05T21:58:33 EDT" skipped="1">
  <testcase classname="home.HomePageTest" name="testFlightStatus" time="27.822"/>
  <system-out/>
  <testcase classname="home.HomePageTest" name="testClickOnVaccationDeals">
    <skipped/>
  </testcase> <!-- testClickOnVaccationDeals -->
  <system-out/>
</testsuite> <!-- home.HomePageTest -->
