<?xml version="1.0" encoding="UTF-8"?>
<!-- Generated by org.testng.reporters.JUnitReportReporter -->
<testsuite hostname="MacBook-Pro-2.home" failures="0" tests="6" name="homeTest.HomePageRamTest" time="44.093" errors="0" timestamp="2020-09-26T01:53:09 EDT" skipped="0">
  <testcase classname="homeTest.HomePageRamTest" name="testCheckMyTrip" time="3.384"/>
  <system-out/>
  <testcase classname="homeTest.HomePageRamTest" name="testSearchBoxCheck" time="8.612"/>
  <system-out>
HomePageRamTest: test Search Box Check  </system-out>
  <testcase classname="homeTest.HomePageRamTest" name="testCheckCheckIn" time="3.145"/>
  <system-out/>
  <testcase classname="homeTest.HomePageRamTest" name="testCheckBooking" time="3.926"/>
  <system-out/>
  <testcase classname="homeTest.HomePageRamTest" name="testSearchBoxCheckUsingClassValues" time="21.672"/>
  <system-out>
HomePageRamTest: test Search Box Check Using Class Values  </system-out>
  <testcase classname="homeTest.HomePageRamTest" name="testCheckFlightStatus" time="3.354"/>
  <system-out/>
</testsuite> <!-- homeTest.HomePageRamTest -->
