<?xml version="1.0" encoding="UTF-8"?>
<!-- Generated by org.testng.reporters.JUnitReportReporter -->
<testsuite hostname="LAPTOP-9UNDGRQ2" failures="0" tests="8" name="testHome.HomePageTest" time="80.651" errors="0" timestamp="2020-09-01T02:21:58 EDT" skipped="0">
  <testcase classname="testHome.HomePageTest" name="testVerifyBaggageTitle" time="10.818"/>
  <system-out/>
  <testcase classname="testHome.HomePageTest" name="testVerifySignUpCheck" time="9.995"/>
  <system-out/>
  <testcase classname="testHome.HomePageTest" name="testVerifyclickFlightStatus" time="10.922"/>
  <system-out/>
  <testcase classname="testHome.HomePageTest" name="testVerifyClickBook" time="10.059"/>
  <system-out/>
  <testcase classname="testHome.HomePageTest" name="testCLickVerifyFlightDeals" time="9.901"/>
  <system-out/>
  <testcase classname="testHome.HomePageTest" name="testClickDestination" time="8.592"/>
  <system-out/>
  <testcase classname="testHome.HomePageTest" name="testFlightProtection" time="7.942"/>
  <system-out/>
  <testcase classname="testHome.HomePageTest" name="testVerifyClickLogin" time="12.422"/>
  <system-out/>
</testsuite> <!-- testHome.HomePageTest -->
