<?xml version="1.0" encoding="UTF-8"?>
<!-- Generated by org.testng.reporters.JUnitReportReporter -->
<testsuite hostname="Waqas" failures="0" tests="2" name="home.HomePageTest" time="32.427" errors="0" timestamp="2020-09-06T00:13:26 EDT" skipped="1">
  <testcase classname="home.HomePageTest" name="testClickCheckIn" time="32.427"/>
  <system-out/>
  <testcase classname="home.HomePageTest" name="testClickOnVaccationDeals">
    <skipped/>
  </testcase> <!-- testClickOnVaccationDeals -->
  <system-out/>
</testsuite> <!-- home.HomePageTest -->
