<?xml version="1.0" encoding="UTF-8"?>
<!-- Generated by org.testng.reporters.JUnitReportReporter -->
<testsuite hostname="Farjanas-Air" failures="0" tests="10" name="home.DeltaHomePageTest" time="152.831" errors="0" timestamp="2020-09-26T02:34:11 EDT" skipped="0">
  <testcase classname="home.DeltaHomePageTest" name="testAndValidateTravleInfoDropDownTab" time="7.695"/>
  <system-out/>
  <testcase classname="home.DeltaHomePageTest" name="testAndValidateNumberOfPassangers" time="10.405"/>
  <system-out/>
  <testcase classname="home.DeltaHomePageTest" name="testAndValidateSkyMilesDropDownTab" time="13.279"/>
  <system-out/>
  <testcase classname="home.DeltaHomePageTest" name="testAndValidateHomepageCheckBoxes" time="11.613"/>
  <system-out/>
  <testcase classname="home.DeltaHomePageTest" name="testAndValidateFromTab" time="14.328"/>
  <system-out/>
  <testcase classname="home.DeltaHomePageTest" name="testAndValidateAllStepsOfBooking" time="44.689"/>
  <system-out/>
  <testcase classname="home.DeltaHomePageTest" name="testAndValidateTripWay" time="8.220"/>
  <system-out/>
  <testcase classname="home.DeltaHomePageTest" name="testAndValidateToTab" time="10.767"/>
  <system-out/>
  <testcase classname="home.DeltaHomePageTest" name="testAndValidateCalendar" time="21.256"/>
  <system-out/>
  <testcase classname="home.DeltaHomePageTest" name="testAndValidateNeedHelpDropDownTab" time="10.579"/>
  <system-out/>
</testsuite> <!-- home.DeltaHomePageTest -->
