<?xml version="1.0" encoding="UTF-8"?>
<!-- Generated by org.testng.reporters.JUnitReportReporter -->
<testsuite hostname="Waqas" failures="0" tests="1" name="home.HomePageTest" time="8.227" errors="0" timestamp="2020-09-05T23:26:06 EDT" skipped="0">
  <testcase classname="home.HomePageTest" name="testClickOnVaccationDeals" time="8.227"/>
  <system-out/>
</testsuite> <!-- home.HomePageTest -->
