<?xml version="1.0" encoding="UTF-8"?>
<!-- Generated by org.testng.reporters.JUnitReportReporter -->
<testsuite hostname="Waqas" failures="0" tests="5" name="home.HomePageTest" time="187.890" errors="0" timestamp="2020-09-26T04:01:16 EDT" skipped="2">
  <testcase classname="home.HomePageTest" name="testClickCheckIn" time="63.502"/>
  <system-out>
HomePageTest: test Click Check In  </system-out>
  <testcase classname="home.HomePageTest" name="testFlightStatus" time="62.433"/>
  <system-out>
HomePageTest: test Flight Status  </system-out>
  <testcase classname="home.HomePageTest" name="testClickOnBook" time="61.955"/>
  <system-out>
HomePageTest: test Click On Book  </system-out>
  <testcase classname="home.HomePageTest" name="testMyTrips">
    <skipped/>
  </testcase> <!-- testMyTrips -->
  <system-out/>
  <testcase classname="home.HomePageTest" name="testClickOnVaccationDeals">
    <skipped/>
  </testcase> <!-- testClickOnVaccationDeals -->
  <system-out/>
</testsuite> <!-- home.HomePageTest -->
