<?xml version="1.0" encoding="UTF-8"?>
<!-- Generated by org.testng.reporters.JUnitReportReporter -->
<testsuite hostname="MacBook-Pro-2.home" failures="0" tests="6" name="homeTest.HomePageRamTest" time="42.239" errors="0" timestamp="2020-09-25T20:44:15 EDT" skipped="0">
  <testcase classname="homeTest.HomePageRamTest" name="testCheckMyTrip" time="3.517"/>
  <system-out/>
  <testcase classname="homeTest.HomePageRamTest" name="testSearchBoxCheck" time="8.572"/>
  <system-out>
HomePageRamTest: test Search Box Check  </system-out>
  <testcase classname="homeTest.HomePageRamTest" name="testCheckCheckIn" time="3.896"/>
  <system-out/>
  <testcase classname="homeTest.HomePageRamTest" name="testCheckBooking" time="3.937"/>
  <system-out/>
  <testcase classname="homeTest.HomePageRamTest" name="testSearchBoxCheckUsingClassValues" time="18.704"/>
  <system-out>
HomePageRamTest: test Search Box Check Using Class Values  </system-out>
  <testcase classname="homeTest.HomePageRamTest" name="testCheckFlightStatus" time="3.613"/>
  <system-out/>
</testsuite> <!-- homeTest.HomePageRamTest -->
