<?xml version="1.0" encoding="UTF-8"?>
<!-- Generated by org.testng.reporters.JUnitReportReporter -->
<testsuite hostname="Waqas" failures="0" tests="1" name="home.HomePageTest" time="28.276" errors="0" timestamp="2020-09-05T22:12:32 EDT" skipped="0">
  <testcase classname="home.HomePageTest" name="testFlightStatus" time="28.276"/>
  <system-out/>
</testsuite> <!-- home.HomePageTest -->
